[2023-05-12T00:00:09.550+0000] {processor.py:156} INFO - Started process (PID=584) to work on /opt/airflow/dags/Trial_1.py
[2023-05-12T00:00:09.551+0000] {processor.py:799} INFO - Processing file /opt/airflow/dags/Trial_1.py for tasks to queue
[2023-05-12T00:00:09.552+0000] {logging_mixin.py:149} INFO - [2023-05-12T00:00:09.551+0000] {dagbag.py:541} INFO - Filling up the DagBag from /opt/airflow/dags/Trial_1.py
[2023-05-12T00:00:09.607+0000] {processor.py:809} INFO - DAG(s) dict_keys(['Data_Pipline_V1']) retrieved from /opt/airflow/dags/Trial_1.py
[2023-05-12T00:00:09.662+0000] {logging_mixin.py:149} INFO - [2023-05-12T00:00:09.661+0000] {taskinstance.py:1849} ERROR - {'DAG Id': 'Data_Pipline_V1', 'Task Id': 'Machine_learning_model', 'Run Id': 'manual__2023-05-11T23:53:24.918800+00:00', 'Hostname': '89977a816161'}
[2023-05-12T00:00:09.697+0000] {logging_mixin.py:149} INFO - [2023-05-12T00:00:09.697+0000] {taskinstance.py:1373} INFO - Marking task as UP_FOR_RETRY. dag_id=Data_Pipline_V1, task_id=Machine_learning_model, execution_date=20230511T235324, start_date=20230511T235858, end_date=20230512T000009
[2023-05-12T00:00:09.716+0000] {processor.py:760} INFO - Executed failure callback for <TaskInstance: Data_Pipline_V1.Machine_learning_model manual__2023-05-11T23:53:24.918800+00:00 [up_for_retry]> in state up_for_retry
[2023-05-12T00:00:09.753+0000] {logging_mixin.py:149} INFO - [2023-05-12T00:00:09.752+0000] {dag.py:2726} INFO - Sync 1 DAGs
[2023-05-12T00:00:09.772+0000] {logging_mixin.py:149} INFO - [2023-05-12T00:00:09.772+0000] {dag.py:3490} INFO - Setting next_dagrun for Data_Pipline_V1 to 2023-05-12T00:00:00+00:00, run_after=2023-05-13T00:00:00+00:00
[2023-05-12T00:00:09.790+0000] {processor.py:178} INFO - Processing /opt/airflow/dags/Trial_1.py took 0.243 seconds
[2023-05-12T00:00:40.077+0000] {processor.py:156} INFO - Started process (PID=602) to work on /opt/airflow/dags/Trial_1.py
[2023-05-12T00:00:40.088+0000] {processor.py:799} INFO - Processing file /opt/airflow/dags/Trial_1.py for tasks to queue
[2023-05-12T00:00:40.097+0000] {logging_mixin.py:149} INFO - [2023-05-12T00:00:40.096+0000] {dagbag.py:541} INFO - Filling up the DagBag from /opt/airflow/dags/Trial_1.py
[2023-05-12T00:00:40.561+0000] {processor.py:809} INFO - DAG(s) dict_keys(['Data_Pipline_V1']) retrieved from /opt/airflow/dags/Trial_1.py
[2023-05-12T00:00:40.792+0000] {logging_mixin.py:149} INFO - [2023-05-12T00:00:40.791+0000] {taskinstance.py:1849} ERROR - {'DAG Id': 'Data_Pipline_V1', 'Task Id': 'feature_engineering', 'Run Id': 'scheduled__2023-05-11T00:00:00+00:00', 'Hostname': '89977a816161'}
[2023-05-12T00:00:40.870+0000] {logging_mixin.py:149} INFO - [2023-05-12T00:00:40.870+0000] {taskinstance.py:1373} INFO - Marking task as UP_FOR_RETRY. dag_id=Data_Pipline_V1, task_id=feature_engineering, execution_date=20230511T000000, start_date=20230512T000004, end_date=20230512T000040
[2023-05-12T00:00:40.914+0000] {processor.py:760} INFO - Executed failure callback for <TaskInstance: Data_Pipline_V1.feature_engineering scheduled__2023-05-11T00:00:00+00:00 [up_for_retry]> in state up_for_retry
[2023-05-12T00:00:41.086+0000] {logging_mixin.py:149} INFO - [2023-05-12T00:00:41.086+0000] {dag.py:2726} INFO - Sync 1 DAGs
[2023-05-12T00:00:41.132+0000] {logging_mixin.py:149} INFO - [2023-05-12T00:00:41.132+0000] {dag.py:3490} INFO - Setting next_dagrun for Data_Pipline_V1 to 2023-05-12T00:00:00+00:00, run_after=2023-05-13T00:00:00+00:00
[2023-05-12T00:00:41.164+0000] {processor.py:178} INFO - Processing /opt/airflow/dags/Trial_1.py took 1.162 seconds
[2023-05-12T00:01:11.351+0000] {processor.py:156} INFO - Started process (PID=619) to work on /opt/airflow/dags/Trial_1.py
[2023-05-12T00:01:11.353+0000] {processor.py:799} INFO - Processing file /opt/airflow/dags/Trial_1.py for tasks to queue
[2023-05-12T00:01:11.354+0000] {logging_mixin.py:149} INFO - [2023-05-12T00:01:11.354+0000] {dagbag.py:541} INFO - Filling up the DagBag from /opt/airflow/dags/Trial_1.py
[2023-05-12T00:01:11.388+0000] {processor.py:809} INFO - DAG(s) dict_keys(['Data_Pipline_V1']) retrieved from /opt/airflow/dags/Trial_1.py
[2023-05-12T00:01:11.416+0000] {logging_mixin.py:149} INFO - [2023-05-12T00:01:11.416+0000] {dag.py:2726} INFO - Sync 1 DAGs
[2023-05-12T00:01:11.440+0000] {logging_mixin.py:149} INFO - [2023-05-12T00:01:11.440+0000] {dag.py:3490} INFO - Setting next_dagrun for Data_Pipline_V1 to 2023-05-12T00:00:00+00:00, run_after=2023-05-13T00:00:00+00:00
[2023-05-12T00:01:11.460+0000] {processor.py:178} INFO - Processing /opt/airflow/dags/Trial_1.py took 0.112 seconds
[2023-05-12T00:01:16.411+0000] {processor.py:156} INFO - Started process (PID=631) to work on /opt/airflow/dags/Trial_1.py
[2023-05-12T00:01:16.412+0000] {processor.py:799} INFO - Processing file /opt/airflow/dags/Trial_1.py for tasks to queue
[2023-05-12T00:01:16.412+0000] {logging_mixin.py:149} INFO - [2023-05-12T00:01:16.412+0000] {dagbag.py:541} INFO - Filling up the DagBag from /opt/airflow/dags/Trial_1.py
[2023-05-12T00:01:16.451+0000] {processor.py:809} INFO - DAG(s) dict_keys(['Data_Pipline_V01']) retrieved from /opt/airflow/dags/Trial_1.py
[2023-05-12T00:01:16.767+0000] {logging_mixin.py:149} INFO - [2023-05-12T00:01:16.767+0000] {manager.py:504} INFO - Created Permission View: can delete on DAG:Data_Pipline_V01
[2023-05-12T00:01:16.776+0000] {logging_mixin.py:149} INFO - [2023-05-12T00:01:16.776+0000] {manager.py:504} INFO - Created Permission View: can read on DAG:Data_Pipline_V01
[2023-05-12T00:01:16.782+0000] {logging_mixin.py:149} INFO - [2023-05-12T00:01:16.782+0000] {manager.py:504} INFO - Created Permission View: can edit on DAG:Data_Pipline_V01
[2023-05-12T00:01:16.783+0000] {logging_mixin.py:149} INFO - [2023-05-12T00:01:16.783+0000] {dag.py:2726} INFO - Sync 1 DAGs
[2023-05-12T00:01:16.797+0000] {logging_mixin.py:149} INFO - [2023-05-12T00:01:16.797+0000] {dag.py:2747} INFO - Creating ORM DAG for Data_Pipline_V01
[2023-05-12T00:01:16.810+0000] {logging_mixin.py:149} INFO - [2023-05-12T00:01:16.810+0000] {dag.py:3490} INFO - Setting next_dagrun for Data_Pipline_V01 to 2023-05-11T00:00:00+00:00, run_after=2023-05-12T00:00:00+00:00
[2023-05-12T00:01:16.831+0000] {processor.py:178} INFO - Processing /opt/airflow/dags/Trial_1.py took 0.423 seconds
[2023-05-12T00:01:47.027+0000] {processor.py:156} INFO - Started process (PID=668) to work on /opt/airflow/dags/Trial_1.py
[2023-05-12T00:01:47.028+0000] {processor.py:799} INFO - Processing file /opt/airflow/dags/Trial_1.py for tasks to queue
[2023-05-12T00:01:47.029+0000] {logging_mixin.py:149} INFO - [2023-05-12T00:01:47.029+0000] {dagbag.py:541} INFO - Filling up the DagBag from /opt/airflow/dags/Trial_1.py
[2023-05-12T00:01:47.088+0000] {processor.py:809} INFO - DAG(s) dict_keys(['Data_Pipline_V01']) retrieved from /opt/airflow/dags/Trial_1.py
[2023-05-12T00:01:47.143+0000] {logging_mixin.py:149} INFO - [2023-05-12T00:01:47.142+0000] {dag.py:2726} INFO - Sync 1 DAGs
[2023-05-12T00:01:47.189+0000] {logging_mixin.py:149} INFO - [2023-05-12T00:01:47.188+0000] {dag.py:3490} INFO - Setting next_dagrun for Data_Pipline_V01 to 2023-05-12T00:00:00+00:00, run_after=2023-05-13T00:00:00+00:00
[2023-05-12T00:01:47.218+0000] {processor.py:178} INFO - Processing /opt/airflow/dags/Trial_1.py took 0.195 seconds
[2023-05-12T00:01:50.154+0000] {processor.py:156} INFO - Started process (PID=673) to work on /opt/airflow/dags/Trial_1.py
[2023-05-12T00:01:50.155+0000] {processor.py:799} INFO - Processing file /opt/airflow/dags/Trial_1.py for tasks to queue
[2023-05-12T00:01:50.156+0000] {logging_mixin.py:149} INFO - [2023-05-12T00:01:50.156+0000] {dagbag.py:541} INFO - Filling up the DagBag from /opt/airflow/dags/Trial_1.py
[2023-05-12T00:01:50.187+0000] {processor.py:809} INFO - DAG(s) dict_keys(['Data_Pipline_V01']) retrieved from /opt/airflow/dags/Trial_1.py
[2023-05-12T00:01:50.248+0000] {logging_mixin.py:149} INFO - [2023-05-12T00:01:50.248+0000] {taskinstance.py:1849} ERROR - {'DAG Id': 'Data_Pipline_V01', 'Task Id': 'Machine_learning_model', 'Run Id': 'manual__2023-05-12T00:01:24.988687+00:00', 'Hostname': '89977a816161'}
[2023-05-12T00:01:50.279+0000] {logging_mixin.py:149} INFO - [2023-05-12T00:01:50.279+0000] {taskinstance.py:1373} INFO - Marking task as UP_FOR_RETRY. dag_id=Data_Pipline_V01, task_id=Machine_learning_model, execution_date=20230512T000124, start_date=20230512T000128, end_date=20230512T000150
[2023-05-12T00:01:50.299+0000] {processor.py:760} INFO - Executed failure callback for <TaskInstance: Data_Pipline_V01.Machine_learning_model manual__2023-05-12T00:01:24.988687+00:00 [up_for_retry]> in state up_for_retry
[2023-05-12T00:01:50.325+0000] {logging_mixin.py:149} INFO - [2023-05-12T00:01:50.324+0000] {dag.py:2726} INFO - Sync 1 DAGs
[2023-05-12T00:01:50.349+0000] {logging_mixin.py:149} INFO - [2023-05-12T00:01:50.349+0000] {dag.py:3490} INFO - Setting next_dagrun for Data_Pipline_V01 to 2023-05-12T00:00:00+00:00, run_after=2023-05-13T00:00:00+00:00
[2023-05-12T00:01:50.367+0000] {processor.py:178} INFO - Processing /opt/airflow/dags/Trial_1.py took 0.216 seconds
[2023-05-12T00:02:21.302+0000] {processor.py:156} INFO - Started process (PID=690) to work on /opt/airflow/dags/Trial_1.py
[2023-05-12T00:02:21.303+0000] {processor.py:799} INFO - Processing file /opt/airflow/dags/Trial_1.py for tasks to queue
[2023-05-12T00:02:21.304+0000] {logging_mixin.py:149} INFO - [2023-05-12T00:02:21.304+0000] {dagbag.py:541} INFO - Filling up the DagBag from /opt/airflow/dags/Trial_1.py
[2023-05-12T00:02:21.334+0000] {processor.py:809} INFO - DAG(s) dict_keys(['Data_Pipline_V01']) retrieved from /opt/airflow/dags/Trial_1.py
[2023-05-12T00:02:21.411+0000] {logging_mixin.py:149} INFO - [2023-05-12T00:02:21.411+0000] {dag.py:2726} INFO - Sync 1 DAGs
[2023-05-12T00:02:21.434+0000] {logging_mixin.py:149} INFO - [2023-05-12T00:02:21.434+0000] {dag.py:3490} INFO - Setting next_dagrun for Data_Pipline_V01 to 2023-05-12T00:00:00+00:00, run_after=2023-05-13T00:00:00+00:00
[2023-05-12T00:02:21.452+0000] {processor.py:178} INFO - Processing /opt/airflow/dags/Trial_1.py took 0.153 seconds
[2023-05-12T00:07:15.380+0000] {processor.py:156} INFO - Started process (PID=174) to work on /opt/airflow/dags/Trial_1.py
[2023-05-12T00:07:15.381+0000] {processor.py:799} INFO - Processing file /opt/airflow/dags/Trial_1.py for tasks to queue
[2023-05-12T00:07:15.382+0000] {logging_mixin.py:149} INFO - [2023-05-12T00:07:15.382+0000] {dagbag.py:541} INFO - Filling up the DagBag from /opt/airflow/dags/Trial_1.py
[2023-05-12T00:07:15.417+0000] {processor.py:809} INFO - DAG(s) dict_keys(['Data_Pipline_V01']) retrieved from /opt/airflow/dags/Trial_1.py
[2023-05-12T00:07:15.487+0000] {logging_mixin.py:149} INFO - [2023-05-12T00:07:15.487+0000] {dag.py:2726} INFO - Sync 1 DAGs
[2023-05-12T00:07:15.507+0000] {logging_mixin.py:149} INFO - [2023-05-12T00:07:15.507+0000] {dag.py:3490} INFO - Setting next_dagrun for Data_Pipline_V01 to 2023-05-12T00:00:00+00:00, run_after=2023-05-13T00:00:00+00:00
[2023-05-12T00:07:15.527+0000] {processor.py:178} INFO - Processing /opt/airflow/dags/Trial_1.py took 0.149 seconds
[2023-05-12T00:07:45.899+0000] {processor.py:156} INFO - Started process (PID=211) to work on /opt/airflow/dags/Trial_1.py
[2023-05-12T00:07:45.908+0000] {processor.py:799} INFO - Processing file /opt/airflow/dags/Trial_1.py for tasks to queue
[2023-05-12T00:07:45.919+0000] {logging_mixin.py:149} INFO - [2023-05-12T00:07:45.919+0000] {dagbag.py:541} INFO - Filling up the DagBag from /opt/airflow/dags/Trial_1.py
[2023-05-12T00:07:46.234+0000] {processor.py:809} INFO - DAG(s) dict_keys(['Data_Pipline_V01']) retrieved from /opt/airflow/dags/Trial_1.py
[2023-05-12T00:07:46.455+0000] {logging_mixin.py:149} INFO - [2023-05-12T00:07:46.455+0000] {dag.py:2726} INFO - Sync 1 DAGs
[2023-05-12T00:07:46.703+0000] {logging_mixin.py:149} INFO - [2023-05-12T00:07:46.699+0000] {dag.py:3490} INFO - Setting next_dagrun for Data_Pipline_V01 to 2023-05-12T00:00:00+00:00, run_after=2023-05-13T00:00:00+00:00
[2023-05-12T00:07:46.994+0000] {processor.py:178} INFO - Processing /opt/airflow/dags/Trial_1.py took 1.143 seconds
[2023-05-12T00:08:17.229+0000] {processor.py:156} INFO - Started process (PID=232) to work on /opt/airflow/dags/Trial_1.py
[2023-05-12T00:08:17.234+0000] {processor.py:799} INFO - Processing file /opt/airflow/dags/Trial_1.py for tasks to queue
[2023-05-12T00:08:17.235+0000] {logging_mixin.py:149} INFO - [2023-05-12T00:08:17.234+0000] {dagbag.py:541} INFO - Filling up the DagBag from /opt/airflow/dags/Trial_1.py
[2023-05-12T00:08:17.584+0000] {processor.py:809} INFO - DAG(s) dict_keys(['Data_Pipline_V01']) retrieved from /opt/airflow/dags/Trial_1.py
[2023-05-12T00:08:17.758+0000] {logging_mixin.py:149} INFO - [2023-05-12T00:08:17.758+0000] {dag.py:2726} INFO - Sync 1 DAGs
[2023-05-12T00:08:17.842+0000] {logging_mixin.py:149} INFO - [2023-05-12T00:08:17.842+0000] {dag.py:3490} INFO - Setting next_dagrun for Data_Pipline_V01 to 2023-05-12T00:00:00+00:00, run_after=2023-05-13T00:00:00+00:00
[2023-05-12T00:08:17.888+0000] {processor.py:178} INFO - Processing /opt/airflow/dags/Trial_1.py took 0.664 seconds
[2023-05-12T00:08:23.222+0000] {processor.py:156} INFO - Started process (PID=239) to work on /opt/airflow/dags/Trial_1.py
[2023-05-12T00:08:23.223+0000] {processor.py:799} INFO - Processing file /opt/airflow/dags/Trial_1.py for tasks to queue
[2023-05-12T00:08:23.224+0000] {logging_mixin.py:149} INFO - [2023-05-12T00:08:23.224+0000] {dagbag.py:541} INFO - Filling up the DagBag from /opt/airflow/dags/Trial_1.py
[2023-05-12T00:08:23.257+0000] {processor.py:809} INFO - DAG(s) dict_keys(['Data_Pipline_V01']) retrieved from /opt/airflow/dags/Trial_1.py
[2023-05-12T00:08:23.328+0000] {logging_mixin.py:149} INFO - [2023-05-12T00:08:23.327+0000] {taskinstance.py:1849} ERROR - {'DAG Id': 'Data_Pipline_V01', 'Task Id': 'Machine_learning_model', 'Run Id': 'scheduled__2023-05-11T00:00:00+00:00', 'Hostname': 'd69901f16f42'}
[2023-05-12T00:08:23.380+0000] {logging_mixin.py:149} INFO - [2023-05-12T00:08:23.380+0000] {taskinstance.py:1373} INFO - Marking task as UP_FOR_RETRY. dag_id=Data_Pipline_V01, task_id=Machine_learning_model, execution_date=20230511T000000, start_date=20230512T000717, end_date=20230512T000823
[2023-05-12T00:08:23.410+0000] {processor.py:760} INFO - Executed failure callback for <TaskInstance: Data_Pipline_V01.Machine_learning_model scheduled__2023-05-11T00:00:00+00:00 [up_for_retry]> in state up_for_retry
[2023-05-12T00:08:23.431+0000] {logging_mixin.py:149} INFO - [2023-05-12T00:08:23.431+0000] {dag.py:2726} INFO - Sync 1 DAGs
[2023-05-12T00:08:23.448+0000] {logging_mixin.py:149} INFO - [2023-05-12T00:08:23.448+0000] {dag.py:3490} INFO - Setting next_dagrun for Data_Pipline_V01 to 2023-05-12T00:00:00+00:00, run_after=2023-05-13T00:00:00+00:00
[2023-05-12T00:08:23.468+0000] {processor.py:178} INFO - Processing /opt/airflow/dags/Trial_1.py took 0.248 seconds
[2023-05-12T00:08:53.700+0000] {processor.py:156} INFO - Started process (PID=256) to work on /opt/airflow/dags/Trial_1.py
[2023-05-12T00:08:53.701+0000] {processor.py:799} INFO - Processing file /opt/airflow/dags/Trial_1.py for tasks to queue
[2023-05-12T00:08:53.702+0000] {logging_mixin.py:149} INFO - [2023-05-12T00:08:53.702+0000] {dagbag.py:541} INFO - Filling up the DagBag from /opt/airflow/dags/Trial_1.py
[2023-05-12T00:08:53.802+0000] {processor.py:809} INFO - DAG(s) dict_keys(['Data_Pipline_V01']) retrieved from /opt/airflow/dags/Trial_1.py
[2023-05-12T00:08:53.910+0000] {logging_mixin.py:149} INFO - [2023-05-12T00:08:53.910+0000] {dag.py:2726} INFO - Sync 1 DAGs
[2023-05-12T00:08:53.978+0000] {logging_mixin.py:149} INFO - [2023-05-12T00:08:53.978+0000] {dag.py:3490} INFO - Setting next_dagrun for Data_Pipline_V01 to 2023-05-12T00:00:00+00:00, run_after=2023-05-13T00:00:00+00:00
[2023-05-12T00:08:54.015+0000] {processor.py:178} INFO - Processing /opt/airflow/dags/Trial_1.py took 0.353 seconds
[2023-05-12T00:09:24.141+0000] {processor.py:156} INFO - Started process (PID=273) to work on /opt/airflow/dags/Trial_1.py
[2023-05-12T00:09:24.145+0000] {processor.py:799} INFO - Processing file /opt/airflow/dags/Trial_1.py for tasks to queue
[2023-05-12T00:09:24.146+0000] {logging_mixin.py:149} INFO - [2023-05-12T00:09:24.145+0000] {dagbag.py:541} INFO - Filling up the DagBag from /opt/airflow/dags/Trial_1.py
[2023-05-12T00:09:24.201+0000] {processor.py:809} INFO - DAG(s) dict_keys(['Data_Pipline_V01']) retrieved from /opt/airflow/dags/Trial_1.py
[2023-05-12T00:09:24.241+0000] {logging_mixin.py:149} INFO - [2023-05-12T00:09:24.241+0000] {dag.py:2726} INFO - Sync 1 DAGs
[2023-05-12T00:09:24.273+0000] {logging_mixin.py:149} INFO - [2023-05-12T00:09:24.273+0000] {dag.py:3490} INFO - Setting next_dagrun for Data_Pipline_V01 to 2023-05-12T00:00:00+00:00, run_after=2023-05-13T00:00:00+00:00
[2023-05-12T00:09:24.326+0000] {processor.py:178} INFO - Processing /opt/airflow/dags/Trial_1.py took 0.189 seconds
[2023-05-12T00:09:54.552+0000] {processor.py:156} INFO - Started process (PID=290) to work on /opt/airflow/dags/Trial_1.py
[2023-05-12T00:09:54.553+0000] {processor.py:799} INFO - Processing file /opt/airflow/dags/Trial_1.py for tasks to queue
[2023-05-12T00:09:54.554+0000] {logging_mixin.py:149} INFO - [2023-05-12T00:09:54.554+0000] {dagbag.py:541} INFO - Filling up the DagBag from /opt/airflow/dags/Trial_1.py
[2023-05-12T00:09:54.605+0000] {processor.py:809} INFO - DAG(s) dict_keys(['Data_Pipline_V01']) retrieved from /opt/airflow/dags/Trial_1.py
[2023-05-12T00:09:54.644+0000] {logging_mixin.py:149} INFO - [2023-05-12T00:09:54.644+0000] {dag.py:2726} INFO - Sync 1 DAGs
[2023-05-12T00:09:54.678+0000] {logging_mixin.py:149} INFO - [2023-05-12T00:09:54.678+0000] {dag.py:3490} INFO - Setting next_dagrun for Data_Pipline_V01 to 2023-05-12T00:00:00+00:00, run_after=2023-05-13T00:00:00+00:00
[2023-05-12T00:09:54.704+0000] {processor.py:178} INFO - Processing /opt/airflow/dags/Trial_1.py took 0.155 seconds
[2023-05-12T00:10:24.915+0000] {processor.py:156} INFO - Started process (PID=307) to work on /opt/airflow/dags/Trial_1.py
[2023-05-12T00:10:24.927+0000] {processor.py:799} INFO - Processing file /opt/airflow/dags/Trial_1.py for tasks to queue
[2023-05-12T00:10:24.947+0000] {logging_mixin.py:149} INFO - [2023-05-12T00:10:24.947+0000] {dagbag.py:541} INFO - Filling up the DagBag from /opt/airflow/dags/Trial_1.py
[2023-05-12T00:10:25.079+0000] {processor.py:809} INFO - DAG(s) dict_keys(['Data_Pipline_V01']) retrieved from /opt/airflow/dags/Trial_1.py
[2023-05-12T00:10:25.119+0000] {logging_mixin.py:149} INFO - [2023-05-12T00:10:25.118+0000] {dag.py:2726} INFO - Sync 1 DAGs
[2023-05-12T00:10:25.151+0000] {logging_mixin.py:149} INFO - [2023-05-12T00:10:25.151+0000] {dag.py:3490} INFO - Setting next_dagrun for Data_Pipline_V01 to 2023-05-12T00:00:00+00:00, run_after=2023-05-13T00:00:00+00:00
[2023-05-12T00:10:26.969+0000] {processor.py:178} INFO - Processing /opt/airflow/dags/Trial_1.py took 2.058 seconds
[2023-05-12T00:10:57.129+0000] {processor.py:156} INFO - Started process (PID=324) to work on /opt/airflow/dags/Trial_1.py
[2023-05-12T00:10:57.131+0000] {processor.py:799} INFO - Processing file /opt/airflow/dags/Trial_1.py for tasks to queue
[2023-05-12T00:10:57.132+0000] {logging_mixin.py:149} INFO - [2023-05-12T00:10:57.132+0000] {dagbag.py:541} INFO - Filling up the DagBag from /opt/airflow/dags/Trial_1.py
[2023-05-12T00:10:57.177+0000] {processor.py:809} INFO - DAG(s) dict_keys(['Data_Pipline_V01']) retrieved from /opt/airflow/dags/Trial_1.py
[2023-05-12T00:10:57.218+0000] {logging_mixin.py:149} INFO - [2023-05-12T00:10:57.218+0000] {dag.py:2726} INFO - Sync 1 DAGs
[2023-05-12T00:10:57.451+0000] {logging_mixin.py:149} INFO - [2023-05-12T00:10:57.450+0000] {dag.py:3490} INFO - Setting next_dagrun for Data_Pipline_V01 to 2023-05-12T00:00:00+00:00, run_after=2023-05-13T00:00:00+00:00
[2023-05-12T00:10:57.476+0000] {processor.py:178} INFO - Processing /opt/airflow/dags/Trial_1.py took 0.352 seconds
[2023-05-12T00:11:28.337+0000] {processor.py:156} INFO - Started process (PID=341) to work on /opt/airflow/dags/Trial_1.py
[2023-05-12T00:11:28.337+0000] {processor.py:799} INFO - Processing file /opt/airflow/dags/Trial_1.py for tasks to queue
[2023-05-12T00:11:28.338+0000] {logging_mixin.py:149} INFO - [2023-05-12T00:11:28.338+0000] {dagbag.py:541} INFO - Filling up the DagBag from /opt/airflow/dags/Trial_1.py
[2023-05-12T00:11:28.365+0000] {processor.py:809} INFO - DAG(s) dict_keys(['Data_Pipline_V01']) retrieved from /opt/airflow/dags/Trial_1.py
[2023-05-12T00:11:28.389+0000] {logging_mixin.py:149} INFO - [2023-05-12T00:11:28.389+0000] {dag.py:2726} INFO - Sync 1 DAGs
[2023-05-12T00:11:28.511+0000] {logging_mixin.py:149} INFO - [2023-05-12T00:11:28.511+0000] {dag.py:3490} INFO - Setting next_dagrun for Data_Pipline_V01 to 2023-05-12T00:00:00+00:00, run_after=2023-05-13T00:00:00+00:00
[2023-05-12T00:11:28.528+0000] {processor.py:178} INFO - Processing /opt/airflow/dags/Trial_1.py took 0.194 seconds
[2023-05-12T00:11:58.572+0000] {processor.py:156} INFO - Started process (PID=358) to work on /opt/airflow/dags/Trial_1.py
[2023-05-12T00:11:58.573+0000] {processor.py:799} INFO - Processing file /opt/airflow/dags/Trial_1.py for tasks to queue
[2023-05-12T00:11:58.574+0000] {logging_mixin.py:149} INFO - [2023-05-12T00:11:58.574+0000] {dagbag.py:541} INFO - Filling up the DagBag from /opt/airflow/dags/Trial_1.py
[2023-05-12T00:11:58.604+0000] {processor.py:809} INFO - DAG(s) dict_keys(['Data_Pipline_V01']) retrieved from /opt/airflow/dags/Trial_1.py
[2023-05-12T00:11:58.806+0000] {logging_mixin.py:149} INFO - [2023-05-12T00:11:58.806+0000] {dag.py:2726} INFO - Sync 1 DAGs
[2023-05-12T00:11:58.827+0000] {logging_mixin.py:149} INFO - [2023-05-12T00:11:58.827+0000] {dag.py:3490} INFO - Setting next_dagrun for Data_Pipline_V01 to 2023-05-12T00:00:00+00:00, run_after=2023-05-13T00:00:00+00:00
[2023-05-12T00:11:58.849+0000] {processor.py:178} INFO - Processing /opt/airflow/dags/Trial_1.py took 0.279 seconds
[2023-05-12T00:11:59.607+0000] {processor.py:156} INFO - Started process (PID=363) to work on /opt/airflow/dags/Trial_1.py
[2023-05-12T00:11:59.608+0000] {processor.py:799} INFO - Processing file /opt/airflow/dags/Trial_1.py for tasks to queue
[2023-05-12T00:11:59.608+0000] {logging_mixin.py:149} INFO - [2023-05-12T00:11:59.608+0000] {dagbag.py:541} INFO - Filling up the DagBag from /opt/airflow/dags/Trial_1.py
[2023-05-12T00:11:59.648+0000] {processor.py:809} INFO - DAG(s) dict_keys(['Data_Pipline_V1']) retrieved from /opt/airflow/dags/Trial_1.py
[2023-05-12T00:11:59.787+0000] {logging_mixin.py:149} INFO - [2023-05-12T00:11:59.787+0000] {dag.py:2726} INFO - Sync 1 DAGs
[2023-05-12T00:11:59.805+0000] {logging_mixin.py:149} INFO - [2023-05-12T00:11:59.805+0000] {dag.py:3490} INFO - Setting next_dagrun for Data_Pipline_V1 to 2023-05-12T00:00:00+00:00, run_after=2023-05-13T00:00:00+00:00
[2023-05-12T00:11:59.826+0000] {processor.py:178} INFO - Processing /opt/airflow/dags/Trial_1.py took 0.222 seconds
[2023-05-12T00:12:29.877+0000] {processor.py:156} INFO - Started process (PID=380) to work on /opt/airflow/dags/Trial_1.py
[2023-05-12T00:12:29.877+0000] {processor.py:799} INFO - Processing file /opt/airflow/dags/Trial_1.py for tasks to queue
[2023-05-12T00:12:29.878+0000] {logging_mixin.py:149} INFO - [2023-05-12T00:12:29.878+0000] {dagbag.py:541} INFO - Filling up the DagBag from /opt/airflow/dags/Trial_1.py
[2023-05-12T00:12:30.033+0000] {processor.py:809} INFO - DAG(s) dict_keys(['Data_Pipline_V1']) retrieved from /opt/airflow/dags/Trial_1.py
[2023-05-12T00:12:30.055+0000] {logging_mixin.py:149} INFO - [2023-05-12T00:12:30.055+0000] {dag.py:2726} INFO - Sync 1 DAGs
[2023-05-12T00:12:30.076+0000] {logging_mixin.py:149} INFO - [2023-05-12T00:12:30.076+0000] {dag.py:3490} INFO - Setting next_dagrun for Data_Pipline_V1 to 2023-05-12T00:00:00+00:00, run_after=2023-05-13T00:00:00+00:00
[2023-05-12T00:12:30.095+0000] {processor.py:178} INFO - Processing /opt/airflow/dags/Trial_1.py took 0.221 seconds
[2023-05-12T00:13:00.179+0000] {processor.py:156} INFO - Started process (PID=397) to work on /opt/airflow/dags/Trial_1.py
[2023-05-12T00:13:00.180+0000] {processor.py:799} INFO - Processing file /opt/airflow/dags/Trial_1.py for tasks to queue
[2023-05-12T00:13:00.181+0000] {logging_mixin.py:149} INFO - [2023-05-12T00:13:00.181+0000] {dagbag.py:541} INFO - Filling up the DagBag from /opt/airflow/dags/Trial_1.py
[2023-05-12T00:13:00.210+0000] {processor.py:809} INFO - DAG(s) dict_keys(['Data_Pipline_V1']) retrieved from /opt/airflow/dags/Trial_1.py
[2023-05-12T00:13:00.234+0000] {logging_mixin.py:149} INFO - [2023-05-12T00:13:00.233+0000] {dag.py:2726} INFO - Sync 1 DAGs
[2023-05-12T00:13:00.253+0000] {logging_mixin.py:149} INFO - [2023-05-12T00:13:00.253+0000] {dag.py:3490} INFO - Setting next_dagrun for Data_Pipline_V1 to 2023-05-12T00:00:00+00:00, run_after=2023-05-13T00:00:00+00:00
[2023-05-12T00:13:00.271+0000] {processor.py:178} INFO - Processing /opt/airflow/dags/Trial_1.py took 0.094 seconds
[2023-05-12T00:13:30.408+0000] {processor.py:156} INFO - Started process (PID=414) to work on /opt/airflow/dags/Trial_1.py
[2023-05-12T00:13:30.408+0000] {processor.py:799} INFO - Processing file /opt/airflow/dags/Trial_1.py for tasks to queue
[2023-05-12T00:13:30.409+0000] {logging_mixin.py:149} INFO - [2023-05-12T00:13:30.409+0000] {dagbag.py:541} INFO - Filling up the DagBag from /opt/airflow/dags/Trial_1.py
[2023-05-12T00:13:30.438+0000] {processor.py:809} INFO - DAG(s) dict_keys(['Data_Pipline_V1']) retrieved from /opt/airflow/dags/Trial_1.py
[2023-05-12T00:13:30.460+0000] {logging_mixin.py:149} INFO - [2023-05-12T00:13:30.459+0000] {dag.py:2726} INFO - Sync 1 DAGs
[2023-05-12T00:13:30.479+0000] {logging_mixin.py:149} INFO - [2023-05-12T00:13:30.479+0000] {dag.py:3490} INFO - Setting next_dagrun for Data_Pipline_V1 to 2023-05-12T00:00:00+00:00, run_after=2023-05-13T00:00:00+00:00
[2023-05-12T00:13:30.497+0000] {processor.py:178} INFO - Processing /opt/airflow/dags/Trial_1.py took 0.092 seconds
[2023-05-12T00:14:00.612+0000] {processor.py:156} INFO - Started process (PID=431) to work on /opt/airflow/dags/Trial_1.py
[2023-05-12T00:14:00.612+0000] {processor.py:799} INFO - Processing file /opt/airflow/dags/Trial_1.py for tasks to queue
[2023-05-12T00:14:00.613+0000] {logging_mixin.py:149} INFO - [2023-05-12T00:14:00.613+0000] {dagbag.py:541} INFO - Filling up the DagBag from /opt/airflow/dags/Trial_1.py
[2023-05-12T00:14:00.642+0000] {processor.py:809} INFO - DAG(s) dict_keys(['Data_Pipline_V1']) retrieved from /opt/airflow/dags/Trial_1.py
[2023-05-12T00:14:00.662+0000] {logging_mixin.py:149} INFO - [2023-05-12T00:14:00.662+0000] {dag.py:2726} INFO - Sync 1 DAGs
[2023-05-12T00:14:00.681+0000] {logging_mixin.py:149} INFO - [2023-05-12T00:14:00.681+0000] {dag.py:3490} INFO - Setting next_dagrun for Data_Pipline_V1 to 2023-05-12T00:00:00+00:00, run_after=2023-05-13T00:00:00+00:00
[2023-05-12T00:14:00.700+0000] {processor.py:178} INFO - Processing /opt/airflow/dags/Trial_1.py took 0.092 seconds
[2023-05-12T00:14:30.808+0000] {processor.py:156} INFO - Started process (PID=448) to work on /opt/airflow/dags/Trial_1.py
[2023-05-12T00:14:30.808+0000] {processor.py:799} INFO - Processing file /opt/airflow/dags/Trial_1.py for tasks to queue
[2023-05-12T00:14:30.809+0000] {logging_mixin.py:149} INFO - [2023-05-12T00:14:30.809+0000] {dagbag.py:541} INFO - Filling up the DagBag from /opt/airflow/dags/Trial_1.py
[2023-05-12T00:14:30.840+0000] {processor.py:809} INFO - DAG(s) dict_keys(['Data_Pipline_V1']) retrieved from /opt/airflow/dags/Trial_1.py
[2023-05-12T00:14:30.863+0000] {logging_mixin.py:149} INFO - [2023-05-12T00:14:30.863+0000] {dag.py:2726} INFO - Sync 1 DAGs
[2023-05-12T00:14:30.881+0000] {logging_mixin.py:149} INFO - [2023-05-12T00:14:30.881+0000] {dag.py:3490} INFO - Setting next_dagrun for Data_Pipline_V1 to 2023-05-12T00:00:00+00:00, run_after=2023-05-13T00:00:00+00:00
[2023-05-12T00:14:30.900+0000] {processor.py:178} INFO - Processing /opt/airflow/dags/Trial_1.py took 0.095 seconds
[2023-05-12T00:15:01.020+0000] {processor.py:156} INFO - Started process (PID=465) to work on /opt/airflow/dags/Trial_1.py
[2023-05-12T00:15:01.021+0000] {processor.py:799} INFO - Processing file /opt/airflow/dags/Trial_1.py for tasks to queue
[2023-05-12T00:15:01.022+0000] {logging_mixin.py:149} INFO - [2023-05-12T00:15:01.022+0000] {dagbag.py:541} INFO - Filling up the DagBag from /opt/airflow/dags/Trial_1.py
[2023-05-12T00:15:01.052+0000] {processor.py:809} INFO - DAG(s) dict_keys(['Data_Pipline_V1']) retrieved from /opt/airflow/dags/Trial_1.py
[2023-05-12T00:15:01.074+0000] {logging_mixin.py:149} INFO - [2023-05-12T00:15:01.074+0000] {dag.py:2726} INFO - Sync 1 DAGs
[2023-05-12T00:15:01.094+0000] {logging_mixin.py:149} INFO - [2023-05-12T00:15:01.093+0000] {dag.py:3490} INFO - Setting next_dagrun for Data_Pipline_V1 to 2023-05-12T00:00:00+00:00, run_after=2023-05-13T00:00:00+00:00
[2023-05-12T00:15:01.113+0000] {processor.py:178} INFO - Processing /opt/airflow/dags/Trial_1.py took 0.095 seconds
[2023-05-12T00:15:31.227+0000] {processor.py:156} INFO - Started process (PID=482) to work on /opt/airflow/dags/Trial_1.py
[2023-05-12T00:15:31.228+0000] {processor.py:799} INFO - Processing file /opt/airflow/dags/Trial_1.py for tasks to queue
[2023-05-12T00:15:31.228+0000] {logging_mixin.py:149} INFO - [2023-05-12T00:15:31.228+0000] {dagbag.py:541} INFO - Filling up the DagBag from /opt/airflow/dags/Trial_1.py
[2023-05-12T00:15:31.259+0000] {processor.py:809} INFO - DAG(s) dict_keys(['Data_Pipline_V1']) retrieved from /opt/airflow/dags/Trial_1.py
[2023-05-12T00:15:31.280+0000] {logging_mixin.py:149} INFO - [2023-05-12T00:15:31.280+0000] {dag.py:2726} INFO - Sync 1 DAGs
[2023-05-12T00:15:31.300+0000] {logging_mixin.py:149} INFO - [2023-05-12T00:15:31.300+0000] {dag.py:3490} INFO - Setting next_dagrun for Data_Pipline_V1 to 2023-05-12T00:00:00+00:00, run_after=2023-05-13T00:00:00+00:00
[2023-05-12T00:15:31.320+0000] {processor.py:178} INFO - Processing /opt/airflow/dags/Trial_1.py took 0.095 seconds
[2023-05-12T00:16:01.435+0000] {processor.py:156} INFO - Started process (PID=498) to work on /opt/airflow/dags/Trial_1.py
[2023-05-12T00:16:01.436+0000] {processor.py:799} INFO - Processing file /opt/airflow/dags/Trial_1.py for tasks to queue
[2023-05-12T00:16:01.436+0000] {logging_mixin.py:149} INFO - [2023-05-12T00:16:01.436+0000] {dagbag.py:541} INFO - Filling up the DagBag from /opt/airflow/dags/Trial_1.py
[2023-05-12T00:16:01.467+0000] {processor.py:809} INFO - DAG(s) dict_keys(['Data_Pipline_V1']) retrieved from /opt/airflow/dags/Trial_1.py
[2023-05-12T00:16:01.488+0000] {logging_mixin.py:149} INFO - [2023-05-12T00:16:01.488+0000] {dag.py:2726} INFO - Sync 1 DAGs
[2023-05-12T00:16:01.508+0000] {logging_mixin.py:149} INFO - [2023-05-12T00:16:01.508+0000] {dag.py:3490} INFO - Setting next_dagrun for Data_Pipline_V1 to 2023-05-12T00:00:00+00:00, run_after=2023-05-13T00:00:00+00:00
[2023-05-12T00:16:01.531+0000] {processor.py:178} INFO - Processing /opt/airflow/dags/Trial_1.py took 0.098 seconds
[2023-05-12T00:26:38.489+0000] {processor.py:156} INFO - Started process (PID=174) to work on /opt/airflow/dags/Trial_1.py
[2023-05-12T00:26:38.490+0000] {processor.py:799} INFO - Processing file /opt/airflow/dags/Trial_1.py for tasks to queue
[2023-05-12T00:26:38.490+0000] {logging_mixin.py:149} INFO - [2023-05-12T00:26:38.490+0000] {dagbag.py:541} INFO - Filling up the DagBag from /opt/airflow/dags/Trial_1.py
[2023-05-12T00:26:38.533+0000] {processor.py:809} INFO - DAG(s) dict_keys(['Data_Pipline_V1']) retrieved from /opt/airflow/dags/Trial_1.py
[2023-05-12T00:26:38.794+0000] {logging_mixin.py:149} INFO - [2023-05-12T00:26:38.793+0000] {manager.py:504} INFO - Created Permission View: can delete on DAG:Data_Pipline_V1
[2023-05-12T00:26:38.811+0000] {logging_mixin.py:149} INFO - [2023-05-12T00:26:38.811+0000] {manager.py:504} INFO - Created Permission View: can read on DAG:Data_Pipline_V1
[2023-05-12T00:26:38.827+0000] {logging_mixin.py:149} INFO - [2023-05-12T00:26:38.827+0000] {manager.py:504} INFO - Created Permission View: can edit on DAG:Data_Pipline_V1
[2023-05-12T00:26:38.827+0000] {logging_mixin.py:149} INFO - [2023-05-12T00:26:38.827+0000] {dag.py:2726} INFO - Sync 1 DAGs
[2023-05-12T00:26:38.837+0000] {logging_mixin.py:149} INFO - [2023-05-12T00:26:38.837+0000] {dag.py:2747} INFO - Creating ORM DAG for Data_Pipline_V1
[2023-05-12T00:26:38.848+0000] {logging_mixin.py:149} INFO - [2023-05-12T00:26:38.847+0000] {dag.py:3490} INFO - Setting next_dagrun for Data_Pipline_V1 to 2023-05-11T00:00:00+00:00, run_after=2023-05-12T00:00:00+00:00
[2023-05-12T00:26:38.969+0000] {processor.py:178} INFO - Processing /opt/airflow/dags/Trial_1.py took 0.483 seconds
[2023-05-12T02:25:05.507+0000] {processor.py:156} INFO - Started process (PID=41) to work on /opt/airflow/dags/Trial_1.py
[2023-05-12T02:25:05.509+0000] {processor.py:799} INFO - Processing file /opt/airflow/dags/Trial_1.py for tasks to queue
[2023-05-12T02:25:05.510+0000] {logging_mixin.py:149} INFO - [2023-05-12T02:25:05.510+0000] {dagbag.py:541} INFO - Filling up the DagBag from /opt/airflow/dags/Trial_1.py
[2023-05-12T02:25:05.568+0000] {processor.py:809} INFO - DAG(s) dict_keys(['Data_Pipline_V1']) retrieved from /opt/airflow/dags/Trial_1.py
[2023-05-12T02:25:05.862+0000] {logging_mixin.py:149} INFO - [2023-05-12T02:25:05.861+0000] {manager.py:504} INFO - Created Permission View: can delete on DAG:Data_Pipline_V1
[2023-05-12T02:25:05.872+0000] {logging_mixin.py:149} INFO - [2023-05-12T02:25:05.872+0000] {manager.py:504} INFO - Created Permission View: can edit on DAG:Data_Pipline_V1
[2023-05-12T02:25:05.881+0000] {logging_mixin.py:149} INFO - [2023-05-12T02:25:05.881+0000] {manager.py:504} INFO - Created Permission View: can read on DAG:Data_Pipline_V1
[2023-05-12T02:25:05.881+0000] {logging_mixin.py:149} INFO - [2023-05-12T02:25:05.881+0000] {dag.py:2726} INFO - Sync 1 DAGs
[2023-05-12T02:25:05.891+0000] {logging_mixin.py:149} INFO - [2023-05-12T02:25:05.890+0000] {dag.py:2747} INFO - Creating ORM DAG for Data_Pipline_V1
[2023-05-12T02:25:05.900+0000] {logging_mixin.py:149} INFO - [2023-05-12T02:25:05.900+0000] {dag.py:3490} INFO - Setting next_dagrun for Data_Pipline_V1 to 2023-05-11T00:00:00+00:00, run_after=2023-05-12T00:00:00+00:00
[2023-05-12T02:25:05.918+0000] {processor.py:178} INFO - Processing /opt/airflow/dags/Trial_1.py took 0.415 seconds
[2023-05-12T02:25:36.745+0000] {processor.py:156} INFO - Started process (PID=51) to work on /opt/airflow/dags/Trial_1.py
[2023-05-12T02:25:36.746+0000] {processor.py:799} INFO - Processing file /opt/airflow/dags/Trial_1.py for tasks to queue
[2023-05-12T02:25:36.746+0000] {logging_mixin.py:149} INFO - [2023-05-12T02:25:36.746+0000] {dagbag.py:541} INFO - Filling up the DagBag from /opt/airflow/dags/Trial_1.py
[2023-05-12T02:25:36.775+0000] {processor.py:809} INFO - DAG(s) dict_keys(['Data_Pipline_V1']) retrieved from /opt/airflow/dags/Trial_1.py
[2023-05-12T02:25:36.795+0000] {logging_mixin.py:149} INFO - [2023-05-12T02:25:36.795+0000] {dag.py:2726} INFO - Sync 1 DAGs
[2023-05-12T02:25:36.815+0000] {logging_mixin.py:149} INFO - [2023-05-12T02:25:36.814+0000] {dag.py:3490} INFO - Setting next_dagrun for Data_Pipline_V1 to 2023-05-11T00:00:00+00:00, run_after=2023-05-12T00:00:00+00:00
[2023-05-12T02:25:36.832+0000] {processor.py:178} INFO - Processing /opt/airflow/dags/Trial_1.py took 0.090 seconds
[2023-05-12T02:26:06.980+0000] {processor.py:156} INFO - Started process (PID=60) to work on /opt/airflow/dags/Trial_1.py
[2023-05-12T02:26:06.980+0000] {processor.py:799} INFO - Processing file /opt/airflow/dags/Trial_1.py for tasks to queue
[2023-05-12T02:26:06.981+0000] {logging_mixin.py:149} INFO - [2023-05-12T02:26:06.981+0000] {dagbag.py:541} INFO - Filling up the DagBag from /opt/airflow/dags/Trial_1.py
[2023-05-12T02:26:07.007+0000] {processor.py:809} INFO - DAG(s) dict_keys(['Data_Pipline_V1']) retrieved from /opt/airflow/dags/Trial_1.py
[2023-05-12T02:26:07.030+0000] {logging_mixin.py:149} INFO - [2023-05-12T02:26:07.030+0000] {dag.py:2726} INFO - Sync 1 DAGs
[2023-05-12T02:26:07.051+0000] {logging_mixin.py:149} INFO - [2023-05-12T02:26:07.050+0000] {dag.py:3490} INFO - Setting next_dagrun for Data_Pipline_V1 to 2023-05-11T00:00:00+00:00, run_after=2023-05-12T00:00:00+00:00
[2023-05-12T02:26:07.068+0000] {processor.py:178} INFO - Processing /opt/airflow/dags/Trial_1.py took 0.092 seconds
[2023-05-12T02:26:37.174+0000] {processor.py:156} INFO - Started process (PID=69) to work on /opt/airflow/dags/Trial_1.py
[2023-05-12T02:26:37.174+0000] {processor.py:799} INFO - Processing file /opt/airflow/dags/Trial_1.py for tasks to queue
[2023-05-12T02:26:37.175+0000] {logging_mixin.py:149} INFO - [2023-05-12T02:26:37.175+0000] {dagbag.py:541} INFO - Filling up the DagBag from /opt/airflow/dags/Trial_1.py
[2023-05-12T02:26:37.205+0000] {processor.py:809} INFO - DAG(s) dict_keys(['Data_Pipline_V1']) retrieved from /opt/airflow/dags/Trial_1.py
[2023-05-12T02:26:37.228+0000] {logging_mixin.py:149} INFO - [2023-05-12T02:26:37.228+0000] {dag.py:2726} INFO - Sync 1 DAGs
[2023-05-12T02:26:37.249+0000] {logging_mixin.py:149} INFO - [2023-05-12T02:26:37.249+0000] {dag.py:3490} INFO - Setting next_dagrun for Data_Pipline_V1 to 2023-05-11T00:00:00+00:00, run_after=2023-05-12T00:00:00+00:00
[2023-05-12T02:26:37.267+0000] {processor.py:178} INFO - Processing /opt/airflow/dags/Trial_1.py took 0.095 seconds
[2023-05-12T02:27:07.425+0000] {processor.py:156} INFO - Started process (PID=82) to work on /opt/airflow/dags/Trial_1.py
[2023-05-12T02:27:07.426+0000] {processor.py:799} INFO - Processing file /opt/airflow/dags/Trial_1.py for tasks to queue
[2023-05-12T02:27:07.427+0000] {logging_mixin.py:149} INFO - [2023-05-12T02:27:07.427+0000] {dagbag.py:541} INFO - Filling up the DagBag from /opt/airflow/dags/Trial_1.py
[2023-05-12T02:27:07.468+0000] {processor.py:809} INFO - DAG(s) dict_keys(['Data_Pipline_V1']) retrieved from /opt/airflow/dags/Trial_1.py
[2023-05-12T02:27:07.502+0000] {logging_mixin.py:149} INFO - [2023-05-12T02:27:07.502+0000] {dag.py:2726} INFO - Sync 1 DAGs
[2023-05-12T02:27:07.532+0000] {logging_mixin.py:149} INFO - [2023-05-12T02:27:07.532+0000] {dag.py:3490} INFO - Setting next_dagrun for Data_Pipline_V1 to 2023-05-12T00:00:00+00:00, run_after=2023-05-13T00:00:00+00:00
[2023-05-12T02:27:07.556+0000] {processor.py:178} INFO - Processing /opt/airflow/dags/Trial_1.py took 0.134 seconds
[2023-05-12T02:27:37.840+0000] {processor.py:156} INFO - Started process (PID=91) to work on /opt/airflow/dags/Trial_1.py
[2023-05-12T02:27:37.842+0000] {processor.py:799} INFO - Processing file /opt/airflow/dags/Trial_1.py for tasks to queue
[2023-05-12T02:27:37.843+0000] {logging_mixin.py:149} INFO - [2023-05-12T02:27:37.843+0000] {dagbag.py:541} INFO - Filling up the DagBag from /opt/airflow/dags/Trial_1.py
[2023-05-12T02:27:38.055+0000] {processor.py:809} INFO - DAG(s) dict_keys(['Data_Pipline_V1']) retrieved from /opt/airflow/dags/Trial_1.py
[2023-05-12T02:27:38.192+0000] {logging_mixin.py:149} INFO - [2023-05-12T02:27:38.192+0000] {dag.py:2726} INFO - Sync 1 DAGs
[2023-05-12T02:27:38.240+0000] {logging_mixin.py:149} INFO - [2023-05-12T02:27:38.240+0000] {dag.py:3490} INFO - Setting next_dagrun for Data_Pipline_V1 to 2023-05-12T00:00:00+00:00, run_after=2023-05-13T00:00:00+00:00
[2023-05-12T02:27:38.268+0000] {processor.py:178} INFO - Processing /opt/airflow/dags/Trial_1.py took 0.482 seconds
[2023-05-12T02:28:08.415+0000] {processor.py:156} INFO - Started process (PID=100) to work on /opt/airflow/dags/Trial_1.py
[2023-05-12T02:28:08.416+0000] {processor.py:799} INFO - Processing file /opt/airflow/dags/Trial_1.py for tasks to queue
[2023-05-12T02:28:08.417+0000] {logging_mixin.py:149} INFO - [2023-05-12T02:28:08.417+0000] {dagbag.py:541} INFO - Filling up the DagBag from /opt/airflow/dags/Trial_1.py
[2023-05-12T02:28:08.588+0000] {processor.py:809} INFO - DAG(s) dict_keys(['Data_Pipline_V1']) retrieved from /opt/airflow/dags/Trial_1.py
[2023-05-12T02:28:08.711+0000] {logging_mixin.py:149} INFO - [2023-05-12T02:28:08.711+0000] {dag.py:2726} INFO - Sync 1 DAGs
[2023-05-12T02:28:08.928+0000] {logging_mixin.py:149} INFO - [2023-05-12T02:28:08.927+0000] {dag.py:3490} INFO - Setting next_dagrun for Data_Pipline_V1 to 2023-05-12T00:00:00+00:00, run_after=2023-05-13T00:00:00+00:00
[2023-05-12T02:28:09.096+0000] {processor.py:178} INFO - Processing /opt/airflow/dags/Trial_1.py took 0.691 seconds
[2023-05-12T02:28:39.294+0000] {processor.py:156} INFO - Started process (PID=109) to work on /opt/airflow/dags/Trial_1.py
[2023-05-12T02:28:39.307+0000] {processor.py:799} INFO - Processing file /opt/airflow/dags/Trial_1.py for tasks to queue
[2023-05-12T02:28:39.312+0000] {logging_mixin.py:149} INFO - [2023-05-12T02:28:39.312+0000] {dagbag.py:541} INFO - Filling up the DagBag from /opt/airflow/dags/Trial_1.py
[2023-05-12T02:28:39.470+0000] {processor.py:809} INFO - DAG(s) dict_keys(['Data_Pipline_V1']) retrieved from /opt/airflow/dags/Trial_1.py
[2023-05-12T02:28:39.545+0000] {logging_mixin.py:149} INFO - [2023-05-12T02:28:39.545+0000] {dag.py:2726} INFO - Sync 1 DAGs
[2023-05-12T02:28:39.652+0000] {logging_mixin.py:149} INFO - [2023-05-12T02:28:39.651+0000] {dag.py:3490} INFO - Setting next_dagrun for Data_Pipline_V1 to 2023-05-12T00:00:00+00:00, run_after=2023-05-13T00:00:00+00:00
[2023-05-12T02:28:39.837+0000] {processor.py:178} INFO - Processing /opt/airflow/dags/Trial_1.py took 0.611 seconds
[2023-05-12T02:29:10.398+0000] {processor.py:156} INFO - Started process (PID=119) to work on /opt/airflow/dags/Trial_1.py
[2023-05-12T02:29:10.399+0000] {processor.py:799} INFO - Processing file /opt/airflow/dags/Trial_1.py for tasks to queue
[2023-05-12T02:29:10.400+0000] {logging_mixin.py:149} INFO - [2023-05-12T02:29:10.400+0000] {dagbag.py:541} INFO - Filling up the DagBag from /opt/airflow/dags/Trial_1.py
[2023-05-12T02:29:10.447+0000] {processor.py:809} INFO - DAG(s) dict_keys(['Data_Pipline_V1']) retrieved from /opt/airflow/dags/Trial_1.py
[2023-05-12T02:29:10.491+0000] {logging_mixin.py:149} INFO - [2023-05-12T02:29:10.491+0000] {dag.py:2726} INFO - Sync 1 DAGs
[2023-05-12T02:29:10.529+0000] {logging_mixin.py:149} INFO - [2023-05-12T02:29:10.529+0000] {dag.py:3490} INFO - Setting next_dagrun for Data_Pipline_V1 to 2023-05-12T00:00:00+00:00, run_after=2023-05-13T00:00:00+00:00
[2023-05-12T02:29:10.559+0000] {processor.py:178} INFO - Processing /opt/airflow/dags/Trial_1.py took 0.164 seconds
[2023-05-12T02:29:40.682+0000] {processor.py:156} INFO - Started process (PID=128) to work on /opt/airflow/dags/Trial_1.py
[2023-05-12T02:29:40.699+0000] {processor.py:799} INFO - Processing file /opt/airflow/dags/Trial_1.py for tasks to queue
[2023-05-12T02:29:40.700+0000] {logging_mixin.py:149} INFO - [2023-05-12T02:29:40.700+0000] {dagbag.py:541} INFO - Filling up the DagBag from /opt/airflow/dags/Trial_1.py
[2023-05-12T02:29:40.821+0000] {processor.py:809} INFO - DAG(s) dict_keys(['Data_Pipline_V1']) retrieved from /opt/airflow/dags/Trial_1.py
[2023-05-12T02:29:40.895+0000] {logging_mixin.py:149} INFO - [2023-05-12T02:29:40.895+0000] {dag.py:2726} INFO - Sync 1 DAGs
[2023-05-12T02:29:40.966+0000] {logging_mixin.py:149} INFO - [2023-05-12T02:29:40.966+0000] {dag.py:3490} INFO - Setting next_dagrun for Data_Pipline_V1 to 2023-05-12T00:00:00+00:00, run_after=2023-05-13T00:00:00+00:00
[2023-05-12T02:29:40.990+0000] {processor.py:178} INFO - Processing /opt/airflow/dags/Trial_1.py took 0.313 seconds
[2023-05-12T02:30:08.756+0000] {processor.py:156} INFO - Started process (PID=136) to work on /opt/airflow/dags/Trial_1.py
[2023-05-12T02:30:08.761+0000] {processor.py:799} INFO - Processing file /opt/airflow/dags/Trial_1.py for tasks to queue
[2023-05-12T02:30:08.765+0000] {logging_mixin.py:149} INFO - [2023-05-12T02:30:08.765+0000] {dagbag.py:541} INFO - Filling up the DagBag from /opt/airflow/dags/Trial_1.py
[2023-05-12T02:30:08.865+0000] {processor.py:809} INFO - DAG(s) dict_keys(['Data_Pipline_V1']) retrieved from /opt/airflow/dags/Trial_1.py
[2023-05-12T02:30:08.972+0000] {logging_mixin.py:149} INFO - [2023-05-12T02:30:08.971+0000] {taskinstance.py:1849} ERROR - {'DAG Id': 'Data_Pipline_V1', 'Task Id': 'data_processing', 'Run Id': 'manual__2023-05-12T02:26:41.517378+00:00', 'Hostname': '97c2f3bd64ee', 'External Executor Id': '26aa889e-5ac2-4663-acdf-2d6edbf1e6ca'}
[2023-05-12T02:30:09.054+0000] {logging_mixin.py:149} INFO - [2023-05-12T02:30:09.053+0000] {taskinstance.py:1373} INFO - Marking task as UP_FOR_RETRY. dag_id=Data_Pipline_V1, task_id=data_processing, execution_date=20230512T022641, start_date=20230512T022642, end_date=20230512T023008
[2023-05-12T02:30:09.125+0000] {processor.py:760} INFO - Executed failure callback for <TaskInstance: Data_Pipline_V1.data_processing manual__2023-05-12T02:26:41.517378+00:00 [up_for_retry]> in state up_for_retry
[2023-05-12T02:30:09.181+0000] {logging_mixin.py:149} INFO - [2023-05-12T02:30:09.180+0000] {dag.py:2726} INFO - Sync 1 DAGs
[2023-05-12T02:30:09.207+0000] {logging_mixin.py:149} INFO - [2023-05-12T02:30:09.207+0000] {dag.py:3490} INFO - Setting next_dagrun for Data_Pipline_V1 to 2023-05-12T00:00:00+00:00, run_after=2023-05-13T00:00:00+00:00
[2023-05-12T02:30:09.230+0000] {processor.py:178} INFO - Processing /opt/airflow/dags/Trial_1.py took 0.511 seconds
[2023-05-12T02:30:39.489+0000] {processor.py:156} INFO - Started process (PID=145) to work on /opt/airflow/dags/Trial_1.py
[2023-05-12T02:30:39.491+0000] {processor.py:799} INFO - Processing file /opt/airflow/dags/Trial_1.py for tasks to queue
[2023-05-12T02:30:39.493+0000] {logging_mixin.py:149} INFO - [2023-05-12T02:30:39.493+0000] {dagbag.py:541} INFO - Filling up the DagBag from /opt/airflow/dags/Trial_1.py
[2023-05-12T02:30:39.570+0000] {processor.py:809} INFO - DAG(s) dict_keys(['Data_Pipline_V1']) retrieved from /opt/airflow/dags/Trial_1.py
[2023-05-12T02:30:39.636+0000] {logging_mixin.py:149} INFO - [2023-05-12T02:30:39.636+0000] {dag.py:2726} INFO - Sync 1 DAGs
[2023-05-12T02:30:39.679+0000] {logging_mixin.py:149} INFO - [2023-05-12T02:30:39.679+0000] {dag.py:3490} INFO - Setting next_dagrun for Data_Pipline_V1 to 2023-05-12T00:00:00+00:00, run_after=2023-05-13T00:00:00+00:00
[2023-05-12T02:30:39.702+0000] {processor.py:178} INFO - Processing /opt/airflow/dags/Trial_1.py took 0.220 seconds
[2023-05-12T02:31:09.839+0000] {processor.py:156} INFO - Started process (PID=153) to work on /opt/airflow/dags/Trial_1.py
[2023-05-12T02:31:09.844+0000] {processor.py:799} INFO - Processing file /opt/airflow/dags/Trial_1.py for tasks to queue
[2023-05-12T02:31:09.847+0000] {logging_mixin.py:149} INFO - [2023-05-12T02:31:09.847+0000] {dagbag.py:541} INFO - Filling up the DagBag from /opt/airflow/dags/Trial_1.py
[2023-05-12T02:31:09.929+0000] {processor.py:809} INFO - DAG(s) dict_keys(['Data_Pipline_V1']) retrieved from /opt/airflow/dags/Trial_1.py
[2023-05-12T02:31:10.057+0000] {logging_mixin.py:149} INFO - [2023-05-12T02:31:10.057+0000] {dag.py:2726} INFO - Sync 1 DAGs
[2023-05-12T02:31:10.340+0000] {logging_mixin.py:149} INFO - [2023-05-12T02:31:10.339+0000] {dag.py:3490} INFO - Setting next_dagrun for Data_Pipline_V1 to 2023-05-12T00:00:00+00:00, run_after=2023-05-13T00:00:00+00:00
[2023-05-12T02:31:10.547+0000] {processor.py:178} INFO - Processing /opt/airflow/dags/Trial_1.py took 0.740 seconds
[2023-05-12T02:31:41.114+0000] {processor.py:156} INFO - Started process (PID=163) to work on /opt/airflow/dags/Trial_1.py
[2023-05-12T02:31:41.115+0000] {processor.py:799} INFO - Processing file /opt/airflow/dags/Trial_1.py for tasks to queue
[2023-05-12T02:31:41.115+0000] {logging_mixin.py:149} INFO - [2023-05-12T02:31:41.115+0000] {dagbag.py:541} INFO - Filling up the DagBag from /opt/airflow/dags/Trial_1.py
[2023-05-12T02:31:41.156+0000] {processor.py:809} INFO - DAG(s) dict_keys(['Data_Pipline_V1']) retrieved from /opt/airflow/dags/Trial_1.py
[2023-05-12T02:31:41.199+0000] {logging_mixin.py:149} INFO - [2023-05-12T02:31:41.199+0000] {dag.py:2726} INFO - Sync 1 DAGs
[2023-05-12T02:31:41.230+0000] {logging_mixin.py:149} INFO - [2023-05-12T02:31:41.230+0000] {dag.py:3490} INFO - Setting next_dagrun for Data_Pipline_V1 to 2023-05-12T00:00:00+00:00, run_after=2023-05-13T00:00:00+00:00
[2023-05-12T02:31:41.252+0000] {processor.py:178} INFO - Processing /opt/airflow/dags/Trial_1.py took 0.142 seconds
[2023-05-12T02:32:06.312+0000] {processor.py:156} INFO - Started process (PID=171) to work on /opt/airflow/dags/Trial_1.py
[2023-05-12T02:32:06.314+0000] {processor.py:799} INFO - Processing file /opt/airflow/dags/Trial_1.py for tasks to queue
[2023-05-12T02:32:06.315+0000] {logging_mixin.py:149} INFO - [2023-05-12T02:32:06.315+0000] {dagbag.py:541} INFO - Filling up the DagBag from /opt/airflow/dags/Trial_1.py
[2023-05-12T02:32:06.369+0000] {processor.py:809} INFO - DAG(s) dict_keys(['Data_Pipline_V0.1']) retrieved from /opt/airflow/dags/Trial_1.py
[2023-05-12T02:32:06.627+0000] {logging_mixin.py:149} INFO - [2023-05-12T02:32:06.627+0000] {manager.py:504} INFO - Created Permission View: can delete on DAG:Data_Pipline_V0.1
[2023-05-12T02:32:06.638+0000] {logging_mixin.py:149} INFO - [2023-05-12T02:32:06.638+0000] {manager.py:504} INFO - Created Permission View: can edit on DAG:Data_Pipline_V0.1
[2023-05-12T02:32:06.648+0000] {logging_mixin.py:149} INFO - [2023-05-12T02:32:06.648+0000] {manager.py:504} INFO - Created Permission View: can read on DAG:Data_Pipline_V0.1
[2023-05-12T02:32:06.648+0000] {logging_mixin.py:149} INFO - [2023-05-12T02:32:06.648+0000] {dag.py:2726} INFO - Sync 1 DAGs
[2023-05-12T02:32:06.663+0000] {logging_mixin.py:149} INFO - [2023-05-12T02:32:06.663+0000] {dag.py:2747} INFO - Creating ORM DAG for Data_Pipline_V0.1
[2023-05-12T02:32:06.675+0000] {logging_mixin.py:149} INFO - [2023-05-12T02:32:06.675+0000] {dag.py:3490} INFO - Setting next_dagrun for Data_Pipline_V0.1 to 2023-05-11T00:00:00+00:00, run_after=2023-05-12T00:00:00+00:00
[2023-05-12T02:32:06.697+0000] {processor.py:178} INFO - Processing /opt/airflow/dags/Trial_1.py took 0.390 seconds
[2023-05-12T02:32:37.586+0000] {processor.py:156} INFO - Started process (PID=180) to work on /opt/airflow/dags/Trial_1.py
[2023-05-12T02:32:37.588+0000] {processor.py:799} INFO - Processing file /opt/airflow/dags/Trial_1.py for tasks to queue
[2023-05-12T02:32:37.589+0000] {logging_mixin.py:149} INFO - [2023-05-12T02:32:37.589+0000] {dagbag.py:541} INFO - Filling up the DagBag from /opt/airflow/dags/Trial_1.py
[2023-05-12T02:32:37.630+0000] {processor.py:809} INFO - DAG(s) dict_keys(['Data_Pipline_V0.1']) retrieved from /opt/airflow/dags/Trial_1.py
[2023-05-12T02:32:37.662+0000] {logging_mixin.py:149} INFO - [2023-05-12T02:32:37.662+0000] {dag.py:2726} INFO - Sync 1 DAGs
[2023-05-12T02:32:37.688+0000] {logging_mixin.py:149} INFO - [2023-05-12T02:32:37.687+0000] {dag.py:3490} INFO - Setting next_dagrun for Data_Pipline_V0.1 to 2023-05-11T00:00:00+00:00, run_after=2023-05-12T00:00:00+00:00
[2023-05-12T02:32:37.712+0000] {processor.py:178} INFO - Processing /opt/airflow/dags/Trial_1.py took 0.130 seconds
[2023-05-12T02:33:07.775+0000] {processor.py:156} INFO - Started process (PID=189) to work on /opt/airflow/dags/Trial_1.py
[2023-05-12T02:33:07.776+0000] {processor.py:799} INFO - Processing file /opt/airflow/dags/Trial_1.py for tasks to queue
[2023-05-12T02:33:07.777+0000] {logging_mixin.py:149} INFO - [2023-05-12T02:33:07.777+0000] {dagbag.py:541} INFO - Filling up the DagBag from /opt/airflow/dags/Trial_1.py
[2023-05-12T02:33:07.807+0000] {processor.py:809} INFO - DAG(s) dict_keys(['Data_Pipline_V0.1']) retrieved from /opt/airflow/dags/Trial_1.py
[2023-05-12T02:33:07.830+0000] {logging_mixin.py:149} INFO - [2023-05-12T02:33:07.830+0000] {dag.py:2726} INFO - Sync 1 DAGs
[2023-05-12T02:33:07.849+0000] {logging_mixin.py:149} INFO - [2023-05-12T02:33:07.849+0000] {dag.py:3490} INFO - Setting next_dagrun for Data_Pipline_V0.1 to 2023-05-11T00:00:00+00:00, run_after=2023-05-12T00:00:00+00:00
[2023-05-12T02:33:07.868+0000] {processor.py:178} INFO - Processing /opt/airflow/dags/Trial_1.py took 0.095 seconds
[2023-05-12T02:33:37.979+0000] {processor.py:156} INFO - Started process (PID=199) to work on /opt/airflow/dags/Trial_1.py
[2023-05-12T02:33:37.980+0000] {processor.py:799} INFO - Processing file /opt/airflow/dags/Trial_1.py for tasks to queue
[2023-05-12T02:33:37.981+0000] {logging_mixin.py:149} INFO - [2023-05-12T02:33:37.981+0000] {dagbag.py:541} INFO - Filling up the DagBag from /opt/airflow/dags/Trial_1.py
[2023-05-12T02:33:38.010+0000] {processor.py:809} INFO - DAG(s) dict_keys(['Data_Pipline_V0.1']) retrieved from /opt/airflow/dags/Trial_1.py
[2023-05-12T02:33:38.032+0000] {logging_mixin.py:149} INFO - [2023-05-12T02:33:38.031+0000] {dag.py:2726} INFO - Sync 1 DAGs
[2023-05-12T02:33:38.051+0000] {logging_mixin.py:149} INFO - [2023-05-12T02:33:38.051+0000] {dag.py:3490} INFO - Setting next_dagrun for Data_Pipline_V0.1 to 2023-05-11T00:00:00+00:00, run_after=2023-05-12T00:00:00+00:00
[2023-05-12T02:33:38.070+0000] {processor.py:178} INFO - Processing /opt/airflow/dags/Trial_1.py took 0.093 seconds
[2023-05-12T02:34:08.174+0000] {processor.py:156} INFO - Started process (PID=208) to work on /opt/airflow/dags/Trial_1.py
[2023-05-12T02:34:08.175+0000] {processor.py:799} INFO - Processing file /opt/airflow/dags/Trial_1.py for tasks to queue
[2023-05-12T02:34:08.175+0000] {logging_mixin.py:149} INFO - [2023-05-12T02:34:08.175+0000] {dagbag.py:541} INFO - Filling up the DagBag from /opt/airflow/dags/Trial_1.py
[2023-05-12T02:34:08.207+0000] {processor.py:809} INFO - DAG(s) dict_keys(['Data_Pipline_V0.1']) retrieved from /opt/airflow/dags/Trial_1.py
[2023-05-12T02:34:08.229+0000] {logging_mixin.py:149} INFO - [2023-05-12T02:34:08.229+0000] {dag.py:2726} INFO - Sync 1 DAGs
[2023-05-12T02:34:08.252+0000] {logging_mixin.py:149} INFO - [2023-05-12T02:34:08.252+0000] {dag.py:3490} INFO - Setting next_dagrun for Data_Pipline_V0.1 to 2023-05-11T00:00:00+00:00, run_after=2023-05-12T00:00:00+00:00
[2023-05-12T02:34:08.273+0000] {processor.py:178} INFO - Processing /opt/airflow/dags/Trial_1.py took 0.101 seconds
[2023-05-12T02:34:38.364+0000] {processor.py:156} INFO - Started process (PID=217) to work on /opt/airflow/dags/Trial_1.py
[2023-05-12T02:34:38.365+0000] {processor.py:799} INFO - Processing file /opt/airflow/dags/Trial_1.py for tasks to queue
[2023-05-12T02:34:38.365+0000] {logging_mixin.py:149} INFO - [2023-05-12T02:34:38.365+0000] {dagbag.py:541} INFO - Filling up the DagBag from /opt/airflow/dags/Trial_1.py
[2023-05-12T02:34:38.396+0000] {processor.py:809} INFO - DAG(s) dict_keys(['Data_Pipline_V0.1']) retrieved from /opt/airflow/dags/Trial_1.py
[2023-05-12T02:34:38.420+0000] {logging_mixin.py:149} INFO - [2023-05-12T02:34:38.420+0000] {dag.py:2726} INFO - Sync 1 DAGs
[2023-05-12T02:34:38.440+0000] {logging_mixin.py:149} INFO - [2023-05-12T02:34:38.440+0000] {dag.py:3490} INFO - Setting next_dagrun for Data_Pipline_V0.1 to 2023-05-11T00:00:00+00:00, run_after=2023-05-12T00:00:00+00:00
[2023-05-12T02:34:38.459+0000] {processor.py:178} INFO - Processing /opt/airflow/dags/Trial_1.py took 0.098 seconds
[2023-05-12T02:35:08.617+0000] {processor.py:156} INFO - Started process (PID=226) to work on /opt/airflow/dags/Trial_1.py
[2023-05-12T02:35:08.618+0000] {processor.py:799} INFO - Processing file /opt/airflow/dags/Trial_1.py for tasks to queue
[2023-05-12T02:35:08.618+0000] {logging_mixin.py:149} INFO - [2023-05-12T02:35:08.618+0000] {dagbag.py:541} INFO - Filling up the DagBag from /opt/airflow/dags/Trial_1.py
[2023-05-12T02:35:08.646+0000] {processor.py:809} INFO - DAG(s) dict_keys(['Data_Pipline_V0.1']) retrieved from /opt/airflow/dags/Trial_1.py
[2023-05-12T02:35:08.669+0000] {logging_mixin.py:149} INFO - [2023-05-12T02:35:08.669+0000] {dag.py:2726} INFO - Sync 1 DAGs
[2023-05-12T02:35:08.690+0000] {logging_mixin.py:149} INFO - [2023-05-12T02:35:08.690+0000] {dag.py:3490} INFO - Setting next_dagrun for Data_Pipline_V0.1 to 2023-05-11T00:00:00+00:00, run_after=2023-05-12T00:00:00+00:00
[2023-05-12T02:35:08.709+0000] {processor.py:178} INFO - Processing /opt/airflow/dags/Trial_1.py took 0.095 seconds
[2023-05-12T02:35:38.808+0000] {processor.py:156} INFO - Started process (PID=235) to work on /opt/airflow/dags/Trial_1.py
[2023-05-12T02:35:38.809+0000] {processor.py:799} INFO - Processing file /opt/airflow/dags/Trial_1.py for tasks to queue
[2023-05-12T02:35:38.810+0000] {logging_mixin.py:149} INFO - [2023-05-12T02:35:38.810+0000] {dagbag.py:541} INFO - Filling up the DagBag from /opt/airflow/dags/Trial_1.py
[2023-05-12T02:35:38.843+0000] {processor.py:809} INFO - DAG(s) dict_keys(['Data_Pipline_V0.1']) retrieved from /opt/airflow/dags/Trial_1.py
[2023-05-12T02:35:38.868+0000] {logging_mixin.py:149} INFO - [2023-05-12T02:35:38.868+0000] {dag.py:2726} INFO - Sync 1 DAGs
[2023-05-12T02:35:38.889+0000] {logging_mixin.py:149} INFO - [2023-05-12T02:35:38.889+0000] {dag.py:3490} INFO - Setting next_dagrun for Data_Pipline_V0.1 to 2023-05-11T00:00:00+00:00, run_after=2023-05-12T00:00:00+00:00
[2023-05-12T02:35:38.912+0000] {processor.py:178} INFO - Processing /opt/airflow/dags/Trial_1.py took 0.107 seconds
[2023-05-12T02:36:08.992+0000] {processor.py:156} INFO - Started process (PID=244) to work on /opt/airflow/dags/Trial_1.py
[2023-05-12T02:36:08.993+0000] {processor.py:799} INFO - Processing file /opt/airflow/dags/Trial_1.py for tasks to queue
[2023-05-12T02:36:08.994+0000] {logging_mixin.py:149} INFO - [2023-05-12T02:36:08.994+0000] {dagbag.py:541} INFO - Filling up the DagBag from /opt/airflow/dags/Trial_1.py
[2023-05-12T02:36:09.026+0000] {processor.py:809} INFO - DAG(s) dict_keys(['Data_Pipline_V0.1']) retrieved from /opt/airflow/dags/Trial_1.py
[2023-05-12T02:36:09.050+0000] {logging_mixin.py:149} INFO - [2023-05-12T02:36:09.050+0000] {dag.py:2726} INFO - Sync 1 DAGs
[2023-05-12T02:36:09.071+0000] {logging_mixin.py:149} INFO - [2023-05-12T02:36:09.070+0000] {dag.py:3490} INFO - Setting next_dagrun for Data_Pipline_V0.1 to 2023-05-11T00:00:00+00:00, run_after=2023-05-12T00:00:00+00:00
[2023-05-12T02:36:09.090+0000] {processor.py:178} INFO - Processing /opt/airflow/dags/Trial_1.py took 0.100 seconds
[2023-05-12T02:36:39.199+0000] {processor.py:156} INFO - Started process (PID=253) to work on /opt/airflow/dags/Trial_1.py
[2023-05-12T02:36:39.200+0000] {processor.py:799} INFO - Processing file /opt/airflow/dags/Trial_1.py for tasks to queue
[2023-05-12T02:36:39.200+0000] {logging_mixin.py:149} INFO - [2023-05-12T02:36:39.200+0000] {dagbag.py:541} INFO - Filling up the DagBag from /opt/airflow/dags/Trial_1.py
[2023-05-12T02:36:39.240+0000] {processor.py:809} INFO - DAG(s) dict_keys(['Data_Pipline_V0.1']) retrieved from /opt/airflow/dags/Trial_1.py
[2023-05-12T02:36:39.272+0000] {logging_mixin.py:149} INFO - [2023-05-12T02:36:39.272+0000] {dag.py:2726} INFO - Sync 1 DAGs
[2023-05-12T02:36:39.306+0000] {logging_mixin.py:149} INFO - [2023-05-12T02:36:39.306+0000] {dag.py:3490} INFO - Setting next_dagrun for Data_Pipline_V0.1 to 2023-05-11T00:00:00+00:00, run_after=2023-05-12T00:00:00+00:00
[2023-05-12T02:36:39.331+0000] {processor.py:178} INFO - Processing /opt/airflow/dags/Trial_1.py took 0.135 seconds
[2023-05-12T02:37:09.392+0000] {processor.py:156} INFO - Started process (PID=262) to work on /opt/airflow/dags/Trial_1.py
[2023-05-12T02:37:09.393+0000] {processor.py:799} INFO - Processing file /opt/airflow/dags/Trial_1.py for tasks to queue
[2023-05-12T02:37:09.393+0000] {logging_mixin.py:149} INFO - [2023-05-12T02:37:09.393+0000] {dagbag.py:541} INFO - Filling up the DagBag from /opt/airflow/dags/Trial_1.py
[2023-05-12T02:37:09.427+0000] {processor.py:809} INFO - DAG(s) dict_keys(['Data_Pipline_V0.1']) retrieved from /opt/airflow/dags/Trial_1.py
[2023-05-12T02:37:09.453+0000] {logging_mixin.py:149} INFO - [2023-05-12T02:37:09.453+0000] {dag.py:2726} INFO - Sync 1 DAGs
[2023-05-12T02:37:09.475+0000] {logging_mixin.py:149} INFO - [2023-05-12T02:37:09.475+0000] {dag.py:3490} INFO - Setting next_dagrun for Data_Pipline_V0.1 to 2023-05-11T00:00:00+00:00, run_after=2023-05-12T00:00:00+00:00
[2023-05-12T02:37:09.494+0000] {processor.py:178} INFO - Processing /opt/airflow/dags/Trial_1.py took 0.105 seconds
[2023-05-12T02:37:39.581+0000] {processor.py:156} INFO - Started process (PID=275) to work on /opt/airflow/dags/Trial_1.py
[2023-05-12T02:37:39.583+0000] {processor.py:799} INFO - Processing file /opt/airflow/dags/Trial_1.py for tasks to queue
[2023-05-12T02:37:39.584+0000] {logging_mixin.py:149} INFO - [2023-05-12T02:37:39.583+0000] {dagbag.py:541} INFO - Filling up the DagBag from /opt/airflow/dags/Trial_1.py
[2023-05-12T02:37:39.627+0000] {processor.py:809} INFO - DAG(s) dict_keys(['Data_Pipline_V0.1']) retrieved from /opt/airflow/dags/Trial_1.py
[2023-05-12T02:37:39.665+0000] {logging_mixin.py:149} INFO - [2023-05-12T02:37:39.665+0000] {dag.py:2726} INFO - Sync 1 DAGs
[2023-05-12T02:37:39.698+0000] {logging_mixin.py:149} INFO - [2023-05-12T02:37:39.698+0000] {dag.py:3490} INFO - Setting next_dagrun for Data_Pipline_V0.1 to 2023-05-12T00:00:00+00:00, run_after=2023-05-13T00:00:00+00:00
[2023-05-12T02:37:39.719+0000] {processor.py:178} INFO - Processing /opt/airflow/dags/Trial_1.py took 0.142 seconds
[2023-05-12T02:38:09.760+0000] {processor.py:156} INFO - Started process (PID=284) to work on /opt/airflow/dags/Trial_1.py
[2023-05-12T02:38:09.761+0000] {processor.py:799} INFO - Processing file /opt/airflow/dags/Trial_1.py for tasks to queue
[2023-05-12T02:38:09.762+0000] {logging_mixin.py:149} INFO - [2023-05-12T02:38:09.762+0000] {dagbag.py:541} INFO - Filling up the DagBag from /opt/airflow/dags/Trial_1.py
[2023-05-12T02:38:09.794+0000] {processor.py:809} INFO - DAG(s) dict_keys(['Data_Pipline_V0.1']) retrieved from /opt/airflow/dags/Trial_1.py
[2023-05-12T02:38:09.820+0000] {logging_mixin.py:149} INFO - [2023-05-12T02:38:09.820+0000] {dag.py:2726} INFO - Sync 1 DAGs
[2023-05-12T02:38:09.842+0000] {logging_mixin.py:149} INFO - [2023-05-12T02:38:09.842+0000] {dag.py:3490} INFO - Setting next_dagrun for Data_Pipline_V0.1 to 2023-05-12T00:00:00+00:00, run_after=2023-05-13T00:00:00+00:00
[2023-05-12T02:38:09.863+0000] {processor.py:178} INFO - Processing /opt/airflow/dags/Trial_1.py took 0.105 seconds
[2023-05-12T02:38:40.011+0000] {processor.py:156} INFO - Started process (PID=293) to work on /opt/airflow/dags/Trial_1.py
[2023-05-12T02:38:40.014+0000] {processor.py:799} INFO - Processing file /opt/airflow/dags/Trial_1.py for tasks to queue
[2023-05-12T02:38:40.015+0000] {logging_mixin.py:149} INFO - [2023-05-12T02:38:40.015+0000] {dagbag.py:541} INFO - Filling up the DagBag from /opt/airflow/dags/Trial_1.py
[2023-05-12T02:38:40.067+0000] {processor.py:809} INFO - DAG(s) dict_keys(['Data_Pipline_V0.1']) retrieved from /opt/airflow/dags/Trial_1.py
[2023-05-12T02:38:40.107+0000] {logging_mixin.py:149} INFO - [2023-05-12T02:38:40.107+0000] {dag.py:2726} INFO - Sync 1 DAGs
[2023-05-12T02:38:40.145+0000] {logging_mixin.py:149} INFO - [2023-05-12T02:38:40.145+0000] {dag.py:3490} INFO - Setting next_dagrun for Data_Pipline_V0.1 to 2023-05-12T00:00:00+00:00, run_after=2023-05-13T00:00:00+00:00
[2023-05-12T02:38:40.171+0000] {processor.py:178} INFO - Processing /opt/airflow/dags/Trial_1.py took 0.162 seconds
[2023-05-12T02:39:10.446+0000] {processor.py:156} INFO - Started process (PID=302) to work on /opt/airflow/dags/Trial_1.py
[2023-05-12T02:39:10.451+0000] {processor.py:799} INFO - Processing file /opt/airflow/dags/Trial_1.py for tasks to queue
[2023-05-12T02:39:10.458+0000] {logging_mixin.py:149} INFO - [2023-05-12T02:39:10.458+0000] {dagbag.py:541} INFO - Filling up the DagBag from /opt/airflow/dags/Trial_1.py
[2023-05-12T02:39:10.701+0000] {processor.py:809} INFO - DAG(s) dict_keys(['Data_Pipline_V0.1']) retrieved from /opt/airflow/dags/Trial_1.py
[2023-05-12T02:39:11.064+0000] {logging_mixin.py:149} INFO - [2023-05-12T02:39:11.064+0000] {dag.py:2726} INFO - Sync 1 DAGs
[2023-05-12T02:39:11.189+0000] {logging_mixin.py:149} INFO - [2023-05-12T02:39:11.189+0000] {dag.py:3490} INFO - Setting next_dagrun for Data_Pipline_V0.1 to 2023-05-12T00:00:00+00:00, run_after=2023-05-13T00:00:00+00:00
[2023-05-12T02:39:11.268+0000] {processor.py:178} INFO - Processing /opt/airflow/dags/Trial_1.py took 0.896 seconds
[2023-05-12T02:39:41.952+0000] {processor.py:156} INFO - Started process (PID=312) to work on /opt/airflow/dags/Trial_1.py
[2023-05-12T02:39:41.958+0000] {processor.py:799} INFO - Processing file /opt/airflow/dags/Trial_1.py for tasks to queue
[2023-05-12T02:39:41.960+0000] {logging_mixin.py:149} INFO - [2023-05-12T02:39:41.960+0000] {dagbag.py:541} INFO - Filling up the DagBag from /opt/airflow/dags/Trial_1.py
[2023-05-12T02:39:42.198+0000] {processor.py:809} INFO - DAG(s) dict_keys(['Data_Pipline_V0.1']) retrieved from /opt/airflow/dags/Trial_1.py
[2023-05-12T02:39:42.442+0000] {logging_mixin.py:149} INFO - [2023-05-12T02:39:42.442+0000] {dag.py:2726} INFO - Sync 1 DAGs
[2023-05-12T02:39:42.538+0000] {logging_mixin.py:149} INFO - [2023-05-12T02:39:42.537+0000] {dag.py:3490} INFO - Setting next_dagrun for Data_Pipline_V0.1 to 2023-05-12T00:00:00+00:00, run_after=2023-05-13T00:00:00+00:00
[2023-05-12T02:39:42.585+0000] {processor.py:178} INFO - Processing /opt/airflow/dags/Trial_1.py took 0.659 seconds
[2023-05-12T02:40:13.222+0000] {processor.py:156} INFO - Started process (PID=322) to work on /opt/airflow/dags/Trial_1.py
[2023-05-12T02:40:13.224+0000] {processor.py:799} INFO - Processing file /opt/airflow/dags/Trial_1.py for tasks to queue
[2023-05-12T02:40:13.225+0000] {logging_mixin.py:149} INFO - [2023-05-12T02:40:13.225+0000] {dagbag.py:541} INFO - Filling up the DagBag from /opt/airflow/dags/Trial_1.py
[2023-05-12T02:40:13.262+0000] {processor.py:809} INFO - DAG(s) dict_keys(['Data_Pipline_V0.1']) retrieved from /opt/airflow/dags/Trial_1.py
[2023-05-12T02:40:13.291+0000] {logging_mixin.py:149} INFO - [2023-05-12T02:40:13.291+0000] {dag.py:2726} INFO - Sync 1 DAGs
[2023-05-12T02:40:13.320+0000] {logging_mixin.py:149} INFO - [2023-05-12T02:40:13.320+0000] {dag.py:3490} INFO - Setting next_dagrun for Data_Pipline_V0.1 to 2023-05-12T00:00:00+00:00, run_after=2023-05-13T00:00:00+00:00
[2023-05-12T02:40:13.338+0000] {processor.py:178} INFO - Processing /opt/airflow/dags/Trial_1.py took 0.121 seconds
[2023-05-12T02:40:43.422+0000] {processor.py:156} INFO - Started process (PID=331) to work on /opt/airflow/dags/Trial_1.py
[2023-05-12T02:40:43.424+0000] {processor.py:799} INFO - Processing file /opt/airflow/dags/Trial_1.py for tasks to queue
[2023-05-12T02:40:43.425+0000] {logging_mixin.py:149} INFO - [2023-05-12T02:40:43.425+0000] {dagbag.py:541} INFO - Filling up the DagBag from /opt/airflow/dags/Trial_1.py
[2023-05-12T02:40:43.457+0000] {processor.py:809} INFO - DAG(s) dict_keys(['Data_Pipline_V0.1']) retrieved from /opt/airflow/dags/Trial_1.py
[2023-05-12T02:40:43.483+0000] {logging_mixin.py:149} INFO - [2023-05-12T02:40:43.482+0000] {dag.py:2726} INFO - Sync 1 DAGs
[2023-05-12T02:40:43.507+0000] {logging_mixin.py:149} INFO - [2023-05-12T02:40:43.507+0000] {dag.py:3490} INFO - Setting next_dagrun for Data_Pipline_V0.1 to 2023-05-12T00:00:00+00:00, run_after=2023-05-13T00:00:00+00:00
[2023-05-12T02:40:43.525+0000] {processor.py:178} INFO - Processing /opt/airflow/dags/Trial_1.py took 0.105 seconds
[2023-05-12T02:41:13.641+0000] {processor.py:156} INFO - Started process (PID=340) to work on /opt/airflow/dags/Trial_1.py
[2023-05-12T02:41:13.643+0000] {processor.py:799} INFO - Processing file /opt/airflow/dags/Trial_1.py for tasks to queue
[2023-05-12T02:41:13.644+0000] {logging_mixin.py:149} INFO - [2023-05-12T02:41:13.644+0000] {dagbag.py:541} INFO - Filling up the DagBag from /opt/airflow/dags/Trial_1.py
[2023-05-12T02:41:13.689+0000] {processor.py:809} INFO - DAG(s) dict_keys(['Data_Pipline_V0.1']) retrieved from /opt/airflow/dags/Trial_1.py
[2023-05-12T02:41:13.726+0000] {logging_mixin.py:149} INFO - [2023-05-12T02:41:13.726+0000] {dag.py:2726} INFO - Sync 1 DAGs
[2023-05-12T02:41:13.753+0000] {logging_mixin.py:149} INFO - [2023-05-12T02:41:13.753+0000] {dag.py:3490} INFO - Setting next_dagrun for Data_Pipline_V0.1 to 2023-05-12T00:00:00+00:00, run_after=2023-05-13T00:00:00+00:00
[2023-05-12T02:41:13.772+0000] {processor.py:178} INFO - Processing /opt/airflow/dags/Trial_1.py took 0.135 seconds
[2023-05-12T02:41:43.825+0000] {processor.py:156} INFO - Started process (PID=349) to work on /opt/airflow/dags/Trial_1.py
[2023-05-12T02:41:43.826+0000] {processor.py:799} INFO - Processing file /opt/airflow/dags/Trial_1.py for tasks to queue
[2023-05-12T02:41:43.827+0000] {logging_mixin.py:149} INFO - [2023-05-12T02:41:43.827+0000] {dagbag.py:541} INFO - Filling up the DagBag from /opt/airflow/dags/Trial_1.py
[2023-05-12T02:41:43.859+0000] {processor.py:809} INFO - DAG(s) dict_keys(['Data_Pipline_V0.1']) retrieved from /opt/airflow/dags/Trial_1.py
[2023-05-12T02:41:43.884+0000] {logging_mixin.py:149} INFO - [2023-05-12T02:41:43.883+0000] {dag.py:2726} INFO - Sync 1 DAGs
[2023-05-12T02:41:43.903+0000] {logging_mixin.py:149} INFO - [2023-05-12T02:41:43.903+0000] {dag.py:3490} INFO - Setting next_dagrun for Data_Pipline_V0.1 to 2023-05-12T00:00:00+00:00, run_after=2023-05-13T00:00:00+00:00
[2023-05-12T02:41:43.920+0000] {processor.py:178} INFO - Processing /opt/airflow/dags/Trial_1.py took 0.097 seconds
[2023-05-12T02:42:14.069+0000] {processor.py:156} INFO - Started process (PID=362) to work on /opt/airflow/dags/Trial_1.py
[2023-05-12T02:42:14.070+0000] {processor.py:799} INFO - Processing file /opt/airflow/dags/Trial_1.py for tasks to queue
[2023-05-12T02:42:14.071+0000] {logging_mixin.py:149} INFO - [2023-05-12T02:42:14.071+0000] {dagbag.py:541} INFO - Filling up the DagBag from /opt/airflow/dags/Trial_1.py
[2023-05-12T02:42:14.104+0000] {processor.py:809} INFO - DAG(s) dict_keys(['Data_Pipline_V0.1']) retrieved from /opt/airflow/dags/Trial_1.py
[2023-05-12T02:42:14.129+0000] {logging_mixin.py:149} INFO - [2023-05-12T02:42:14.129+0000] {dag.py:2726} INFO - Sync 1 DAGs
[2023-05-12T02:42:14.150+0000] {logging_mixin.py:149} INFO - [2023-05-12T02:42:14.149+0000] {dag.py:3490} INFO - Setting next_dagrun for Data_Pipline_V0.1 to 2023-05-12T00:00:00+00:00, run_after=2023-05-13T00:00:00+00:00
[2023-05-12T02:42:14.168+0000] {processor.py:178} INFO - Processing /opt/airflow/dags/Trial_1.py took 0.101 seconds
[2023-05-12T02:42:44.258+0000] {processor.py:156} INFO - Started process (PID=371) to work on /opt/airflow/dags/Trial_1.py
[2023-05-12T02:42:44.259+0000] {processor.py:799} INFO - Processing file /opt/airflow/dags/Trial_1.py for tasks to queue
[2023-05-12T02:42:44.260+0000] {logging_mixin.py:149} INFO - [2023-05-12T02:42:44.259+0000] {dagbag.py:541} INFO - Filling up the DagBag from /opt/airflow/dags/Trial_1.py
[2023-05-12T02:42:44.291+0000] {processor.py:809} INFO - DAG(s) dict_keys(['Data_Pipline_V0.1']) retrieved from /opt/airflow/dags/Trial_1.py
[2023-05-12T02:42:44.316+0000] {logging_mixin.py:149} INFO - [2023-05-12T02:42:44.316+0000] {dag.py:2726} INFO - Sync 1 DAGs
[2023-05-12T02:42:44.337+0000] {logging_mixin.py:149} INFO - [2023-05-12T02:42:44.337+0000] {dag.py:3490} INFO - Setting next_dagrun for Data_Pipline_V0.1 to 2023-05-12T00:00:00+00:00, run_after=2023-05-13T00:00:00+00:00
[2023-05-12T02:42:44.355+0000] {processor.py:178} INFO - Processing /opt/airflow/dags/Trial_1.py took 0.100 seconds
[2023-05-12T02:43:14.458+0000] {processor.py:156} INFO - Started process (PID=380) to work on /opt/airflow/dags/Trial_1.py
[2023-05-12T02:43:14.459+0000] {processor.py:799} INFO - Processing file /opt/airflow/dags/Trial_1.py for tasks to queue
[2023-05-12T02:43:14.459+0000] {logging_mixin.py:149} INFO - [2023-05-12T02:43:14.459+0000] {dagbag.py:541} INFO - Filling up the DagBag from /opt/airflow/dags/Trial_1.py
[2023-05-12T02:43:14.493+0000] {processor.py:809} INFO - DAG(s) dict_keys(['Data_Pipline_V0.1']) retrieved from /opt/airflow/dags/Trial_1.py
[2023-05-12T02:43:14.520+0000] {logging_mixin.py:149} INFO - [2023-05-12T02:43:14.520+0000] {dag.py:2726} INFO - Sync 1 DAGs
[2023-05-12T02:43:14.544+0000] {logging_mixin.py:149} INFO - [2023-05-12T02:43:14.544+0000] {dag.py:3490} INFO - Setting next_dagrun for Data_Pipline_V0.1 to 2023-05-12T00:00:00+00:00, run_after=2023-05-13T00:00:00+00:00
[2023-05-12T02:43:14.563+0000] {processor.py:178} INFO - Processing /opt/airflow/dags/Trial_1.py took 0.108 seconds
[2023-05-12T02:43:44.648+0000] {processor.py:156} INFO - Started process (PID=390) to work on /opt/airflow/dags/Trial_1.py
[2023-05-12T02:43:44.649+0000] {processor.py:799} INFO - Processing file /opt/airflow/dags/Trial_1.py for tasks to queue
[2023-05-12T02:43:44.650+0000] {logging_mixin.py:149} INFO - [2023-05-12T02:43:44.650+0000] {dagbag.py:541} INFO - Filling up the DagBag from /opt/airflow/dags/Trial_1.py
[2023-05-12T02:43:44.684+0000] {processor.py:809} INFO - DAG(s) dict_keys(['Data_Pipline_V0.1']) retrieved from /opt/airflow/dags/Trial_1.py
[2023-05-12T02:43:44.708+0000] {logging_mixin.py:149} INFO - [2023-05-12T02:43:44.708+0000] {dag.py:2726} INFO - Sync 1 DAGs
[2023-05-12T02:43:44.733+0000] {logging_mixin.py:149} INFO - [2023-05-12T02:43:44.733+0000] {dag.py:3490} INFO - Setting next_dagrun for Data_Pipline_V0.1 to 2023-05-12T00:00:00+00:00, run_after=2023-05-13T00:00:00+00:00
[2023-05-12T02:43:44.752+0000] {processor.py:178} INFO - Processing /opt/airflow/dags/Trial_1.py took 0.106 seconds
[2023-05-12T02:44:14.842+0000] {processor.py:156} INFO - Started process (PID=400) to work on /opt/airflow/dags/Trial_1.py
[2023-05-12T02:44:14.842+0000] {processor.py:799} INFO - Processing file /opt/airflow/dags/Trial_1.py for tasks to queue
[2023-05-12T02:44:14.843+0000] {logging_mixin.py:149} INFO - [2023-05-12T02:44:14.843+0000] {dagbag.py:541} INFO - Filling up the DagBag from /opt/airflow/dags/Trial_1.py
[2023-05-12T02:44:14.870+0000] {processor.py:809} INFO - DAG(s) dict_keys(['Data_Pipline_V0.1']) retrieved from /opt/airflow/dags/Trial_1.py
[2023-05-12T02:44:14.894+0000] {logging_mixin.py:149} INFO - [2023-05-12T02:44:14.894+0000] {dag.py:2726} INFO - Sync 1 DAGs
[2023-05-12T02:44:14.914+0000] {logging_mixin.py:149} INFO - [2023-05-12T02:44:14.914+0000] {dag.py:3490} INFO - Setting next_dagrun for Data_Pipline_V0.1 to 2023-05-12T00:00:00+00:00, run_after=2023-05-13T00:00:00+00:00
[2023-05-12T02:44:14.933+0000] {processor.py:178} INFO - Processing /opt/airflow/dags/Trial_1.py took 0.094 seconds
[2023-05-12T02:44:45.030+0000] {processor.py:156} INFO - Started process (PID=409) to work on /opt/airflow/dags/Trial_1.py
[2023-05-12T02:44:45.031+0000] {processor.py:799} INFO - Processing file /opt/airflow/dags/Trial_1.py for tasks to queue
[2023-05-12T02:44:45.032+0000] {logging_mixin.py:149} INFO - [2023-05-12T02:44:45.032+0000] {dagbag.py:541} INFO - Filling up the DagBag from /opt/airflow/dags/Trial_1.py
[2023-05-12T02:44:45.072+0000] {processor.py:809} INFO - DAG(s) dict_keys(['Data_Pipline_V0.1']) retrieved from /opt/airflow/dags/Trial_1.py
[2023-05-12T02:44:45.097+0000] {logging_mixin.py:149} INFO - [2023-05-12T02:44:45.096+0000] {dag.py:2726} INFO - Sync 1 DAGs
[2023-05-12T02:44:45.117+0000] {logging_mixin.py:149} INFO - [2023-05-12T02:44:45.117+0000] {dag.py:3490} INFO - Setting next_dagrun for Data_Pipline_V0.1 to 2023-05-12T00:00:00+00:00, run_after=2023-05-13T00:00:00+00:00
[2023-05-12T02:44:45.137+0000] {processor.py:178} INFO - Processing /opt/airflow/dags/Trial_1.py took 0.109 seconds
[2023-05-12T02:45:15.301+0000] {processor.py:156} INFO - Started process (PID=417) to work on /opt/airflow/dags/Trial_1.py
[2023-05-12T02:45:15.303+0000] {processor.py:799} INFO - Processing file /opt/airflow/dags/Trial_1.py for tasks to queue
[2023-05-12T02:45:15.304+0000] {logging_mixin.py:149} INFO - [2023-05-12T02:45:15.304+0000] {dagbag.py:541} INFO - Filling up the DagBag from /opt/airflow/dags/Trial_1.py
[2023-05-12T02:45:15.371+0000] {processor.py:809} INFO - DAG(s) dict_keys(['Data_Pipline_V0.1']) retrieved from /opt/airflow/dags/Trial_1.py
[2023-05-12T02:45:15.424+0000] {logging_mixin.py:149} INFO - [2023-05-12T02:45:15.424+0000] {dag.py:2726} INFO - Sync 1 DAGs
[2023-05-12T02:45:15.462+0000] {logging_mixin.py:149} INFO - [2023-05-12T02:45:15.462+0000] {dag.py:3490} INFO - Setting next_dagrun for Data_Pipline_V0.1 to 2023-05-12T00:00:00+00:00, run_after=2023-05-13T00:00:00+00:00
[2023-05-12T02:45:15.486+0000] {processor.py:178} INFO - Processing /opt/airflow/dags/Trial_1.py took 0.193 seconds
[2023-05-12T02:49:19.981+0000] {processor.py:156} INFO - Started process (PID=41) to work on /opt/airflow/dags/Trial_1.py
[2023-05-12T02:49:19.982+0000] {processor.py:799} INFO - Processing file /opt/airflow/dags/Trial_1.py for tasks to queue
[2023-05-12T02:49:19.983+0000] {logging_mixin.py:149} INFO - [2023-05-12T02:49:19.982+0000] {dagbag.py:541} INFO - Filling up the DagBag from /opt/airflow/dags/Trial_1.py
[2023-05-12T02:49:20.040+0000] {processor.py:809} INFO - DAG(s) dict_keys(['Data_Pipline_V01']) retrieved from /opt/airflow/dags/Trial_1.py
[2023-05-12T02:49:20.281+0000] {logging_mixin.py:149} INFO - [2023-05-12T02:49:20.281+0000] {manager.py:504} INFO - Created Permission View: can delete on DAG:Data_Pipline_V01
[2023-05-12T02:49:20.291+0000] {logging_mixin.py:149} INFO - [2023-05-12T02:49:20.290+0000] {manager.py:504} INFO - Created Permission View: can read on DAG:Data_Pipline_V01
[2023-05-12T02:49:20.298+0000] {logging_mixin.py:149} INFO - [2023-05-12T02:49:20.298+0000] {manager.py:504} INFO - Created Permission View: can edit on DAG:Data_Pipline_V01
[2023-05-12T02:49:20.299+0000] {logging_mixin.py:149} INFO - [2023-05-12T02:49:20.298+0000] {dag.py:2726} INFO - Sync 1 DAGs
[2023-05-12T02:49:20.308+0000] {logging_mixin.py:149} INFO - [2023-05-12T02:49:20.307+0000] {dag.py:2747} INFO - Creating ORM DAG for Data_Pipline_V01
[2023-05-12T02:49:20.316+0000] {logging_mixin.py:149} INFO - [2023-05-12T02:49:20.316+0000] {dag.py:3490} INFO - Setting next_dagrun for Data_Pipline_V01 to 2023-05-11T00:00:00+00:00, run_after=2023-05-12T00:00:00+00:00
[2023-05-12T02:49:20.332+0000] {processor.py:178} INFO - Processing /opt/airflow/dags/Trial_1.py took 0.354 seconds
[2023-05-12T02:49:51.223+0000] {processor.py:156} INFO - Started process (PID=51) to work on /opt/airflow/dags/Trial_1.py
[2023-05-12T02:49:51.224+0000] {processor.py:799} INFO - Processing file /opt/airflow/dags/Trial_1.py for tasks to queue
[2023-05-12T02:49:51.225+0000] {logging_mixin.py:149} INFO - [2023-05-12T02:49:51.224+0000] {dagbag.py:541} INFO - Filling up the DagBag from /opt/airflow/dags/Trial_1.py
[2023-05-12T02:49:51.253+0000] {processor.py:809} INFO - DAG(s) dict_keys(['Data_Pipline_V01']) retrieved from /opt/airflow/dags/Trial_1.py
[2023-05-12T02:49:51.275+0000] {logging_mixin.py:149} INFO - [2023-05-12T02:49:51.275+0000] {dag.py:2726} INFO - Sync 1 DAGs
[2023-05-12T02:49:51.295+0000] {logging_mixin.py:149} INFO - [2023-05-12T02:49:51.295+0000] {dag.py:3490} INFO - Setting next_dagrun for Data_Pipline_V01 to 2023-05-11T00:00:00+00:00, run_after=2023-05-12T00:00:00+00:00
[2023-05-12T02:49:51.315+0000] {processor.py:178} INFO - Processing /opt/airflow/dags/Trial_1.py took 0.095 seconds
[2023-05-12T02:50:21.416+0000] {processor.py:156} INFO - Started process (PID=65) to work on /opt/airflow/dags/Trial_1.py
[2023-05-12T02:50:21.417+0000] {processor.py:799} INFO - Processing file /opt/airflow/dags/Trial_1.py for tasks to queue
[2023-05-12T02:50:21.417+0000] {logging_mixin.py:149} INFO - [2023-05-12T02:50:21.417+0000] {dagbag.py:541} INFO - Filling up the DagBag from /opt/airflow/dags/Trial_1.py
[2023-05-12T02:50:21.450+0000] {processor.py:809} INFO - DAG(s) dict_keys(['Data_Pipline_V01']) retrieved from /opt/airflow/dags/Trial_1.py
[2023-05-12T02:50:21.473+0000] {logging_mixin.py:149} INFO - [2023-05-12T02:50:21.473+0000] {dag.py:2726} INFO - Sync 1 DAGs
[2023-05-12T02:50:21.494+0000] {logging_mixin.py:149} INFO - [2023-05-12T02:50:21.494+0000] {dag.py:3490} INFO - Setting next_dagrun for Data_Pipline_V01 to 2023-05-12T00:00:00+00:00, run_after=2023-05-13T00:00:00+00:00
[2023-05-12T02:50:21.515+0000] {processor.py:178} INFO - Processing /opt/airflow/dags/Trial_1.py took 0.102 seconds
[2023-05-12T02:50:51.625+0000] {processor.py:156} INFO - Started process (PID=74) to work on /opt/airflow/dags/Trial_1.py
[2023-05-12T02:50:51.626+0000] {processor.py:799} INFO - Processing file /opt/airflow/dags/Trial_1.py for tasks to queue
[2023-05-12T02:50:51.627+0000] {logging_mixin.py:149} INFO - [2023-05-12T02:50:51.627+0000] {dagbag.py:541} INFO - Filling up the DagBag from /opt/airflow/dags/Trial_1.py
[2023-05-12T02:50:51.662+0000] {processor.py:809} INFO - DAG(s) dict_keys(['Data_Pipline_V01']) retrieved from /opt/airflow/dags/Trial_1.py
[2023-05-12T02:50:51.685+0000] {logging_mixin.py:149} INFO - [2023-05-12T02:50:51.685+0000] {dag.py:2726} INFO - Sync 1 DAGs
[2023-05-12T02:50:51.708+0000] {logging_mixin.py:149} INFO - [2023-05-12T02:50:51.708+0000] {dag.py:3490} INFO - Setting next_dagrun for Data_Pipline_V01 to 2023-05-12T00:00:00+00:00, run_after=2023-05-13T00:00:00+00:00
[2023-05-12T02:50:51.728+0000] {processor.py:178} INFO - Processing /opt/airflow/dags/Trial_1.py took 0.107 seconds
[2023-05-12T02:51:21.957+0000] {processor.py:156} INFO - Started process (PID=83) to work on /opt/airflow/dags/Trial_1.py
[2023-05-12T02:51:21.959+0000] {processor.py:799} INFO - Processing file /opt/airflow/dags/Trial_1.py for tasks to queue
[2023-05-12T02:51:21.960+0000] {logging_mixin.py:149} INFO - [2023-05-12T02:51:21.960+0000] {dagbag.py:541} INFO - Filling up the DagBag from /opt/airflow/dags/Trial_1.py
[2023-05-12T02:51:22.016+0000] {processor.py:809} INFO - DAG(s) dict_keys(['Data_Pipline_V01']) retrieved from /opt/airflow/dags/Trial_1.py
[2023-05-12T02:51:22.070+0000] {logging_mixin.py:149} INFO - [2023-05-12T02:51:22.070+0000] {dag.py:2726} INFO - Sync 1 DAGs
[2023-05-12T02:51:22.119+0000] {logging_mixin.py:149} INFO - [2023-05-12T02:51:22.118+0000] {dag.py:3490} INFO - Setting next_dagrun for Data_Pipline_V01 to 2023-05-12T00:00:00+00:00, run_after=2023-05-13T00:00:00+00:00
[2023-05-12T02:51:22.191+0000] {processor.py:178} INFO - Processing /opt/airflow/dags/Trial_1.py took 0.250 seconds
[2023-05-12T02:51:52.854+0000] {processor.py:156} INFO - Started process (PID=92) to work on /opt/airflow/dags/Trial_1.py
[2023-05-12T02:51:52.875+0000] {processor.py:799} INFO - Processing file /opt/airflow/dags/Trial_1.py for tasks to queue
[2023-05-12T02:51:52.877+0000] {logging_mixin.py:149} INFO - [2023-05-12T02:51:52.876+0000] {dagbag.py:541} INFO - Filling up the DagBag from /opt/airflow/dags/Trial_1.py
[2023-05-12T02:51:53.046+0000] {processor.py:809} INFO - DAG(s) dict_keys(['Data_Pipline_V01']) retrieved from /opt/airflow/dags/Trial_1.py
[2023-05-12T02:51:53.158+0000] {logging_mixin.py:149} INFO - [2023-05-12T02:51:53.158+0000] {dag.py:2726} INFO - Sync 1 DAGs
[2023-05-12T02:51:53.257+0000] {logging_mixin.py:149} INFO - [2023-05-12T02:51:53.256+0000] {dag.py:3490} INFO - Setting next_dagrun for Data_Pipline_V01 to 2023-05-12T00:00:00+00:00, run_after=2023-05-13T00:00:00+00:00
[2023-05-12T02:51:53.758+0000] {processor.py:178} INFO - Processing /opt/airflow/dags/Trial_1.py took 0.975 seconds
[2023-05-12T02:52:23.975+0000] {processor.py:156} INFO - Started process (PID=101) to work on /opt/airflow/dags/Trial_1.py
[2023-05-12T02:52:23.976+0000] {processor.py:799} INFO - Processing file /opt/airflow/dags/Trial_1.py for tasks to queue
[2023-05-12T02:52:23.977+0000] {logging_mixin.py:149} INFO - [2023-05-12T02:52:23.977+0000] {dagbag.py:541} INFO - Filling up the DagBag from /opt/airflow/dags/Trial_1.py
[2023-05-12T02:52:24.027+0000] {processor.py:809} INFO - DAG(s) dict_keys(['Data_Pipline_V01']) retrieved from /opt/airflow/dags/Trial_1.py
[2023-05-12T02:52:24.077+0000] {logging_mixin.py:149} INFO - [2023-05-12T02:52:24.077+0000] {dag.py:2726} INFO - Sync 1 DAGs
[2023-05-12T02:52:24.116+0000] {logging_mixin.py:149} INFO - [2023-05-12T02:52:24.116+0000] {dag.py:3490} INFO - Setting next_dagrun for Data_Pipline_V01 to 2023-05-12T00:00:00+00:00, run_after=2023-05-13T00:00:00+00:00
[2023-05-12T02:52:24.142+0000] {processor.py:178} INFO - Processing /opt/airflow/dags/Trial_1.py took 0.171 seconds
[2023-05-12T02:52:54.189+0000] {processor.py:156} INFO - Started process (PID=120) to work on /opt/airflow/dags/Trial_1.py
[2023-05-12T02:52:54.191+0000] {processor.py:799} INFO - Processing file /opt/airflow/dags/Trial_1.py for tasks to queue
[2023-05-12T02:52:54.192+0000] {logging_mixin.py:149} INFO - [2023-05-12T02:52:54.191+0000] {dagbag.py:541} INFO - Filling up the DagBag from /opt/airflow/dags/Trial_1.py
[2023-05-12T02:52:54.224+0000] {processor.py:809} INFO - DAG(s) dict_keys(['Data_Pipline_V01']) retrieved from /opt/airflow/dags/Trial_1.py
[2023-05-12T02:52:54.250+0000] {logging_mixin.py:149} INFO - [2023-05-12T02:52:54.250+0000] {dag.py:2726} INFO - Sync 1 DAGs
[2023-05-12T02:52:54.273+0000] {logging_mixin.py:149} INFO - [2023-05-12T02:52:54.273+0000] {dag.py:3490} INFO - Setting next_dagrun for Data_Pipline_V01 to 2023-05-12T00:00:00+00:00, run_after=2023-05-13T00:00:00+00:00
[2023-05-12T02:52:54.299+0000] {processor.py:178} INFO - Processing /opt/airflow/dags/Trial_1.py took 0.112 seconds
[2023-05-12T02:53:24.496+0000] {processor.py:156} INFO - Started process (PID=129) to work on /opt/airflow/dags/Trial_1.py
[2023-05-12T02:53:24.498+0000] {processor.py:799} INFO - Processing file /opt/airflow/dags/Trial_1.py for tasks to queue
[2023-05-12T02:53:24.499+0000] {logging_mixin.py:149} INFO - [2023-05-12T02:53:24.499+0000] {dagbag.py:541} INFO - Filling up the DagBag from /opt/airflow/dags/Trial_1.py
[2023-05-12T02:53:24.545+0000] {processor.py:809} INFO - DAG(s) dict_keys(['Data_Pipline_V01']) retrieved from /opt/airflow/dags/Trial_1.py
[2023-05-12T02:53:24.589+0000] {logging_mixin.py:149} INFO - [2023-05-12T02:53:24.589+0000] {dag.py:2726} INFO - Sync 1 DAGs
[2023-05-12T02:53:24.622+0000] {logging_mixin.py:149} INFO - [2023-05-12T02:53:24.622+0000] {dag.py:3490} INFO - Setting next_dagrun for Data_Pipline_V01 to 2023-05-12T00:00:00+00:00, run_after=2023-05-13T00:00:00+00:00
[2023-05-12T02:53:24.649+0000] {processor.py:178} INFO - Processing /opt/airflow/dags/Trial_1.py took 0.158 seconds
[2023-05-12T02:53:54.692+0000] {processor.py:156} INFO - Started process (PID=138) to work on /opt/airflow/dags/Trial_1.py
[2023-05-12T02:53:54.693+0000] {processor.py:799} INFO - Processing file /opt/airflow/dags/Trial_1.py for tasks to queue
[2023-05-12T02:53:54.693+0000] {logging_mixin.py:149} INFO - [2023-05-12T02:53:54.693+0000] {dagbag.py:541} INFO - Filling up the DagBag from /opt/airflow/dags/Trial_1.py
[2023-05-12T02:53:54.733+0000] {processor.py:809} INFO - DAG(s) dict_keys(['Data_Pipline_V01']) retrieved from /opt/airflow/dags/Trial_1.py
[2023-05-12T02:53:54.769+0000] {logging_mixin.py:149} INFO - [2023-05-12T02:53:54.769+0000] {dag.py:2726} INFO - Sync 1 DAGs
[2023-05-12T02:53:54.798+0000] {logging_mixin.py:149} INFO - [2023-05-12T02:53:54.798+0000] {dag.py:3490} INFO - Setting next_dagrun for Data_Pipline_V01 to 2023-05-12T00:00:00+00:00, run_after=2023-05-13T00:00:00+00:00
[2023-05-12T02:53:54.817+0000] {processor.py:178} INFO - Processing /opt/airflow/dags/Trial_1.py took 0.128 seconds
[2023-05-12T02:54:24.986+0000] {processor.py:156} INFO - Started process (PID=147) to work on /opt/airflow/dags/Trial_1.py
[2023-05-12T02:54:24.987+0000] {processor.py:799} INFO - Processing file /opt/airflow/dags/Trial_1.py for tasks to queue
[2023-05-12T02:54:24.988+0000] {logging_mixin.py:149} INFO - [2023-05-12T02:54:24.988+0000] {dagbag.py:541} INFO - Filling up the DagBag from /opt/airflow/dags/Trial_1.py
[2023-05-12T02:54:25.020+0000] {processor.py:809} INFO - DAG(s) dict_keys(['Data_Pipline_V01']) retrieved from /opt/airflow/dags/Trial_1.py
[2023-05-12T02:54:25.055+0000] {logging_mixin.py:149} INFO - [2023-05-12T02:54:25.055+0000] {dag.py:2726} INFO - Sync 1 DAGs
[2023-05-12T02:54:25.087+0000] {logging_mixin.py:149} INFO - [2023-05-12T02:54:25.087+0000] {dag.py:3490} INFO - Setting next_dagrun for Data_Pipline_V01 to 2023-05-12T00:00:00+00:00, run_after=2023-05-13T00:00:00+00:00
[2023-05-12T02:54:25.111+0000] {processor.py:178} INFO - Processing /opt/airflow/dags/Trial_1.py took 0.128 seconds
[2023-05-12T02:54:55.196+0000] {processor.py:156} INFO - Started process (PID=156) to work on /opt/airflow/dags/Trial_1.py
[2023-05-12T02:54:55.197+0000] {processor.py:799} INFO - Processing file /opt/airflow/dags/Trial_1.py for tasks to queue
[2023-05-12T02:54:55.198+0000] {logging_mixin.py:149} INFO - [2023-05-12T02:54:55.198+0000] {dagbag.py:541} INFO - Filling up the DagBag from /opt/airflow/dags/Trial_1.py
[2023-05-12T02:54:55.232+0000] {processor.py:809} INFO - DAG(s) dict_keys(['Data_Pipline_V01']) retrieved from /opt/airflow/dags/Trial_1.py
[2023-05-12T02:54:55.256+0000] {logging_mixin.py:149} INFO - [2023-05-12T02:54:55.256+0000] {dag.py:2726} INFO - Sync 1 DAGs
[2023-05-12T02:54:55.277+0000] {logging_mixin.py:149} INFO - [2023-05-12T02:54:55.277+0000] {dag.py:3490} INFO - Setting next_dagrun for Data_Pipline_V01 to 2023-05-12T00:00:00+00:00, run_after=2023-05-13T00:00:00+00:00
[2023-05-12T02:54:55.300+0000] {processor.py:178} INFO - Processing /opt/airflow/dags/Trial_1.py took 0.107 seconds
[2023-05-12T02:55:08.334+0000] {processor.py:156} INFO - Started process (PID=164) to work on /opt/airflow/dags/Trial_1.py
[2023-05-12T02:55:08.335+0000] {processor.py:799} INFO - Processing file /opt/airflow/dags/Trial_1.py for tasks to queue
[2023-05-12T02:55:08.336+0000] {logging_mixin.py:149} INFO - [2023-05-12T02:55:08.336+0000] {dagbag.py:541} INFO - Filling up the DagBag from /opt/airflow/dags/Trial_1.py
[2023-05-12T02:55:08.372+0000] {processor.py:809} INFO - DAG(s) dict_keys(['Data_Pipline_V1']) retrieved from /opt/airflow/dags/Trial_1.py
[2023-05-12T02:55:08.511+0000] {logging_mixin.py:149} INFO - [2023-05-12T02:55:08.511+0000] {manager.py:504} INFO - Created Permission View: can delete on DAG:Data_Pipline_V1
[2023-05-12T02:55:08.522+0000] {logging_mixin.py:149} INFO - [2023-05-12T02:55:08.522+0000] {manager.py:504} INFO - Created Permission View: can read on DAG:Data_Pipline_V1
[2023-05-12T02:55:08.530+0000] {logging_mixin.py:149} INFO - [2023-05-12T02:55:08.530+0000] {manager.py:504} INFO - Created Permission View: can edit on DAG:Data_Pipline_V1
[2023-05-12T02:55:08.531+0000] {logging_mixin.py:149} INFO - [2023-05-12T02:55:08.531+0000] {dag.py:2726} INFO - Sync 1 DAGs
[2023-05-12T02:55:08.540+0000] {logging_mixin.py:149} INFO - [2023-05-12T02:55:08.540+0000] {dag.py:2747} INFO - Creating ORM DAG for Data_Pipline_V1
[2023-05-12T02:55:08.549+0000] {logging_mixin.py:149} INFO - [2023-05-12T02:55:08.549+0000] {dag.py:3490} INFO - Setting next_dagrun for Data_Pipline_V1 to 2023-05-11T00:00:00+00:00, run_after=2023-05-12T00:00:00+00:00
[2023-05-12T02:55:08.569+0000] {processor.py:178} INFO - Processing /opt/airflow/dags/Trial_1.py took 0.238 seconds
[2023-05-12T02:55:39.554+0000] {processor.py:156} INFO - Started process (PID=177) to work on /opt/airflow/dags/Trial_1.py
[2023-05-12T02:55:39.555+0000] {processor.py:799} INFO - Processing file /opt/airflow/dags/Trial_1.py for tasks to queue
[2023-05-12T02:55:39.555+0000] {logging_mixin.py:149} INFO - [2023-05-12T02:55:39.555+0000] {dagbag.py:541} INFO - Filling up the DagBag from /opt/airflow/dags/Trial_1.py
[2023-05-12T02:55:39.589+0000] {processor.py:809} INFO - DAG(s) dict_keys(['Data_Pipline_V1']) retrieved from /opt/airflow/dags/Trial_1.py
[2023-05-12T02:55:39.654+0000] {logging_mixin.py:149} INFO - [2023-05-12T02:55:39.654+0000] {dag.py:2726} INFO - Sync 1 DAGs
[2023-05-12T02:55:39.682+0000] {logging_mixin.py:149} INFO - [2023-05-12T02:55:39.682+0000] {dag.py:3490} INFO - Setting next_dagrun for Data_Pipline_V1 to 2023-05-12T00:00:00+00:00, run_after=2023-05-13T00:00:00+00:00
[2023-05-12T02:55:39.708+0000] {processor.py:178} INFO - Processing /opt/airflow/dags/Trial_1.py took 0.157 seconds
[2023-05-12T02:56:09.745+0000] {processor.py:156} INFO - Started process (PID=187) to work on /opt/airflow/dags/Trial_1.py
[2023-05-12T02:56:09.746+0000] {processor.py:799} INFO - Processing file /opt/airflow/dags/Trial_1.py for tasks to queue
[2023-05-12T02:56:09.747+0000] {logging_mixin.py:149} INFO - [2023-05-12T02:56:09.747+0000] {dagbag.py:541} INFO - Filling up the DagBag from /opt/airflow/dags/Trial_1.py
[2023-05-12T02:56:09.787+0000] {processor.py:809} INFO - DAG(s) dict_keys(['Data_Pipline_V1']) retrieved from /opt/airflow/dags/Trial_1.py
[2023-05-12T02:56:09.821+0000] {logging_mixin.py:149} INFO - [2023-05-12T02:56:09.821+0000] {dag.py:2726} INFO - Sync 1 DAGs
[2023-05-12T02:56:09.849+0000] {logging_mixin.py:149} INFO - [2023-05-12T02:56:09.849+0000] {dag.py:3490} INFO - Setting next_dagrun for Data_Pipline_V1 to 2023-05-12T00:00:00+00:00, run_after=2023-05-13T00:00:00+00:00
[2023-05-12T02:56:09.874+0000] {processor.py:178} INFO - Processing /opt/airflow/dags/Trial_1.py took 0.133 seconds
[2023-05-12T02:56:40.029+0000] {processor.py:156} INFO - Started process (PID=196) to work on /opt/airflow/dags/Trial_1.py
[2023-05-12T02:56:40.036+0000] {processor.py:799} INFO - Processing file /opt/airflow/dags/Trial_1.py for tasks to queue
[2023-05-12T02:56:40.039+0000] {logging_mixin.py:149} INFO - [2023-05-12T02:56:40.038+0000] {dagbag.py:541} INFO - Filling up the DagBag from /opt/airflow/dags/Trial_1.py
[2023-05-12T02:56:40.296+0000] {processor.py:809} INFO - DAG(s) dict_keys(['Data_Pipline_V1']) retrieved from /opt/airflow/dags/Trial_1.py
[2023-05-12T02:56:40.534+0000] {logging_mixin.py:149} INFO - [2023-05-12T02:56:40.533+0000] {dag.py:2726} INFO - Sync 1 DAGs
[2023-05-12T02:56:40.645+0000] {logging_mixin.py:149} INFO - [2023-05-12T02:56:40.645+0000] {dag.py:3490} INFO - Setting next_dagrun for Data_Pipline_V1 to 2023-05-12T00:00:00+00:00, run_after=2023-05-13T00:00:00+00:00
[2023-05-12T02:56:40.705+0000] {processor.py:178} INFO - Processing /opt/airflow/dags/Trial_1.py took 0.693 seconds
[2023-05-12T02:57:10.848+0000] {processor.py:156} INFO - Started process (PID=206) to work on /opt/airflow/dags/Trial_1.py
[2023-05-12T02:57:10.849+0000] {processor.py:799} INFO - Processing file /opt/airflow/dags/Trial_1.py for tasks to queue
[2023-05-12T02:57:10.850+0000] {logging_mixin.py:149} INFO - [2023-05-12T02:57:10.850+0000] {dagbag.py:541} INFO - Filling up the DagBag from /opt/airflow/dags/Trial_1.py
[2023-05-12T02:57:10.992+0000] {processor.py:809} INFO - DAG(s) dict_keys(['Data_Pipline_V1']) retrieved from /opt/airflow/dags/Trial_1.py
[2023-05-12T02:57:11.152+0000] {logging_mixin.py:149} INFO - [2023-05-12T02:57:11.151+0000] {dag.py:2726} INFO - Sync 1 DAGs
[2023-05-12T02:57:11.266+0000] {logging_mixin.py:149} INFO - [2023-05-12T02:57:11.266+0000] {dag.py:3490} INFO - Setting next_dagrun for Data_Pipline_V1 to 2023-05-12T00:00:00+00:00, run_after=2023-05-13T00:00:00+00:00
[2023-05-12T02:57:11.309+0000] {processor.py:178} INFO - Processing /opt/airflow/dags/Trial_1.py took 0.465 seconds
[2023-05-12T02:57:42.039+0000] {processor.py:156} INFO - Started process (PID=229) to work on /opt/airflow/dags/Trial_1.py
[2023-05-12T02:57:42.040+0000] {processor.py:799} INFO - Processing file /opt/airflow/dags/Trial_1.py for tasks to queue
[2023-05-12T02:57:42.041+0000] {logging_mixin.py:149} INFO - [2023-05-12T02:57:42.041+0000] {dagbag.py:541} INFO - Filling up the DagBag from /opt/airflow/dags/Trial_1.py
[2023-05-12T02:57:42.072+0000] {processor.py:809} INFO - DAG(s) dict_keys(['Data_Pipline_V1']) retrieved from /opt/airflow/dags/Trial_1.py
[2023-05-12T02:57:42.101+0000] {logging_mixin.py:149} INFO - [2023-05-12T02:57:42.100+0000] {dag.py:2726} INFO - Sync 1 DAGs
[2023-05-12T02:57:42.122+0000] {logging_mixin.py:149} INFO - [2023-05-12T02:57:42.122+0000] {dag.py:3490} INFO - Setting next_dagrun for Data_Pipline_V1 to 2023-05-12T00:00:00+00:00, run_after=2023-05-13T00:00:00+00:00
[2023-05-12T02:57:42.142+0000] {processor.py:178} INFO - Processing /opt/airflow/dags/Trial_1.py took 0.105 seconds
[2023-05-12T02:58:12.324+0000] {processor.py:156} INFO - Started process (PID=238) to work on /opt/airflow/dags/Trial_1.py
[2023-05-12T02:58:12.325+0000] {processor.py:799} INFO - Processing file /opt/airflow/dags/Trial_1.py for tasks to queue
[2023-05-12T02:58:12.325+0000] {logging_mixin.py:149} INFO - [2023-05-12T02:58:12.325+0000] {dagbag.py:541} INFO - Filling up the DagBag from /opt/airflow/dags/Trial_1.py
[2023-05-12T02:58:12.357+0000] {processor.py:809} INFO - DAG(s) dict_keys(['Data_Pipline_V1']) retrieved from /opt/airflow/dags/Trial_1.py
[2023-05-12T02:58:12.379+0000] {logging_mixin.py:149} INFO - [2023-05-12T02:58:12.379+0000] {dag.py:2726} INFO - Sync 1 DAGs
[2023-05-12T02:58:12.400+0000] {logging_mixin.py:149} INFO - [2023-05-12T02:58:12.400+0000] {dag.py:3490} INFO - Setting next_dagrun for Data_Pipline_V1 to 2023-05-12T00:00:00+00:00, run_after=2023-05-13T00:00:00+00:00
[2023-05-12T02:58:12.422+0000] {processor.py:178} INFO - Processing /opt/airflow/dags/Trial_1.py took 0.100 seconds
[2023-05-12T02:58:42.558+0000] {processor.py:156} INFO - Started process (PID=247) to work on /opt/airflow/dags/Trial_1.py
[2023-05-12T02:58:42.559+0000] {processor.py:799} INFO - Processing file /opt/airflow/dags/Trial_1.py for tasks to queue
[2023-05-12T02:58:42.560+0000] {logging_mixin.py:149} INFO - [2023-05-12T02:58:42.560+0000] {dagbag.py:541} INFO - Filling up the DagBag from /opt/airflow/dags/Trial_1.py
[2023-05-12T02:58:42.595+0000] {processor.py:809} INFO - DAG(s) dict_keys(['Data_Pipline_V1']) retrieved from /opt/airflow/dags/Trial_1.py
[2023-05-12T02:58:42.620+0000] {logging_mixin.py:149} INFO - [2023-05-12T02:58:42.620+0000] {dag.py:2726} INFO - Sync 1 DAGs
[2023-05-12T02:58:42.644+0000] {logging_mixin.py:149} INFO - [2023-05-12T02:58:42.644+0000] {dag.py:3490} INFO - Setting next_dagrun for Data_Pipline_V1 to 2023-05-12T00:00:00+00:00, run_after=2023-05-13T00:00:00+00:00
[2023-05-12T02:58:42.664+0000] {processor.py:178} INFO - Processing /opt/airflow/dags/Trial_1.py took 0.108 seconds
