[2023-05-11T15:44:35.926+0000] {processor.py:156} INFO - Started process (PID=362) to work on /opt/airflow/dags/Trial_2.py
[2023-05-11T15:44:35.927+0000] {processor.py:799} INFO - Processing file /opt/airflow/dags/Trial_2.py for tasks to queue
[2023-05-11T15:44:35.928+0000] {logging_mixin.py:149} INFO - [2023-05-11T15:44:35.928+0000] {dagbag.py:541} INFO - Filling up the DagBag from /opt/airflow/dags/Trial_2.py
[2023-05-11T15:44:35.951+0000] {logging_mixin.py:149} INFO - abc
[2023-05-11T15:44:35.956+0000] {logging_mixin.py:149} INFO - aa
[2023-05-11T15:44:35.961+0000] {processor.py:809} INFO - DAG(s) dict_keys(['assessment_v3']) retrieved from /opt/airflow/dags/Trial_2.py
[2023-05-11T15:44:36.258+0000] {logging_mixin.py:149} INFO - [2023-05-11T15:44:36.258+0000] {manager.py:504} INFO - Created Permission View: can read on DAG:assessment_v3
[2023-05-11T15:44:36.269+0000] {logging_mixin.py:149} INFO - [2023-05-11T15:44:36.269+0000] {manager.py:504} INFO - Created Permission View: can edit on DAG:assessment_v3
[2023-05-11T15:44:36.280+0000] {logging_mixin.py:149} INFO - [2023-05-11T15:44:36.280+0000] {manager.py:504} INFO - Created Permission View: can delete on DAG:assessment_v3
[2023-05-11T15:44:36.280+0000] {logging_mixin.py:149} INFO - [2023-05-11T15:44:36.280+0000] {dag.py:2726} INFO - Sync 1 DAGs
[2023-05-11T15:44:36.290+0000] {logging_mixin.py:149} INFO - [2023-05-11T15:44:36.290+0000] {dag.py:2747} INFO - Creating ORM DAG for assessment_v3
[2023-05-11T15:44:36.301+0000] {logging_mixin.py:149} INFO - [2023-05-11T15:44:36.301+0000] {dag.py:3490} INFO - Setting next_dagrun for assessment_v3 to 2023-05-11T00:00:00+00:00, run_after=2023-05-12T00:00:00+00:00
[2023-05-11T15:44:36.321+0000] {processor.py:178} INFO - Processing /opt/airflow/dags/Trial_2.py took 0.398 seconds
[2023-05-11T15:45:09.255+0000] {processor.py:156} INFO - Started process (PID=385) to work on /opt/airflow/dags/Trial_2.py
[2023-05-11T15:45:09.256+0000] {processor.py:799} INFO - Processing file /opt/airflow/dags/Trial_2.py for tasks to queue
[2023-05-11T15:45:09.258+0000] {logging_mixin.py:149} INFO - [2023-05-11T15:45:09.257+0000] {dagbag.py:541} INFO - Filling up the DagBag from /opt/airflow/dags/Trial_2.py
[2023-05-11T15:45:09.285+0000] {logging_mixin.py:149} INFO - abc
[2023-05-11T15:45:09.293+0000] {logging_mixin.py:149} INFO - aa
[2023-05-11T15:45:09.316+0000] {processor.py:809} INFO - DAG(s) dict_keys(['assessment_v3']) retrieved from /opt/airflow/dags/Trial_2.py
[2023-05-11T15:45:09.353+0000] {logging_mixin.py:149} INFO - [2023-05-11T15:45:09.352+0000] {dag.py:2726} INFO - Sync 1 DAGs
[2023-05-11T15:45:09.382+0000] {logging_mixin.py:149} INFO - [2023-05-11T15:45:09.382+0000] {dag.py:3490} INFO - Setting next_dagrun for assessment_v3 to 2023-05-11T00:00:00+00:00, run_after=2023-05-12T00:00:00+00:00
[2023-05-11T15:45:09.406+0000] {processor.py:178} INFO - Processing /opt/airflow/dags/Trial_2.py took 2.818 seconds
[2023-05-11T15:45:39.864+0000] {processor.py:156} INFO - Started process (PID=413) to work on /opt/airflow/dags/Trial_2.py
[2023-05-11T15:45:39.865+0000] {processor.py:799} INFO - Processing file /opt/airflow/dags/Trial_2.py for tasks to queue
[2023-05-11T15:45:39.866+0000] {logging_mixin.py:149} INFO - [2023-05-11T15:45:39.866+0000] {dagbag.py:541} INFO - Filling up the DagBag from /opt/airflow/dags/Trial_2.py
[2023-05-11T15:45:39.883+0000] {logging_mixin.py:149} INFO - abc
[2023-05-11T15:45:39.887+0000] {logging_mixin.py:149} INFO - aa
[2023-05-11T15:45:39.892+0000] {processor.py:809} INFO - DAG(s) dict_keys(['assessment_v3']) retrieved from /opt/airflow/dags/Trial_2.py
[2023-05-11T15:45:39.918+0000] {logging_mixin.py:149} INFO - [2023-05-11T15:45:39.917+0000] {dag.py:2726} INFO - Sync 1 DAGs
[2023-05-11T15:45:39.938+0000] {logging_mixin.py:149} INFO - [2023-05-11T15:45:39.938+0000] {dag.py:3490} INFO - Setting next_dagrun for assessment_v3 to 2023-05-11T00:00:00+00:00, run_after=2023-05-12T00:00:00+00:00
[2023-05-11T15:45:39.957+0000] {processor.py:178} INFO - Processing /opt/airflow/dags/Trial_2.py took 0.097 seconds
[2023-05-11T15:46:10.151+0000] {processor.py:156} INFO - Started process (PID=435) to work on /opt/airflow/dags/Trial_2.py
[2023-05-11T15:46:10.152+0000] {processor.py:799} INFO - Processing file /opt/airflow/dags/Trial_2.py for tasks to queue
[2023-05-11T15:46:10.152+0000] {logging_mixin.py:149} INFO - [2023-05-11T15:46:10.152+0000] {dagbag.py:541} INFO - Filling up the DagBag from /opt/airflow/dags/Trial_2.py
[2023-05-11T15:46:10.169+0000] {logging_mixin.py:149} INFO - abc
[2023-05-11T15:46:10.174+0000] {logging_mixin.py:149} INFO - aa
[2023-05-11T15:46:10.179+0000] {processor.py:809} INFO - DAG(s) dict_keys(['assessment_v3']) retrieved from /opt/airflow/dags/Trial_2.py
[2023-05-11T15:46:10.204+0000] {logging_mixin.py:149} INFO - [2023-05-11T15:46:10.203+0000] {dag.py:2726} INFO - Sync 1 DAGs
[2023-05-11T15:46:10.225+0000] {logging_mixin.py:149} INFO - [2023-05-11T15:46:10.225+0000] {dag.py:3490} INFO - Setting next_dagrun for assessment_v3 to 2023-05-11T00:00:00+00:00, run_after=2023-05-12T00:00:00+00:00
[2023-05-11T15:46:10.247+0000] {processor.py:178} INFO - Processing /opt/airflow/dags/Trial_2.py took 0.099 seconds
[2023-05-11T15:46:40.461+0000] {processor.py:156} INFO - Started process (PID=458) to work on /opt/airflow/dags/Trial_2.py
[2023-05-11T15:46:40.462+0000] {processor.py:799} INFO - Processing file /opt/airflow/dags/Trial_2.py for tasks to queue
[2023-05-11T15:46:40.462+0000] {logging_mixin.py:149} INFO - [2023-05-11T15:46:40.462+0000] {dagbag.py:541} INFO - Filling up the DagBag from /opt/airflow/dags/Trial_2.py
[2023-05-11T15:46:40.479+0000] {logging_mixin.py:149} INFO - abc
[2023-05-11T15:46:40.483+0000] {logging_mixin.py:149} INFO - aa
[2023-05-11T15:46:40.488+0000] {processor.py:809} INFO - DAG(s) dict_keys(['assessment_v3']) retrieved from /opt/airflow/dags/Trial_2.py
[2023-05-11T15:46:40.510+0000] {logging_mixin.py:149} INFO - [2023-05-11T15:46:40.510+0000] {dag.py:2726} INFO - Sync 1 DAGs
[2023-05-11T15:46:40.530+0000] {logging_mixin.py:149} INFO - [2023-05-11T15:46:40.530+0000] {dag.py:3490} INFO - Setting next_dagrun for assessment_v3 to 2023-05-11T00:00:00+00:00, run_after=2023-05-12T00:00:00+00:00
[2023-05-11T15:46:40.549+0000] {processor.py:178} INFO - Processing /opt/airflow/dags/Trial_2.py took 0.091 seconds
[2023-05-11T15:47:10.751+0000] {processor.py:156} INFO - Started process (PID=480) to work on /opt/airflow/dags/Trial_2.py
[2023-05-11T15:47:10.753+0000] {processor.py:799} INFO - Processing file /opt/airflow/dags/Trial_2.py for tasks to queue
[2023-05-11T15:47:10.753+0000] {logging_mixin.py:149} INFO - [2023-05-11T15:47:10.753+0000] {dagbag.py:541} INFO - Filling up the DagBag from /opt/airflow/dags/Trial_2.py
[2023-05-11T15:47:10.771+0000] {logging_mixin.py:149} INFO - abc
[2023-05-11T15:47:10.775+0000] {logging_mixin.py:149} INFO - aa
[2023-05-11T15:47:10.780+0000] {processor.py:809} INFO - DAG(s) dict_keys(['assessment_v3']) retrieved from /opt/airflow/dags/Trial_2.py
[2023-05-11T15:47:10.803+0000] {logging_mixin.py:149} INFO - [2023-05-11T15:47:10.803+0000] {dag.py:2726} INFO - Sync 1 DAGs
[2023-05-11T15:47:10.823+0000] {logging_mixin.py:149} INFO - [2023-05-11T15:47:10.822+0000] {dag.py:3490} INFO - Setting next_dagrun for assessment_v3 to 2023-05-11T00:00:00+00:00, run_after=2023-05-12T00:00:00+00:00
[2023-05-11T15:47:10.843+0000] {processor.py:178} INFO - Processing /opt/airflow/dags/Trial_2.py took 0.095 seconds
[2023-05-11T15:47:41.053+0000] {processor.py:156} INFO - Started process (PID=509) to work on /opt/airflow/dags/Trial_2.py
[2023-05-11T15:47:41.055+0000] {processor.py:799} INFO - Processing file /opt/airflow/dags/Trial_2.py for tasks to queue
[2023-05-11T15:47:41.055+0000] {logging_mixin.py:149} INFO - [2023-05-11T15:47:41.055+0000] {dagbag.py:541} INFO - Filling up the DagBag from /opt/airflow/dags/Trial_2.py
[2023-05-11T15:47:41.073+0000] {logging_mixin.py:149} INFO - abc
[2023-05-11T15:47:41.078+0000] {logging_mixin.py:149} INFO - aa
[2023-05-11T15:47:41.083+0000] {processor.py:809} INFO - DAG(s) dict_keys(['assessment_v3']) retrieved from /opt/airflow/dags/Trial_2.py
[2023-05-11T15:47:41.106+0000] {logging_mixin.py:149} INFO - [2023-05-11T15:47:41.106+0000] {dag.py:2726} INFO - Sync 1 DAGs
[2023-05-11T15:47:41.129+0000] {logging_mixin.py:149} INFO - [2023-05-11T15:47:41.128+0000] {dag.py:3490} INFO - Setting next_dagrun for assessment_v3 to 2023-05-11T00:00:00+00:00, run_after=2023-05-12T00:00:00+00:00
[2023-05-11T15:47:41.148+0000] {processor.py:178} INFO - Processing /opt/airflow/dags/Trial_2.py took 0.099 seconds
[2023-05-11T15:48:11.350+0000] {processor.py:156} INFO - Started process (PID=531) to work on /opt/airflow/dags/Trial_2.py
[2023-05-11T15:48:11.351+0000] {processor.py:799} INFO - Processing file /opt/airflow/dags/Trial_2.py for tasks to queue
[2023-05-11T15:48:11.352+0000] {logging_mixin.py:149} INFO - [2023-05-11T15:48:11.351+0000] {dagbag.py:541} INFO - Filling up the DagBag from /opt/airflow/dags/Trial_2.py
[2023-05-11T15:48:11.371+0000] {logging_mixin.py:149} INFO - abc
[2023-05-11T15:48:11.376+0000] {logging_mixin.py:149} INFO - aa
[2023-05-11T15:48:11.381+0000] {processor.py:809} INFO - DAG(s) dict_keys(['assessment_v3']) retrieved from /opt/airflow/dags/Trial_2.py
[2023-05-11T15:48:11.405+0000] {logging_mixin.py:149} INFO - [2023-05-11T15:48:11.405+0000] {dag.py:2726} INFO - Sync 1 DAGs
[2023-05-11T15:48:11.426+0000] {logging_mixin.py:149} INFO - [2023-05-11T15:48:11.426+0000] {dag.py:3490} INFO - Setting next_dagrun for assessment_v3 to 2023-05-11T00:00:00+00:00, run_after=2023-05-12T00:00:00+00:00
[2023-05-11T15:48:11.447+0000] {processor.py:178} INFO - Processing /opt/airflow/dags/Trial_2.py took 0.100 seconds
[2023-05-11T15:48:41.642+0000] {processor.py:156} INFO - Started process (PID=553) to work on /opt/airflow/dags/Trial_2.py
[2023-05-11T15:48:41.644+0000] {processor.py:799} INFO - Processing file /opt/airflow/dags/Trial_2.py for tasks to queue
[2023-05-11T15:48:41.645+0000] {logging_mixin.py:149} INFO - [2023-05-11T15:48:41.644+0000] {dagbag.py:541} INFO - Filling up the DagBag from /opt/airflow/dags/Trial_2.py
[2023-05-11T15:48:41.668+0000] {logging_mixin.py:149} INFO - abc
[2023-05-11T15:48:41.673+0000] {logging_mixin.py:149} INFO - aa
[2023-05-11T15:48:41.680+0000] {processor.py:809} INFO - DAG(s) dict_keys(['assessment_v3']) retrieved from /opt/airflow/dags/Trial_2.py
[2023-05-11T15:48:41.703+0000] {logging_mixin.py:149} INFO - [2023-05-11T15:48:41.703+0000] {dag.py:2726} INFO - Sync 1 DAGs
[2023-05-11T15:48:41.724+0000] {logging_mixin.py:149} INFO - [2023-05-11T15:48:41.724+0000] {dag.py:3490} INFO - Setting next_dagrun for assessment_v3 to 2023-05-11T00:00:00+00:00, run_after=2023-05-12T00:00:00+00:00
[2023-05-11T15:48:41.745+0000] {processor.py:178} INFO - Processing /opt/airflow/dags/Trial_2.py took 0.111 seconds
[2023-05-11T15:49:11.820+0000] {processor.py:156} INFO - Started process (PID=581) to work on /opt/airflow/dags/Trial_2.py
[2023-05-11T15:49:11.822+0000] {processor.py:799} INFO - Processing file /opt/airflow/dags/Trial_2.py for tasks to queue
[2023-05-11T15:49:11.822+0000] {logging_mixin.py:149} INFO - [2023-05-11T15:49:11.822+0000] {dagbag.py:541} INFO - Filling up the DagBag from /opt/airflow/dags/Trial_2.py
[2023-05-11T15:49:11.844+0000] {logging_mixin.py:149} INFO - abc
[2023-05-11T15:49:11.849+0000] {logging_mixin.py:149} INFO - aa
[2023-05-11T15:49:11.854+0000] {processor.py:809} INFO - DAG(s) dict_keys(['assessment_v3']) retrieved from /opt/airflow/dags/Trial_2.py
[2023-05-11T15:49:11.880+0000] {logging_mixin.py:149} INFO - [2023-05-11T15:49:11.880+0000] {dag.py:2726} INFO - Sync 1 DAGs
[2023-05-11T15:49:11.904+0000] {logging_mixin.py:149} INFO - [2023-05-11T15:49:11.903+0000] {dag.py:3490} INFO - Setting next_dagrun for assessment_v3 to 2023-05-11T00:00:00+00:00, run_after=2023-05-12T00:00:00+00:00
[2023-05-11T15:49:11.924+0000] {processor.py:178} INFO - Processing /opt/airflow/dags/Trial_2.py took 0.108 seconds
[2023-05-11T15:49:42.105+0000] {processor.py:156} INFO - Started process (PID=599) to work on /opt/airflow/dags/Trial_2.py
[2023-05-11T15:49:42.106+0000] {processor.py:799} INFO - Processing file /opt/airflow/dags/Trial_2.py for tasks to queue
[2023-05-11T15:49:42.107+0000] {logging_mixin.py:149} INFO - [2023-05-11T15:49:42.107+0000] {dagbag.py:541} INFO - Filling up the DagBag from /opt/airflow/dags/Trial_2.py
[2023-05-11T15:49:42.130+0000] {logging_mixin.py:149} INFO - abc
[2023-05-11T15:49:42.136+0000] {logging_mixin.py:149} INFO - aa
[2023-05-11T15:49:42.143+0000] {processor.py:809} INFO - DAG(s) dict_keys(['assessment_v3']) retrieved from /opt/airflow/dags/Trial_2.py
[2023-05-11T15:49:42.168+0000] {logging_mixin.py:149} INFO - [2023-05-11T15:49:42.168+0000] {dag.py:2726} INFO - Sync 1 DAGs
[2023-05-11T15:49:42.189+0000] {logging_mixin.py:149} INFO - [2023-05-11T15:49:42.189+0000] {dag.py:3490} INFO - Setting next_dagrun for assessment_v3 to 2023-05-11T00:00:00+00:00, run_after=2023-05-12T00:00:00+00:00
[2023-05-11T15:49:42.215+0000] {processor.py:178} INFO - Processing /opt/airflow/dags/Trial_2.py took 0.113 seconds
[2023-05-11T15:50:12.441+0000] {processor.py:156} INFO - Started process (PID=621) to work on /opt/airflow/dags/Trial_2.py
[2023-05-11T15:50:12.442+0000] {processor.py:799} INFO - Processing file /opt/airflow/dags/Trial_2.py for tasks to queue
[2023-05-11T15:50:12.443+0000] {logging_mixin.py:149} INFO - [2023-05-11T15:50:12.442+0000] {dagbag.py:541} INFO - Filling up the DagBag from /opt/airflow/dags/Trial_2.py
[2023-05-11T15:50:12.460+0000] {logging_mixin.py:149} INFO - abc
[2023-05-11T15:50:12.468+0000] {logging_mixin.py:149} INFO - aa
[2023-05-11T15:50:12.473+0000] {processor.py:809} INFO - DAG(s) dict_keys(['assessment_v3']) retrieved from /opt/airflow/dags/Trial_2.py
[2023-05-11T15:50:12.497+0000] {logging_mixin.py:149} INFO - [2023-05-11T15:50:12.496+0000] {dag.py:2726} INFO - Sync 1 DAGs
[2023-05-11T15:50:12.520+0000] {logging_mixin.py:149} INFO - [2023-05-11T15:50:12.519+0000] {dag.py:3490} INFO - Setting next_dagrun for assessment_v3 to 2023-05-11T00:00:00+00:00, run_after=2023-05-12T00:00:00+00:00
[2023-05-11T15:50:12.543+0000] {processor.py:178} INFO - Processing /opt/airflow/dags/Trial_2.py took 0.105 seconds
[2023-05-11T15:50:42.764+0000] {processor.py:156} INFO - Started process (PID=644) to work on /opt/airflow/dags/Trial_2.py
[2023-05-11T15:50:42.765+0000] {processor.py:799} INFO - Processing file /opt/airflow/dags/Trial_2.py for tasks to queue
[2023-05-11T15:50:42.765+0000] {logging_mixin.py:149} INFO - [2023-05-11T15:50:42.765+0000] {dagbag.py:541} INFO - Filling up the DagBag from /opt/airflow/dags/Trial_2.py
[2023-05-11T15:50:42.789+0000] {logging_mixin.py:149} INFO - abc
[2023-05-11T15:50:42.795+0000] {logging_mixin.py:149} INFO - aa
[2023-05-11T15:50:42.803+0000] {processor.py:809} INFO - DAG(s) dict_keys(['assessment_v3']) retrieved from /opt/airflow/dags/Trial_2.py
[2023-05-11T15:50:42.845+0000] {logging_mixin.py:149} INFO - [2023-05-11T15:50:42.845+0000] {dag.py:2726} INFO - Sync 1 DAGs
[2023-05-11T15:50:42.882+0000] {logging_mixin.py:149} INFO - [2023-05-11T15:50:42.882+0000] {dag.py:3490} INFO - Setting next_dagrun for assessment_v3 to 2023-05-11T00:00:00+00:00, run_after=2023-05-12T00:00:00+00:00
[2023-05-11T15:50:42.941+0000] {processor.py:178} INFO - Processing /opt/airflow/dags/Trial_2.py took 0.180 seconds
[2023-05-11T15:54:50.423+0000] {processor.py:156} INFO - Started process (PID=171) to work on /opt/airflow/dags/Trial_2.py
[2023-05-11T15:54:50.424+0000] {processor.py:799} INFO - Processing file /opt/airflow/dags/Trial_2.py for tasks to queue
[2023-05-11T15:54:50.425+0000] {logging_mixin.py:149} INFO - [2023-05-11T15:54:50.425+0000] {dagbag.py:541} INFO - Filling up the DagBag from /opt/airflow/dags/Trial_2.py
[2023-05-11T15:54:50.451+0000] {logging_mixin.py:149} INFO - abc
[2023-05-11T15:54:50.455+0000] {logging_mixin.py:149} INFO - aa
[2023-05-11T15:54:50.464+0000] {processor.py:809} INFO - DAG(s) dict_keys(['assessment_v3']) retrieved from /opt/airflow/dags/Trial_2.py
[2023-05-11T15:54:50.628+0000] {logging_mixin.py:149} INFO - [2023-05-11T15:54:50.628+0000] {manager.py:504} INFO - Created Permission View: can edit on DAG:assessment_v3
[2023-05-11T15:54:50.638+0000] {logging_mixin.py:149} INFO - [2023-05-11T15:54:50.638+0000] {manager.py:504} INFO - Created Permission View: can delete on DAG:assessment_v3
[2023-05-11T15:54:50.646+0000] {logging_mixin.py:149} INFO - [2023-05-11T15:54:50.646+0000] {manager.py:504} INFO - Created Permission View: can read on DAG:assessment_v3
[2023-05-11T15:54:50.647+0000] {logging_mixin.py:149} INFO - [2023-05-11T15:54:50.646+0000] {dag.py:2726} INFO - Sync 1 DAGs
[2023-05-11T15:54:50.658+0000] {logging_mixin.py:149} INFO - [2023-05-11T15:54:50.658+0000] {dag.py:2747} INFO - Creating ORM DAG for assessment_v3
[2023-05-11T15:54:50.670+0000] {logging_mixin.py:149} INFO - [2023-05-11T15:54:50.670+0000] {dag.py:3490} INFO - Setting next_dagrun for assessment_v3 to 2023-05-11T00:00:00+00:00, run_after=2023-05-12T00:00:00+00:00
[2023-05-11T15:54:50.787+0000] {processor.py:178} INFO - Processing /opt/airflow/dags/Trial_2.py took 0.366 seconds
[2023-05-11T15:55:21.015+0000] {processor.py:156} INFO - Started process (PID=193) to work on /opt/airflow/dags/Trial_2.py
[2023-05-11T15:55:21.016+0000] {processor.py:799} INFO - Processing file /opt/airflow/dags/Trial_2.py for tasks to queue
[2023-05-11T15:55:21.017+0000] {logging_mixin.py:149} INFO - [2023-05-11T15:55:21.017+0000] {dagbag.py:541} INFO - Filling up the DagBag from /opt/airflow/dags/Trial_2.py
[2023-05-11T15:55:21.036+0000] {logging_mixin.py:149} INFO - abc
[2023-05-11T15:55:21.041+0000] {logging_mixin.py:149} INFO - aa
[2023-05-11T15:55:21.045+0000] {processor.py:809} INFO - DAG(s) dict_keys(['assessment_v3']) retrieved from /opt/airflow/dags/Trial_2.py
[2023-05-11T15:55:21.068+0000] {logging_mixin.py:149} INFO - [2023-05-11T15:55:21.068+0000] {dag.py:2726} INFO - Sync 1 DAGs
[2023-05-11T15:55:21.090+0000] {logging_mixin.py:149} INFO - [2023-05-11T15:55:21.090+0000] {dag.py:3490} INFO - Setting next_dagrun for assessment_v3 to 2023-05-11T00:00:00+00:00, run_after=2023-05-12T00:00:00+00:00
[2023-05-11T15:55:21.117+0000] {processor.py:178} INFO - Processing /opt/airflow/dags/Trial_2.py took 0.106 seconds
[2023-05-11T15:55:51.356+0000] {processor.py:156} INFO - Started process (PID=220) to work on /opt/airflow/dags/Trial_2.py
[2023-05-11T15:55:51.357+0000] {processor.py:799} INFO - Processing file /opt/airflow/dags/Trial_2.py for tasks to queue
[2023-05-11T15:55:51.358+0000] {logging_mixin.py:149} INFO - [2023-05-11T15:55:51.358+0000] {dagbag.py:541} INFO - Filling up the DagBag from /opt/airflow/dags/Trial_2.py
[2023-05-11T15:55:51.378+0000] {logging_mixin.py:149} INFO - abc
[2023-05-11T15:55:51.382+0000] {logging_mixin.py:149} INFO - aa
[2023-05-11T15:55:51.386+0000] {processor.py:809} INFO - DAG(s) dict_keys(['assessment_v3']) retrieved from /opt/airflow/dags/Trial_2.py
[2023-05-11T15:55:51.407+0000] {logging_mixin.py:149} INFO - [2023-05-11T15:55:51.407+0000] {dag.py:2726} INFO - Sync 1 DAGs
[2023-05-11T15:55:51.427+0000] {logging_mixin.py:149} INFO - [2023-05-11T15:55:51.427+0000] {dag.py:3490} INFO - Setting next_dagrun for assessment_v3 to 2023-05-11T00:00:00+00:00, run_after=2023-05-12T00:00:00+00:00
[2023-05-11T15:55:51.447+0000] {processor.py:178} INFO - Processing /opt/airflow/dags/Trial_2.py took 0.094 seconds
[2023-05-11T15:56:21.607+0000] {processor.py:156} INFO - Started process (PID=250) to work on /opt/airflow/dags/Trial_2.py
[2023-05-11T15:56:21.608+0000] {processor.py:799} INFO - Processing file /opt/airflow/dags/Trial_2.py for tasks to queue
[2023-05-11T15:56:21.608+0000] {logging_mixin.py:149} INFO - [2023-05-11T15:56:21.608+0000] {dagbag.py:541} INFO - Filling up the DagBag from /opt/airflow/dags/Trial_2.py
[2023-05-11T15:56:21.628+0000] {logging_mixin.py:149} INFO - abc
[2023-05-11T15:56:21.633+0000] {logging_mixin.py:149} INFO - aa
[2023-05-11T15:56:21.637+0000] {processor.py:809} INFO - DAG(s) dict_keys(['assessment_v3']) retrieved from /opt/airflow/dags/Trial_2.py
[2023-05-11T15:56:21.661+0000] {logging_mixin.py:149} INFO - [2023-05-11T15:56:21.661+0000] {dag.py:2726} INFO - Sync 1 DAGs
[2023-05-11T15:56:21.681+0000] {logging_mixin.py:149} INFO - [2023-05-11T15:56:21.681+0000] {dag.py:3490} INFO - Setting next_dagrun for assessment_v3 to 2023-05-11T00:00:00+00:00, run_after=2023-05-12T00:00:00+00:00
[2023-05-11T15:56:21.702+0000] {processor.py:178} INFO - Processing /opt/airflow/dags/Trial_2.py took 0.098 seconds
[2023-05-11T15:56:51.950+0000] {processor.py:156} INFO - Started process (PID=272) to work on /opt/airflow/dags/Trial_2.py
[2023-05-11T15:56:51.951+0000] {processor.py:799} INFO - Processing file /opt/airflow/dags/Trial_2.py for tasks to queue
[2023-05-11T15:56:51.952+0000] {logging_mixin.py:149} INFO - [2023-05-11T15:56:51.952+0000] {dagbag.py:541} INFO - Filling up the DagBag from /opt/airflow/dags/Trial_2.py
[2023-05-11T15:56:51.971+0000] {logging_mixin.py:149} INFO - abc
[2023-05-11T15:56:51.977+0000] {logging_mixin.py:149} INFO - aa
[2023-05-11T15:56:51.983+0000] {processor.py:809} INFO - DAG(s) dict_keys(['assessment_v3']) retrieved from /opt/airflow/dags/Trial_2.py
[2023-05-11T15:56:52.008+0000] {logging_mixin.py:149} INFO - [2023-05-11T15:56:52.008+0000] {dag.py:2726} INFO - Sync 1 DAGs
[2023-05-11T15:56:52.029+0000] {logging_mixin.py:149} INFO - [2023-05-11T15:56:52.029+0000] {dag.py:3490} INFO - Setting next_dagrun for assessment_v3 to 2023-05-11T00:00:00+00:00, run_after=2023-05-12T00:00:00+00:00
[2023-05-11T15:56:52.052+0000] {processor.py:178} INFO - Processing /opt/airflow/dags/Trial_2.py took 0.107 seconds
[2023-05-11T15:57:22.294+0000] {processor.py:156} INFO - Started process (PID=294) to work on /opt/airflow/dags/Trial_2.py
[2023-05-11T15:57:22.295+0000] {processor.py:799} INFO - Processing file /opt/airflow/dags/Trial_2.py for tasks to queue
[2023-05-11T15:57:22.296+0000] {logging_mixin.py:149} INFO - [2023-05-11T15:57:22.296+0000] {dagbag.py:541} INFO - Filling up the DagBag from /opt/airflow/dags/Trial_2.py
[2023-05-11T15:57:22.316+0000] {logging_mixin.py:149} INFO - abc
[2023-05-11T15:57:22.335+0000] {logging_mixin.py:149} INFO - aa
[2023-05-11T15:57:22.342+0000] {processor.py:809} INFO - DAG(s) dict_keys(['assessment_v3']) retrieved from /opt/airflow/dags/Trial_2.py
[2023-05-11T15:57:22.380+0000] {logging_mixin.py:149} INFO - [2023-05-11T15:57:22.379+0000] {dag.py:2726} INFO - Sync 1 DAGs
[2023-05-11T15:57:22.420+0000] {logging_mixin.py:149} INFO - [2023-05-11T15:57:22.420+0000] {dag.py:3490} INFO - Setting next_dagrun for assessment_v3 to 2023-05-11T00:00:00+00:00, run_after=2023-05-12T00:00:00+00:00
[2023-05-11T15:57:22.676+0000] {processor.py:178} INFO - Processing /opt/airflow/dags/Trial_2.py took 0.388 seconds
[2023-05-11T15:57:52.741+0000] {processor.py:156} INFO - Started process (PID=316) to work on /opt/airflow/dags/Trial_2.py
[2023-05-11T15:57:52.742+0000] {processor.py:799} INFO - Processing file /opt/airflow/dags/Trial_2.py for tasks to queue
[2023-05-11T15:57:52.746+0000] {logging_mixin.py:149} INFO - [2023-05-11T15:57:52.745+0000] {dagbag.py:541} INFO - Filling up the DagBag from /opt/airflow/dags/Trial_2.py
[2023-05-11T15:57:52.770+0000] {logging_mixin.py:149} INFO - abc
[2023-05-11T15:57:52.798+0000] {logging_mixin.py:149} INFO - aa
[2023-05-11T15:57:52.828+0000] {processor.py:809} INFO - DAG(s) dict_keys(['assessment_v3']) retrieved from /opt/airflow/dags/Trial_2.py
[2023-05-11T15:57:52.909+0000] {logging_mixin.py:149} INFO - [2023-05-11T15:57:52.908+0000] {dag.py:2726} INFO - Sync 1 DAGs
[2023-05-11T15:57:54.308+0000] {logging_mixin.py:149} INFO - [2023-05-11T15:57:54.308+0000] {dag.py:3490} INFO - Setting next_dagrun for assessment_v3 to 2023-05-11T00:00:00+00:00, run_after=2023-05-12T00:00:00+00:00
[2023-05-11T15:57:54.330+0000] {processor.py:178} INFO - Processing /opt/airflow/dags/Trial_2.py took 1.592 seconds
[2023-05-11T15:58:25.007+0000] {processor.py:156} INFO - Started process (PID=336) to work on /opt/airflow/dags/Trial_2.py
[2023-05-11T15:58:25.011+0000] {processor.py:799} INFO - Processing file /opt/airflow/dags/Trial_2.py for tasks to queue
[2023-05-11T15:58:25.020+0000] {logging_mixin.py:149} INFO - [2023-05-11T15:58:25.019+0000] {dagbag.py:541} INFO - Filling up the DagBag from /opt/airflow/dags/Trial_2.py
[2023-05-11T15:58:25.079+0000] {logging_mixin.py:149} INFO - abc
[2023-05-11T15:58:25.152+0000] {logging_mixin.py:149} INFO - aa
[2023-05-11T15:58:25.199+0000] {processor.py:809} INFO - DAG(s) dict_keys(['assessment_v3']) retrieved from /opt/airflow/dags/Trial_2.py
[2023-05-11T15:58:25.318+0000] {logging_mixin.py:149} INFO - [2023-05-11T15:58:25.318+0000] {dag.py:2726} INFO - Sync 1 DAGs
[2023-05-11T15:58:25.803+0000] {logging_mixin.py:149} INFO - [2023-05-11T15:58:25.803+0000] {dag.py:3490} INFO - Setting next_dagrun for assessment_v3 to 2023-05-11T00:00:00+00:00, run_after=2023-05-12T00:00:00+00:00
[2023-05-11T15:58:25.830+0000] {processor.py:178} INFO - Processing /opt/airflow/dags/Trial_2.py took 0.886 seconds
[2023-05-11T15:58:56.276+0000] {processor.py:156} INFO - Started process (PID=358) to work on /opt/airflow/dags/Trial_2.py
[2023-05-11T15:58:56.277+0000] {processor.py:799} INFO - Processing file /opt/airflow/dags/Trial_2.py for tasks to queue
[2023-05-11T15:58:56.283+0000] {logging_mixin.py:149} INFO - [2023-05-11T15:58:56.283+0000] {dagbag.py:541} INFO - Filling up the DagBag from /opt/airflow/dags/Trial_2.py
[2023-05-11T15:58:56.328+0000] {logging_mixin.py:149} INFO - abc
[2023-05-11T15:58:56.412+0000] {logging_mixin.py:149} INFO - aa
[2023-05-11T15:58:56.476+0000] {processor.py:809} INFO - DAG(s) dict_keys(['assessment_v3']) retrieved from /opt/airflow/dags/Trial_2.py
[2023-05-11T15:58:56.620+0000] {logging_mixin.py:149} INFO - [2023-05-11T15:58:56.620+0000] {dag.py:2726} INFO - Sync 1 DAGs
[2023-05-11T15:58:57.367+0000] {logging_mixin.py:149} INFO - [2023-05-11T15:58:57.367+0000] {dag.py:3490} INFO - Setting next_dagrun for assessment_v3 to 2023-05-11T00:00:00+00:00, run_after=2023-05-12T00:00:00+00:00
[2023-05-11T15:58:57.386+0000] {processor.py:178} INFO - Processing /opt/airflow/dags/Trial_2.py took 1.131 seconds
[2023-05-11T15:59:27.610+0000] {processor.py:156} INFO - Started process (PID=382) to work on /opt/airflow/dags/Trial_2.py
[2023-05-11T15:59:27.611+0000] {processor.py:799} INFO - Processing file /opt/airflow/dags/Trial_2.py for tasks to queue
[2023-05-11T15:59:27.611+0000] {logging_mixin.py:149} INFO - [2023-05-11T15:59:27.611+0000] {dagbag.py:541} INFO - Filling up the DagBag from /opt/airflow/dags/Trial_2.py
[2023-05-11T15:59:27.630+0000] {logging_mixin.py:149} INFO - abc
[2023-05-11T15:59:27.635+0000] {logging_mixin.py:149} INFO - aa
[2023-05-11T15:59:27.642+0000] {processor.py:809} INFO - DAG(s) dict_keys(['assessment_v3']) retrieved from /opt/airflow/dags/Trial_2.py
[2023-05-11T15:59:27.805+0000] {logging_mixin.py:149} INFO - [2023-05-11T15:59:27.805+0000] {dag.py:2726} INFO - Sync 1 DAGs
[2023-05-11T15:59:27.824+0000] {logging_mixin.py:149} INFO - [2023-05-11T15:59:27.824+0000] {dag.py:3490} INFO - Setting next_dagrun for assessment_v3 to 2023-05-11T00:00:00+00:00, run_after=2023-05-12T00:00:00+00:00
[2023-05-11T15:59:27.851+0000] {processor.py:178} INFO - Processing /opt/airflow/dags/Trial_2.py took 0.243 seconds
[2023-05-11T15:59:58.170+0000] {processor.py:156} INFO - Started process (PID=404) to work on /opt/airflow/dags/Trial_2.py
[2023-05-11T15:59:58.171+0000] {processor.py:799} INFO - Processing file /opt/airflow/dags/Trial_2.py for tasks to queue
[2023-05-11T15:59:58.297+0000] {logging_mixin.py:149} INFO - [2023-05-11T15:59:58.297+0000] {dagbag.py:541} INFO - Filling up the DagBag from /opt/airflow/dags/Trial_2.py
[2023-05-11T15:59:58.317+0000] {logging_mixin.py:149} INFO - abc
[2023-05-11T15:59:58.320+0000] {logging_mixin.py:149} INFO - aa
[2023-05-11T15:59:58.323+0000] {processor.py:809} INFO - DAG(s) dict_keys(['assessment_v3']) retrieved from /opt/airflow/dags/Trial_2.py
[2023-05-11T15:59:58.347+0000] {logging_mixin.py:149} INFO - [2023-05-11T15:59:58.346+0000] {dag.py:2726} INFO - Sync 1 DAGs
[2023-05-11T15:59:58.371+0000] {logging_mixin.py:149} INFO - [2023-05-11T15:59:58.371+0000] {dag.py:3490} INFO - Setting next_dagrun for assessment_v3 to 2023-05-11T00:00:00+00:00, run_after=2023-05-12T00:00:00+00:00
[2023-05-11T15:59:58.393+0000] {processor.py:178} INFO - Processing /opt/airflow/dags/Trial_2.py took 0.225 seconds
[2023-05-11T16:00:28.779+0000] {processor.py:156} INFO - Started process (PID=426) to work on /opt/airflow/dags/Trial_2.py
[2023-05-11T16:00:28.781+0000] {processor.py:799} INFO - Processing file /opt/airflow/dags/Trial_2.py for tasks to queue
[2023-05-11T16:00:28.782+0000] {logging_mixin.py:149} INFO - [2023-05-11T16:00:28.782+0000] {dagbag.py:541} INFO - Filling up the DagBag from /opt/airflow/dags/Trial_2.py
[2023-05-11T16:00:28.808+0000] {logging_mixin.py:149} INFO - abc
[2023-05-11T16:00:28.817+0000] {logging_mixin.py:149} INFO - aa
[2023-05-11T16:00:28.828+0000] {processor.py:809} INFO - DAG(s) dict_keys(['assessment_v3']) retrieved from /opt/airflow/dags/Trial_2.py
[2023-05-11T16:00:28.868+0000] {logging_mixin.py:149} INFO - [2023-05-11T16:00:28.868+0000] {dag.py:2726} INFO - Sync 1 DAGs
[2023-05-11T16:00:28.896+0000] {logging_mixin.py:149} INFO - [2023-05-11T16:00:28.896+0000] {dag.py:3490} INFO - Setting next_dagrun for assessment_v3 to 2023-05-11T00:00:00+00:00, run_after=2023-05-12T00:00:00+00:00
[2023-05-11T16:00:28.921+0000] {processor.py:178} INFO - Processing /opt/airflow/dags/Trial_2.py took 0.147 seconds
[2023-05-11T16:00:59.161+0000] {processor.py:156} INFO - Started process (PID=448) to work on /opt/airflow/dags/Trial_2.py
[2023-05-11T16:00:59.162+0000] {processor.py:799} INFO - Processing file /opt/airflow/dags/Trial_2.py for tasks to queue
[2023-05-11T16:00:59.163+0000] {logging_mixin.py:149} INFO - [2023-05-11T16:00:59.163+0000] {dagbag.py:541} INFO - Filling up the DagBag from /opt/airflow/dags/Trial_2.py
[2023-05-11T16:00:59.180+0000] {logging_mixin.py:149} INFO - abc
[2023-05-11T16:00:59.184+0000] {logging_mixin.py:149} INFO - aa
[2023-05-11T16:00:59.188+0000] {processor.py:809} INFO - DAG(s) dict_keys(['assessment_v3']) retrieved from /opt/airflow/dags/Trial_2.py
[2023-05-11T16:00:59.210+0000] {logging_mixin.py:149} INFO - [2023-05-11T16:00:59.210+0000] {dag.py:2726} INFO - Sync 1 DAGs
[2023-05-11T16:00:59.230+0000] {logging_mixin.py:149} INFO - [2023-05-11T16:00:59.230+0000] {dag.py:3490} INFO - Setting next_dagrun for assessment_v3 to 2023-05-11T00:00:00+00:00, run_after=2023-05-12T00:00:00+00:00
[2023-05-11T16:00:59.251+0000] {processor.py:178} INFO - Processing /opt/airflow/dags/Trial_2.py took 0.092 seconds
[2023-05-11T16:01:29.506+0000] {processor.py:156} INFO - Started process (PID=470) to work on /opt/airflow/dags/Trial_2.py
[2023-05-11T16:01:29.507+0000] {processor.py:799} INFO - Processing file /opt/airflow/dags/Trial_2.py for tasks to queue
[2023-05-11T16:01:29.508+0000] {logging_mixin.py:149} INFO - [2023-05-11T16:01:29.508+0000] {dagbag.py:541} INFO - Filling up the DagBag from /opt/airflow/dags/Trial_2.py
[2023-05-11T16:01:29.528+0000] {logging_mixin.py:149} INFO - abc
[2023-05-11T16:01:29.531+0000] {logging_mixin.py:149} INFO - aa
[2023-05-11T16:01:29.536+0000] {processor.py:809} INFO - DAG(s) dict_keys(['assessment_v3']) retrieved from /opt/airflow/dags/Trial_2.py
[2023-05-11T16:01:29.556+0000] {logging_mixin.py:149} INFO - [2023-05-11T16:01:29.556+0000] {dag.py:2726} INFO - Sync 1 DAGs
[2023-05-11T16:01:29.574+0000] {logging_mixin.py:149} INFO - [2023-05-11T16:01:29.574+0000] {dag.py:3490} INFO - Setting next_dagrun for assessment_v3 to 2023-05-11T00:00:00+00:00, run_after=2023-05-12T00:00:00+00:00
[2023-05-11T16:01:29.601+0000] {processor.py:178} INFO - Processing /opt/airflow/dags/Trial_2.py took 0.097 seconds
[2023-05-11T16:01:59.834+0000] {processor.py:156} INFO - Started process (PID=492) to work on /opt/airflow/dags/Trial_2.py
[2023-05-11T16:01:59.835+0000] {processor.py:799} INFO - Processing file /opt/airflow/dags/Trial_2.py for tasks to queue
[2023-05-11T16:01:59.835+0000] {logging_mixin.py:149} INFO - [2023-05-11T16:01:59.835+0000] {dagbag.py:541} INFO - Filling up the DagBag from /opt/airflow/dags/Trial_2.py
[2023-05-11T16:01:59.853+0000] {logging_mixin.py:149} INFO - abc
[2023-05-11T16:01:59.857+0000] {logging_mixin.py:149} INFO - aa
[2023-05-11T16:01:59.862+0000] {processor.py:809} INFO - DAG(s) dict_keys(['assessment_v3']) retrieved from /opt/airflow/dags/Trial_2.py
[2023-05-11T16:01:59.884+0000] {logging_mixin.py:149} INFO - [2023-05-11T16:01:59.884+0000] {dag.py:2726} INFO - Sync 1 DAGs
[2023-05-11T16:01:59.905+0000] {logging_mixin.py:149} INFO - [2023-05-11T16:01:59.904+0000] {dag.py:3490} INFO - Setting next_dagrun for assessment_v3 to 2023-05-11T00:00:00+00:00, run_after=2023-05-12T00:00:00+00:00
[2023-05-11T16:01:59.924+0000] {processor.py:178} INFO - Processing /opt/airflow/dags/Trial_2.py took 0.093 seconds
[2023-05-11T16:02:30.165+0000] {processor.py:156} INFO - Started process (PID=514) to work on /opt/airflow/dags/Trial_2.py
[2023-05-11T16:02:30.166+0000] {processor.py:799} INFO - Processing file /opt/airflow/dags/Trial_2.py for tasks to queue
[2023-05-11T16:02:30.166+0000] {logging_mixin.py:149} INFO - [2023-05-11T16:02:30.166+0000] {dagbag.py:541} INFO - Filling up the DagBag from /opt/airflow/dags/Trial_2.py
[2023-05-11T16:02:30.184+0000] {logging_mixin.py:149} INFO - abc
[2023-05-11T16:02:30.188+0000] {logging_mixin.py:149} INFO - aa
[2023-05-11T16:02:30.192+0000] {processor.py:809} INFO - DAG(s) dict_keys(['assessment_v3']) retrieved from /opt/airflow/dags/Trial_2.py
[2023-05-11T16:02:30.214+0000] {logging_mixin.py:149} INFO - [2023-05-11T16:02:30.214+0000] {dag.py:2726} INFO - Sync 1 DAGs
[2023-05-11T16:02:30.235+0000] {logging_mixin.py:149} INFO - [2023-05-11T16:02:30.235+0000] {dag.py:3490} INFO - Setting next_dagrun for assessment_v3 to 2023-05-11T00:00:00+00:00, run_after=2023-05-12T00:00:00+00:00
[2023-05-11T16:02:30.260+0000] {processor.py:178} INFO - Processing /opt/airflow/dags/Trial_2.py took 0.098 seconds
[2023-05-11T16:03:00.495+0000] {processor.py:156} INFO - Started process (PID=536) to work on /opt/airflow/dags/Trial_2.py
[2023-05-11T16:03:00.496+0000] {processor.py:799} INFO - Processing file /opt/airflow/dags/Trial_2.py for tasks to queue
[2023-05-11T16:03:00.497+0000] {logging_mixin.py:149} INFO - [2023-05-11T16:03:00.497+0000] {dagbag.py:541} INFO - Filling up the DagBag from /opt/airflow/dags/Trial_2.py
[2023-05-11T16:03:00.514+0000] {logging_mixin.py:149} INFO - abc
[2023-05-11T16:03:00.518+0000] {logging_mixin.py:149} INFO - aa
[2023-05-11T16:03:00.523+0000] {processor.py:809} INFO - DAG(s) dict_keys(['assessment_v3']) retrieved from /opt/airflow/dags/Trial_2.py
[2023-05-11T16:03:00.544+0000] {logging_mixin.py:149} INFO - [2023-05-11T16:03:00.544+0000] {dag.py:2726} INFO - Sync 1 DAGs
[2023-05-11T16:03:00.562+0000] {logging_mixin.py:149} INFO - [2023-05-11T16:03:00.562+0000] {dag.py:3490} INFO - Setting next_dagrun for assessment_v3 to 2023-05-11T00:00:00+00:00, run_after=2023-05-12T00:00:00+00:00
[2023-05-11T16:03:00.584+0000] {processor.py:178} INFO - Processing /opt/airflow/dags/Trial_2.py took 0.091 seconds
[2023-05-11T18:22:34.763+0000] {processor.py:156} INFO - Started process (PID=174) to work on /opt/airflow/dags/Trial_2.py
[2023-05-11T18:22:34.764+0000] {processor.py:799} INFO - Processing file /opt/airflow/dags/Trial_2.py for tasks to queue
[2023-05-11T18:22:34.765+0000] {logging_mixin.py:149} INFO - [2023-05-11T18:22:34.765+0000] {dagbag.py:541} INFO - Filling up the DagBag from /opt/airflow/dags/Trial_2.py
[2023-05-11T18:22:34.794+0000] {logging_mixin.py:149} INFO - abc
[2023-05-11T18:22:34.798+0000] {logging_mixin.py:149} INFO - aa
[2023-05-11T18:22:34.804+0000] {processor.py:809} INFO - DAG(s) dict_keys(['assessment_v3']) retrieved from /opt/airflow/dags/Trial_2.py
[2023-05-11T18:22:34.974+0000] {logging_mixin.py:149} INFO - [2023-05-11T18:22:34.974+0000] {manager.py:504} INFO - Created Permission View: can edit on DAG:assessment_v3
[2023-05-11T18:22:34.983+0000] {logging_mixin.py:149} INFO - [2023-05-11T18:22:34.983+0000] {manager.py:504} INFO - Created Permission View: can delete on DAG:assessment_v3
[2023-05-11T18:22:34.991+0000] {logging_mixin.py:149} INFO - [2023-05-11T18:22:34.991+0000] {manager.py:504} INFO - Created Permission View: can read on DAG:assessment_v3
[2023-05-11T18:22:34.991+0000] {logging_mixin.py:149} INFO - [2023-05-11T18:22:34.991+0000] {dag.py:2726} INFO - Sync 1 DAGs
[2023-05-11T18:22:35.001+0000] {logging_mixin.py:149} INFO - [2023-05-11T18:22:35.001+0000] {dag.py:2747} INFO - Creating ORM DAG for assessment_v3
[2023-05-11T18:22:35.010+0000] {logging_mixin.py:149} INFO - [2023-05-11T18:22:35.010+0000] {dag.py:3490} INFO - Setting next_dagrun for assessment_v3 to 2023-05-11T00:00:00+00:00, run_after=2023-05-12T00:00:00+00:00
[2023-05-11T18:22:35.126+0000] {processor.py:178} INFO - Processing /opt/airflow/dags/Trial_2.py took 0.365 seconds
[2023-05-11T18:23:05.375+0000] {processor.py:156} INFO - Started process (PID=196) to work on /opt/airflow/dags/Trial_2.py
[2023-05-11T18:23:05.375+0000] {processor.py:799} INFO - Processing file /opt/airflow/dags/Trial_2.py for tasks to queue
[2023-05-11T18:23:05.376+0000] {logging_mixin.py:149} INFO - [2023-05-11T18:23:05.376+0000] {dagbag.py:541} INFO - Filling up the DagBag from /opt/airflow/dags/Trial_2.py
[2023-05-11T18:23:05.393+0000] {logging_mixin.py:149} INFO - abc
[2023-05-11T18:23:05.396+0000] {logging_mixin.py:149} INFO - aa
[2023-05-11T18:23:05.401+0000] {processor.py:809} INFO - DAG(s) dict_keys(['assessment_v3']) retrieved from /opt/airflow/dags/Trial_2.py
[2023-05-11T18:23:05.422+0000] {logging_mixin.py:149} INFO - [2023-05-11T18:23:05.422+0000] {dag.py:2726} INFO - Sync 1 DAGs
[2023-05-11T18:23:05.444+0000] {logging_mixin.py:149} INFO - [2023-05-11T18:23:05.444+0000] {dag.py:3490} INFO - Setting next_dagrun for assessment_v3 to 2023-05-11T00:00:00+00:00, run_after=2023-05-12T00:00:00+00:00
[2023-05-11T18:23:05.461+0000] {processor.py:178} INFO - Processing /opt/airflow/dags/Trial_2.py took 0.089 seconds
[2023-05-11T18:23:35.706+0000] {processor.py:156} INFO - Started process (PID=218) to work on /opt/airflow/dags/Trial_2.py
[2023-05-11T18:23:35.707+0000] {processor.py:799} INFO - Processing file /opt/airflow/dags/Trial_2.py for tasks to queue
[2023-05-11T18:23:35.708+0000] {logging_mixin.py:149} INFO - [2023-05-11T18:23:35.708+0000] {dagbag.py:541} INFO - Filling up the DagBag from /opt/airflow/dags/Trial_2.py
[2023-05-11T18:23:35.726+0000] {logging_mixin.py:149} INFO - abc
[2023-05-11T18:23:35.731+0000] {logging_mixin.py:149} INFO - aa
[2023-05-11T18:23:35.737+0000] {processor.py:809} INFO - DAG(s) dict_keys(['assessment_v3']) retrieved from /opt/airflow/dags/Trial_2.py
[2023-05-11T18:23:35.761+0000] {logging_mixin.py:149} INFO - [2023-05-11T18:23:35.761+0000] {dag.py:2726} INFO - Sync 1 DAGs
[2023-05-11T18:23:35.782+0000] {logging_mixin.py:149} INFO - [2023-05-11T18:23:35.782+0000] {dag.py:3490} INFO - Setting next_dagrun for assessment_v3 to 2023-05-11T00:00:00+00:00, run_after=2023-05-12T00:00:00+00:00
[2023-05-11T18:23:35.803+0000] {processor.py:178} INFO - Processing /opt/airflow/dags/Trial_2.py took 0.098 seconds
