[2023-05-12T00:00:01.831+0000] {processor.py:156} INFO - Started process (PID=570) to work on /opt/airflow/dags/python_scripts/local_config.py
[2023-05-12T00:00:01.832+0000] {processor.py:799} INFO - Processing file /opt/airflow/dags/python_scripts/local_config.py for tasks to queue
[2023-05-12T00:00:01.832+0000] {logging_mixin.py:149} INFO - [2023-05-12T00:00:01.832+0000] {dagbag.py:541} INFO - Filling up the DagBag from /opt/airflow/dags/python_scripts/local_config.py
[2023-05-12T00:00:01.843+0000] {processor.py:811} WARNING - No viable dags retrieved from /opt/airflow/dags/python_scripts/local_config.py
[2023-05-12T00:00:01.860+0000] {processor.py:178} INFO - Processing /opt/airflow/dags/python_scripts/local_config.py took 0.034 seconds
[2023-05-12T00:00:32.231+0000] {processor.py:156} INFO - Started process (PID=597) to work on /opt/airflow/dags/python_scripts/local_config.py
[2023-05-12T00:00:32.235+0000] {processor.py:799} INFO - Processing file /opt/airflow/dags/python_scripts/local_config.py for tasks to queue
[2023-05-12T00:00:32.236+0000] {logging_mixin.py:149} INFO - [2023-05-12T00:00:32.236+0000] {dagbag.py:541} INFO - Filling up the DagBag from /opt/airflow/dags/python_scripts/local_config.py
[2023-05-12T00:00:32.246+0000] {processor.py:811} WARNING - No viable dags retrieved from /opt/airflow/dags/python_scripts/local_config.py
[2023-05-12T00:00:32.261+0000] {processor.py:178} INFO - Processing /opt/airflow/dags/python_scripts/local_config.py took 0.034 seconds
[2023-05-12T00:01:02.296+0000] {processor.py:156} INFO - Started process (PID=614) to work on /opt/airflow/dags/python_scripts/local_config.py
[2023-05-12T00:01:02.297+0000] {processor.py:799} INFO - Processing file /opt/airflow/dags/python_scripts/local_config.py for tasks to queue
[2023-05-12T00:01:02.298+0000] {logging_mixin.py:149} INFO - [2023-05-12T00:01:02.298+0000] {dagbag.py:541} INFO - Filling up the DagBag from /opt/airflow/dags/python_scripts/local_config.py
[2023-05-12T00:01:02.305+0000] {processor.py:811} WARNING - No viable dags retrieved from /opt/airflow/dags/python_scripts/local_config.py
[2023-05-12T00:01:02.318+0000] {processor.py:178} INFO - Processing /opt/airflow/dags/python_scripts/local_config.py took 0.025 seconds
[2023-05-12T00:01:32.604+0000] {processor.py:156} INFO - Started process (PID=656) to work on /opt/airflow/dags/python_scripts/local_config.py
[2023-05-12T00:01:32.605+0000] {processor.py:799} INFO - Processing file /opt/airflow/dags/python_scripts/local_config.py for tasks to queue
[2023-05-12T00:01:32.606+0000] {logging_mixin.py:149} INFO - [2023-05-12T00:01:32.606+0000] {dagbag.py:541} INFO - Filling up the DagBag from /opt/airflow/dags/python_scripts/local_config.py
[2023-05-12T00:01:32.615+0000] {processor.py:811} WARNING - No viable dags retrieved from /opt/airflow/dags/python_scripts/local_config.py
[2023-05-12T00:01:32.632+0000] {processor.py:178} INFO - Processing /opt/airflow/dags/python_scripts/local_config.py took 0.033 seconds
[2023-05-12T00:02:03.222+0000] {processor.py:156} INFO - Started process (PID=678) to work on /opt/airflow/dags/python_scripts/local_config.py
[2023-05-12T00:02:03.222+0000] {processor.py:799} INFO - Processing file /opt/airflow/dags/python_scripts/local_config.py for tasks to queue
[2023-05-12T00:02:03.223+0000] {logging_mixin.py:149} INFO - [2023-05-12T00:02:03.223+0000] {dagbag.py:541} INFO - Filling up the DagBag from /opt/airflow/dags/python_scripts/local_config.py
[2023-05-12T00:02:03.231+0000] {processor.py:811} WARNING - No viable dags retrieved from /opt/airflow/dags/python_scripts/local_config.py
[2023-05-12T00:02:03.244+0000] {processor.py:178} INFO - Processing /opt/airflow/dags/python_scripts/local_config.py took 0.025 seconds
[2023-05-12T00:02:33.392+0000] {processor.py:156} INFO - Started process (PID=695) to work on /opt/airflow/dags/python_scripts/local_config.py
[2023-05-12T00:02:33.392+0000] {processor.py:799} INFO - Processing file /opt/airflow/dags/python_scripts/local_config.py for tasks to queue
[2023-05-12T00:02:33.393+0000] {logging_mixin.py:149} INFO - [2023-05-12T00:02:33.393+0000] {dagbag.py:541} INFO - Filling up the DagBag from /opt/airflow/dags/python_scripts/local_config.py
[2023-05-12T00:02:33.401+0000] {processor.py:811} WARNING - No viable dags retrieved from /opt/airflow/dags/python_scripts/local_config.py
[2023-05-12T00:02:33.416+0000] {processor.py:178} INFO - Processing /opt/airflow/dags/python_scripts/local_config.py took 0.026 seconds
[2023-05-12T00:07:15.382+0000] {processor.py:156} INFO - Started process (PID=177) to work on /opt/airflow/dags/python_scripts/local_config.py
[2023-05-12T00:07:15.382+0000] {processor.py:799} INFO - Processing file /opt/airflow/dags/python_scripts/local_config.py for tasks to queue
[2023-05-12T00:07:15.383+0000] {logging_mixin.py:149} INFO - [2023-05-12T00:07:15.383+0000] {dagbag.py:541} INFO - Filling up the DagBag from /opt/airflow/dags/python_scripts/local_config.py
[2023-05-12T00:07:15.393+0000] {processor.py:811} WARNING - No viable dags retrieved from /opt/airflow/dags/python_scripts/local_config.py
[2023-05-12T00:07:15.404+0000] {processor.py:178} INFO - Processing /opt/airflow/dags/python_scripts/local_config.py took 0.024 seconds
[2023-05-12T00:07:45.900+0000] {processor.py:156} INFO - Started process (PID=212) to work on /opt/airflow/dags/python_scripts/local_config.py
[2023-05-12T00:07:45.908+0000] {processor.py:799} INFO - Processing file /opt/airflow/dags/python_scripts/local_config.py for tasks to queue
[2023-05-12T00:07:45.919+0000] {logging_mixin.py:149} INFO - [2023-05-12T00:07:45.918+0000] {dagbag.py:541} INFO - Filling up the DagBag from /opt/airflow/dags/python_scripts/local_config.py
[2023-05-12T00:07:45.959+0000] {processor.py:811} WARNING - No viable dags retrieved from /opt/airflow/dags/python_scripts/local_config.py
[2023-05-12T00:07:46.159+0000] {processor.py:178} INFO - Processing /opt/airflow/dags/python_scripts/local_config.py took 0.306 seconds
[2023-05-12T00:08:17.107+0000] {processor.py:156} INFO - Started process (PID=229) to work on /opt/airflow/dags/python_scripts/local_config.py
[2023-05-12T00:08:17.121+0000] {processor.py:799} INFO - Processing file /opt/airflow/dags/python_scripts/local_config.py for tasks to queue
[2023-05-12T00:08:17.131+0000] {logging_mixin.py:149} INFO - [2023-05-12T00:08:17.131+0000] {dagbag.py:541} INFO - Filling up the DagBag from /opt/airflow/dags/python_scripts/local_config.py
[2023-05-12T00:08:17.232+0000] {processor.py:811} WARNING - No viable dags retrieved from /opt/airflow/dags/python_scripts/local_config.py
[2023-05-12T00:08:17.486+0000] {processor.py:178} INFO - Processing /opt/airflow/dags/python_scripts/local_config.py took 0.568 seconds
[2023-05-12T00:08:47.617+0000] {processor.py:156} INFO - Started process (PID=251) to work on /opt/airflow/dags/python_scripts/local_config.py
[2023-05-12T00:08:47.624+0000] {processor.py:799} INFO - Processing file /opt/airflow/dags/python_scripts/local_config.py for tasks to queue
[2023-05-12T00:08:47.626+0000] {logging_mixin.py:149} INFO - [2023-05-12T00:08:47.626+0000] {dagbag.py:541} INFO - Filling up the DagBag from /opt/airflow/dags/python_scripts/local_config.py
[2023-05-12T00:08:47.645+0000] {processor.py:811} WARNING - No viable dags retrieved from /opt/airflow/dags/python_scripts/local_config.py
[2023-05-12T00:08:47.838+0000] {processor.py:178} INFO - Processing /opt/airflow/dags/python_scripts/local_config.py took 0.249 seconds
[2023-05-12T00:09:18.087+0000] {processor.py:156} INFO - Started process (PID=268) to work on /opt/airflow/dags/python_scripts/local_config.py
[2023-05-12T00:09:18.089+0000] {processor.py:799} INFO - Processing file /opt/airflow/dags/python_scripts/local_config.py for tasks to queue
[2023-05-12T00:09:18.090+0000] {logging_mixin.py:149} INFO - [2023-05-12T00:09:18.090+0000] {dagbag.py:541} INFO - Filling up the DagBag from /opt/airflow/dags/python_scripts/local_config.py
[2023-05-12T00:09:18.098+0000] {processor.py:811} WARNING - No viable dags retrieved from /opt/airflow/dags/python_scripts/local_config.py
[2023-05-12T00:09:18.111+0000] {processor.py:178} INFO - Processing /opt/airflow/dags/python_scripts/local_config.py took 0.027 seconds
[2023-05-12T00:09:48.447+0000] {processor.py:156} INFO - Started process (PID=285) to work on /opt/airflow/dags/python_scripts/local_config.py
[2023-05-12T00:09:48.455+0000] {processor.py:799} INFO - Processing file /opt/airflow/dags/python_scripts/local_config.py for tasks to queue
[2023-05-12T00:09:48.457+0000] {logging_mixin.py:149} INFO - [2023-05-12T00:09:48.457+0000] {dagbag.py:541} INFO - Filling up the DagBag from /opt/airflow/dags/python_scripts/local_config.py
[2023-05-12T00:09:48.475+0000] {processor.py:811} WARNING - No viable dags retrieved from /opt/airflow/dags/python_scripts/local_config.py
[2023-05-12T00:09:48.527+0000] {processor.py:178} INFO - Processing /opt/airflow/dags/python_scripts/local_config.py took 0.128 seconds
[2023-05-12T00:10:18.809+0000] {processor.py:156} INFO - Started process (PID=302) to work on /opt/airflow/dags/python_scripts/local_config.py
[2023-05-12T00:10:18.812+0000] {processor.py:799} INFO - Processing file /opt/airflow/dags/python_scripts/local_config.py for tasks to queue
[2023-05-12T00:10:18.814+0000] {logging_mixin.py:149} INFO - [2023-05-12T00:10:18.814+0000] {dagbag.py:541} INFO - Filling up the DagBag from /opt/airflow/dags/python_scripts/local_config.py
[2023-05-12T00:10:18.835+0000] {processor.py:811} WARNING - No viable dags retrieved from /opt/airflow/dags/python_scripts/local_config.py
[2023-05-12T00:10:18.871+0000] {processor.py:178} INFO - Processing /opt/airflow/dags/python_scripts/local_config.py took 0.073 seconds
[2023-05-12T00:10:49.057+0000] {processor.py:156} INFO - Started process (PID=319) to work on /opt/airflow/dags/python_scripts/local_config.py
[2023-05-12T00:10:49.058+0000] {processor.py:799} INFO - Processing file /opt/airflow/dags/python_scripts/local_config.py for tasks to queue
[2023-05-12T00:10:49.059+0000] {logging_mixin.py:149} INFO - [2023-05-12T00:10:49.059+0000] {dagbag.py:541} INFO - Filling up the DagBag from /opt/airflow/dags/python_scripts/local_config.py
[2023-05-12T00:10:49.067+0000] {processor.py:811} WARNING - No viable dags retrieved from /opt/airflow/dags/python_scripts/local_config.py
[2023-05-12T00:10:49.079+0000] {processor.py:178} INFO - Processing /opt/airflow/dags/python_scripts/local_config.py took 0.024 seconds
[2023-05-12T00:11:19.293+0000] {processor.py:156} INFO - Started process (PID=336) to work on /opt/airflow/dags/python_scripts/local_config.py
[2023-05-12T00:11:19.295+0000] {processor.py:799} INFO - Processing file /opt/airflow/dags/python_scripts/local_config.py for tasks to queue
[2023-05-12T00:11:19.297+0000] {logging_mixin.py:149} INFO - [2023-05-12T00:11:19.297+0000] {dagbag.py:541} INFO - Filling up the DagBag from /opt/airflow/dags/python_scripts/local_config.py
[2023-05-12T00:11:19.306+0000] {processor.py:811} WARNING - No viable dags retrieved from /opt/airflow/dags/python_scripts/local_config.py
[2023-05-12T00:11:19.323+0000] {processor.py:178} INFO - Processing /opt/airflow/dags/python_scripts/local_config.py took 0.040 seconds
[2023-05-12T00:11:49.516+0000] {processor.py:156} INFO - Started process (PID=353) to work on /opt/airflow/dags/python_scripts/local_config.py
[2023-05-12T00:11:49.517+0000] {processor.py:799} INFO - Processing file /opt/airflow/dags/python_scripts/local_config.py for tasks to queue
[2023-05-12T00:11:49.518+0000] {logging_mixin.py:149} INFO - [2023-05-12T00:11:49.518+0000] {dagbag.py:541} INFO - Filling up the DagBag from /opt/airflow/dags/python_scripts/local_config.py
[2023-05-12T00:11:49.525+0000] {processor.py:811} WARNING - No viable dags retrieved from /opt/airflow/dags/python_scripts/local_config.py
[2023-05-12T00:11:49.537+0000] {processor.py:178} INFO - Processing /opt/airflow/dags/python_scripts/local_config.py took 0.023 seconds
[2023-05-12T00:12:19.813+0000] {processor.py:156} INFO - Started process (PID=375) to work on /opt/airflow/dags/python_scripts/local_config.py
[2023-05-12T00:12:19.813+0000] {processor.py:799} INFO - Processing file /opt/airflow/dags/python_scripts/local_config.py for tasks to queue
[2023-05-12T00:12:19.814+0000] {logging_mixin.py:149} INFO - [2023-05-12T00:12:19.814+0000] {dagbag.py:541} INFO - Filling up the DagBag from /opt/airflow/dags/python_scripts/local_config.py
[2023-05-12T00:12:19.822+0000] {processor.py:811} WARNING - No viable dags retrieved from /opt/airflow/dags/python_scripts/local_config.py
[2023-05-12T00:12:19.833+0000] {processor.py:178} INFO - Processing /opt/airflow/dags/python_scripts/local_config.py took 0.023 seconds
[2023-05-12T00:12:50.118+0000] {processor.py:156} INFO - Started process (PID=392) to work on /opt/airflow/dags/python_scripts/local_config.py
[2023-05-12T00:12:50.119+0000] {processor.py:799} INFO - Processing file /opt/airflow/dags/python_scripts/local_config.py for tasks to queue
[2023-05-12T00:12:50.120+0000] {logging_mixin.py:149} INFO - [2023-05-12T00:12:50.119+0000] {dagbag.py:541} INFO - Filling up the DagBag from /opt/airflow/dags/python_scripts/local_config.py
[2023-05-12T00:12:50.127+0000] {processor.py:811} WARNING - No viable dags retrieved from /opt/airflow/dags/python_scripts/local_config.py
[2023-05-12T00:12:50.138+0000] {processor.py:178} INFO - Processing /opt/airflow/dags/python_scripts/local_config.py took 0.023 seconds
[2023-05-12T00:13:20.343+0000] {processor.py:156} INFO - Started process (PID=409) to work on /opt/airflow/dags/python_scripts/local_config.py
[2023-05-12T00:13:20.344+0000] {processor.py:799} INFO - Processing file /opt/airflow/dags/python_scripts/local_config.py for tasks to queue
[2023-05-12T00:13:20.345+0000] {logging_mixin.py:149} INFO - [2023-05-12T00:13:20.344+0000] {dagbag.py:541} INFO - Filling up the DagBag from /opt/airflow/dags/python_scripts/local_config.py
[2023-05-12T00:13:20.352+0000] {processor.py:811} WARNING - No viable dags retrieved from /opt/airflow/dags/python_scripts/local_config.py
[2023-05-12T00:13:20.363+0000] {processor.py:178} INFO - Processing /opt/airflow/dags/python_scripts/local_config.py took 0.023 seconds
[2023-05-12T00:13:50.553+0000] {processor.py:156} INFO - Started process (PID=426) to work on /opt/airflow/dags/python_scripts/local_config.py
[2023-05-12T00:13:50.553+0000] {processor.py:799} INFO - Processing file /opt/airflow/dags/python_scripts/local_config.py for tasks to queue
[2023-05-12T00:13:50.555+0000] {logging_mixin.py:149} INFO - [2023-05-12T00:13:50.555+0000] {dagbag.py:541} INFO - Filling up the DagBag from /opt/airflow/dags/python_scripts/local_config.py
[2023-05-12T00:13:50.562+0000] {processor.py:811} WARNING - No viable dags retrieved from /opt/airflow/dags/python_scripts/local_config.py
[2023-05-12T00:13:50.572+0000] {processor.py:178} INFO - Processing /opt/airflow/dags/python_scripts/local_config.py took 0.022 seconds
[2023-05-12T00:14:20.751+0000] {processor.py:156} INFO - Started process (PID=443) to work on /opt/airflow/dags/python_scripts/local_config.py
[2023-05-12T00:14:20.752+0000] {processor.py:799} INFO - Processing file /opt/airflow/dags/python_scripts/local_config.py for tasks to queue
[2023-05-12T00:14:20.753+0000] {logging_mixin.py:149} INFO - [2023-05-12T00:14:20.753+0000] {dagbag.py:541} INFO - Filling up the DagBag from /opt/airflow/dags/python_scripts/local_config.py
[2023-05-12T00:14:20.760+0000] {processor.py:811} WARNING - No viable dags retrieved from /opt/airflow/dags/python_scripts/local_config.py
[2023-05-12T00:14:20.771+0000] {processor.py:178} INFO - Processing /opt/airflow/dags/python_scripts/local_config.py took 0.023 seconds
[2023-05-12T00:14:50.957+0000] {processor.py:156} INFO - Started process (PID=460) to work on /opt/airflow/dags/python_scripts/local_config.py
[2023-05-12T00:14:50.958+0000] {processor.py:799} INFO - Processing file /opt/airflow/dags/python_scripts/local_config.py for tasks to queue
[2023-05-12T00:14:50.958+0000] {logging_mixin.py:149} INFO - [2023-05-12T00:14:50.958+0000] {dagbag.py:541} INFO - Filling up the DagBag from /opt/airflow/dags/python_scripts/local_config.py
[2023-05-12T00:14:50.966+0000] {processor.py:811} WARNING - No viable dags retrieved from /opt/airflow/dags/python_scripts/local_config.py
[2023-05-12T00:14:50.977+0000] {processor.py:178} INFO - Processing /opt/airflow/dags/python_scripts/local_config.py took 0.023 seconds
[2023-05-12T00:15:21.165+0000] {processor.py:156} INFO - Started process (PID=477) to work on /opt/airflow/dags/python_scripts/local_config.py
[2023-05-12T00:15:21.165+0000] {processor.py:799} INFO - Processing file /opt/airflow/dags/python_scripts/local_config.py for tasks to queue
[2023-05-12T00:15:21.166+0000] {logging_mixin.py:149} INFO - [2023-05-12T00:15:21.166+0000] {dagbag.py:541} INFO - Filling up the DagBag from /opt/airflow/dags/python_scripts/local_config.py
[2023-05-12T00:15:21.174+0000] {processor.py:811} WARNING - No viable dags retrieved from /opt/airflow/dags/python_scripts/local_config.py
[2023-05-12T00:15:21.185+0000] {processor.py:178} INFO - Processing /opt/airflow/dags/python_scripts/local_config.py took 0.023 seconds
[2023-05-12T00:15:51.371+0000] {processor.py:156} INFO - Started process (PID=493) to work on /opt/airflow/dags/python_scripts/local_config.py
[2023-05-12T00:15:51.372+0000] {processor.py:799} INFO - Processing file /opt/airflow/dags/python_scripts/local_config.py for tasks to queue
[2023-05-12T00:15:51.373+0000] {logging_mixin.py:149} INFO - [2023-05-12T00:15:51.373+0000] {dagbag.py:541} INFO - Filling up the DagBag from /opt/airflow/dags/python_scripts/local_config.py
[2023-05-12T00:15:51.382+0000] {processor.py:811} WARNING - No viable dags retrieved from /opt/airflow/dags/python_scripts/local_config.py
[2023-05-12T00:15:51.392+0000] {processor.py:178} INFO - Processing /opt/airflow/dags/python_scripts/local_config.py took 0.024 seconds
[2023-05-12T00:16:21.584+0000] {processor.py:156} INFO - Started process (PID=510) to work on /opt/airflow/dags/python_scripts/local_config.py
[2023-05-12T00:16:21.585+0000] {processor.py:799} INFO - Processing file /opt/airflow/dags/python_scripts/local_config.py for tasks to queue
[2023-05-12T00:16:21.586+0000] {logging_mixin.py:149} INFO - [2023-05-12T00:16:21.586+0000] {dagbag.py:541} INFO - Filling up the DagBag from /opt/airflow/dags/python_scripts/local_config.py
[2023-05-12T00:16:21.594+0000] {processor.py:811} WARNING - No viable dags retrieved from /opt/airflow/dags/python_scripts/local_config.py
[2023-05-12T00:16:21.605+0000] {processor.py:178} INFO - Processing /opt/airflow/dags/python_scripts/local_config.py took 0.024 seconds
[2023-05-12T00:26:38.494+0000] {processor.py:156} INFO - Started process (PID=177) to work on /opt/airflow/dags/python_scripts/local_config.py
[2023-05-12T00:26:38.495+0000] {processor.py:799} INFO - Processing file /opt/airflow/dags/python_scripts/local_config.py for tasks to queue
[2023-05-12T00:26:38.496+0000] {logging_mixin.py:149} INFO - [2023-05-12T00:26:38.496+0000] {dagbag.py:541} INFO - Filling up the DagBag from /opt/airflow/dags/python_scripts/local_config.py
[2023-05-12T00:26:38.506+0000] {processor.py:811} WARNING - No viable dags retrieved from /opt/airflow/dags/python_scripts/local_config.py
[2023-05-12T00:26:38.520+0000] {processor.py:178} INFO - Processing /opt/airflow/dags/python_scripts/local_config.py took 0.029 seconds
[2023-05-12T02:25:05.514+0000] {processor.py:156} INFO - Started process (PID=42) to work on /opt/airflow/dags/python_scripts/local_config.py
[2023-05-12T02:25:05.516+0000] {processor.py:799} INFO - Processing file /opt/airflow/dags/python_scripts/local_config.py for tasks to queue
[2023-05-12T02:25:05.519+0000] {logging_mixin.py:149} INFO - [2023-05-12T02:25:05.519+0000] {dagbag.py:541} INFO - Filling up the DagBag from /opt/airflow/dags/python_scripts/local_config.py
[2023-05-12T02:25:05.534+0000] {processor.py:811} WARNING - No viable dags retrieved from /opt/airflow/dags/python_scripts/local_config.py
[2023-05-12T02:25:05.559+0000] {processor.py:178} INFO - Processing /opt/airflow/dags/python_scripts/local_config.py took 0.051 seconds
[2023-05-12T02:25:35.735+0000] {processor.py:156} INFO - Started process (PID=50) to work on /opt/airflow/dags/python_scripts/local_config.py
[2023-05-12T02:25:35.736+0000] {processor.py:799} INFO - Processing file /opt/airflow/dags/python_scripts/local_config.py for tasks to queue
[2023-05-12T02:25:35.737+0000] {logging_mixin.py:149} INFO - [2023-05-12T02:25:35.737+0000] {dagbag.py:541} INFO - Filling up the DagBag from /opt/airflow/dags/python_scripts/local_config.py
[2023-05-12T02:25:35.745+0000] {processor.py:811} WARNING - No viable dags retrieved from /opt/airflow/dags/python_scripts/local_config.py
[2023-05-12T02:25:35.756+0000] {processor.py:178} INFO - Processing /opt/airflow/dags/python_scripts/local_config.py took 0.024 seconds
[2023-05-12T02:26:05.948+0000] {processor.py:156} INFO - Started process (PID=59) to work on /opt/airflow/dags/python_scripts/local_config.py
[2023-05-12T02:26:05.948+0000] {processor.py:799} INFO - Processing file /opt/airflow/dags/python_scripts/local_config.py for tasks to queue
[2023-05-12T02:26:05.949+0000] {logging_mixin.py:149} INFO - [2023-05-12T02:26:05.949+0000] {dagbag.py:541} INFO - Filling up the DagBag from /opt/airflow/dags/python_scripts/local_config.py
[2023-05-12T02:26:05.955+0000] {processor.py:811} WARNING - No viable dags retrieved from /opt/airflow/dags/python_scripts/local_config.py
[2023-05-12T02:26:05.967+0000] {processor.py:178} INFO - Processing /opt/airflow/dags/python_scripts/local_config.py took 0.022 seconds
[2023-05-12T02:26:36.162+0000] {processor.py:156} INFO - Started process (PID=68) to work on /opt/airflow/dags/python_scripts/local_config.py
[2023-05-12T02:26:36.163+0000] {processor.py:799} INFO - Processing file /opt/airflow/dags/python_scripts/local_config.py for tasks to queue
[2023-05-12T02:26:36.164+0000] {logging_mixin.py:149} INFO - [2023-05-12T02:26:36.164+0000] {dagbag.py:541} INFO - Filling up the DagBag from /opt/airflow/dags/python_scripts/local_config.py
[2023-05-12T02:26:36.171+0000] {processor.py:811} WARNING - No viable dags retrieved from /opt/airflow/dags/python_scripts/local_config.py
[2023-05-12T02:26:36.182+0000] {processor.py:178} INFO - Processing /opt/airflow/dags/python_scripts/local_config.py took 0.022 seconds
[2023-05-12T02:27:06.374+0000] {processor.py:156} INFO - Started process (PID=81) to work on /opt/airflow/dags/python_scripts/local_config.py
[2023-05-12T02:27:06.375+0000] {processor.py:799} INFO - Processing file /opt/airflow/dags/python_scripts/local_config.py for tasks to queue
[2023-05-12T02:27:06.376+0000] {logging_mixin.py:149} INFO - [2023-05-12T02:27:06.376+0000] {dagbag.py:541} INFO - Filling up the DagBag from /opt/airflow/dags/python_scripts/local_config.py
[2023-05-12T02:27:06.387+0000] {processor.py:811} WARNING - No viable dags retrieved from /opt/airflow/dags/python_scripts/local_config.py
[2023-05-12T02:27:06.402+0000] {processor.py:178} INFO - Processing /opt/airflow/dags/python_scripts/local_config.py took 0.032 seconds
[2023-05-12T02:27:36.667+0000] {processor.py:156} INFO - Started process (PID=90) to work on /opt/airflow/dags/python_scripts/local_config.py
[2023-05-12T02:27:36.670+0000] {processor.py:799} INFO - Processing file /opt/airflow/dags/python_scripts/local_config.py for tasks to queue
[2023-05-12T02:27:36.672+0000] {logging_mixin.py:149} INFO - [2023-05-12T02:27:36.671+0000] {dagbag.py:541} INFO - Filling up the DagBag from /opt/airflow/dags/python_scripts/local_config.py
[2023-05-12T02:27:36.835+0000] {processor.py:811} WARNING - No viable dags retrieved from /opt/airflow/dags/python_scripts/local_config.py
[2023-05-12T02:27:36.858+0000] {processor.py:178} INFO - Processing /opt/airflow/dags/python_scripts/local_config.py took 0.246 seconds
[2023-05-12T02:28:07.182+0000] {processor.py:156} INFO - Started process (PID=99) to work on /opt/airflow/dags/python_scripts/local_config.py
[2023-05-12T02:28:07.194+0000] {processor.py:799} INFO - Processing file /opt/airflow/dags/python_scripts/local_config.py for tasks to queue
[2023-05-12T02:28:07.204+0000] {logging_mixin.py:149} INFO - [2023-05-12T02:28:07.204+0000] {dagbag.py:541} INFO - Filling up the DagBag from /opt/airflow/dags/python_scripts/local_config.py
[2023-05-12T02:28:07.300+0000] {processor.py:811} WARNING - No viable dags retrieved from /opt/airflow/dags/python_scripts/local_config.py
[2023-05-12T02:28:07.355+0000] {processor.py:178} INFO - Processing /opt/airflow/dags/python_scripts/local_config.py took 0.204 seconds
[2023-05-12T02:28:38.065+0000] {processor.py:156} INFO - Started process (PID=108) to work on /opt/airflow/dags/python_scripts/local_config.py
[2023-05-12T02:28:38.081+0000] {processor.py:799} INFO - Processing file /opt/airflow/dags/python_scripts/local_config.py for tasks to queue
[2023-05-12T02:28:38.083+0000] {logging_mixin.py:149} INFO - [2023-05-12T02:28:38.083+0000] {dagbag.py:541} INFO - Filling up the DagBag from /opt/airflow/dags/python_scripts/local_config.py
[2023-05-12T02:28:38.124+0000] {processor.py:811} WARNING - No viable dags retrieved from /opt/airflow/dags/python_scripts/local_config.py
[2023-05-12T02:28:38.184+0000] {processor.py:178} INFO - Processing /opt/airflow/dags/python_scripts/local_config.py took 0.143 seconds
[2023-05-12T02:29:08.387+0000] {processor.py:156} INFO - Started process (PID=118) to work on /opt/airflow/dags/python_scripts/local_config.py
[2023-05-12T02:29:08.388+0000] {processor.py:799} INFO - Processing file /opt/airflow/dags/python_scripts/local_config.py for tasks to queue
[2023-05-12T02:29:08.390+0000] {logging_mixin.py:149} INFO - [2023-05-12T02:29:08.389+0000] {dagbag.py:541} INFO - Filling up the DagBag from /opt/airflow/dags/python_scripts/local_config.py
[2023-05-12T02:29:08.403+0000] {processor.py:811} WARNING - No viable dags retrieved from /opt/airflow/dags/python_scripts/local_config.py
[2023-05-12T02:29:08.425+0000] {processor.py:178} INFO - Processing /opt/airflow/dags/python_scripts/local_config.py took 0.042 seconds
[2023-05-12T02:29:38.649+0000] {processor.py:156} INFO - Started process (PID=127) to work on /opt/airflow/dags/python_scripts/local_config.py
[2023-05-12T02:29:38.652+0000] {processor.py:799} INFO - Processing file /opt/airflow/dags/python_scripts/local_config.py for tasks to queue
[2023-05-12T02:29:38.655+0000] {logging_mixin.py:149} INFO - [2023-05-12T02:29:38.654+0000] {dagbag.py:541} INFO - Filling up the DagBag from /opt/airflow/dags/python_scripts/local_config.py
[2023-05-12T02:29:38.669+0000] {processor.py:811} WARNING - No viable dags retrieved from /opt/airflow/dags/python_scripts/local_config.py
[2023-05-12T02:29:38.694+0000] {processor.py:178} INFO - Processing /opt/airflow/dags/python_scripts/local_config.py took 0.049 seconds
[2023-05-12T02:30:09.312+0000] {processor.py:156} INFO - Started process (PID=137) to work on /opt/airflow/dags/python_scripts/local_config.py
[2023-05-12T02:30:09.314+0000] {processor.py:799} INFO - Processing file /opt/airflow/dags/python_scripts/local_config.py for tasks to queue
[2023-05-12T02:30:09.315+0000] {logging_mixin.py:149} INFO - [2023-05-12T02:30:09.315+0000] {dagbag.py:541} INFO - Filling up the DagBag from /opt/airflow/dags/python_scripts/local_config.py
[2023-05-12T02:30:09.326+0000] {processor.py:811} WARNING - No viable dags retrieved from /opt/airflow/dags/python_scripts/local_config.py
[2023-05-12T02:30:09.338+0000] {processor.py:178} INFO - Processing /opt/airflow/dags/python_scripts/local_config.py took 0.030 seconds
[2023-05-12T02:30:39.491+0000] {processor.py:156} INFO - Started process (PID=146) to work on /opt/airflow/dags/python_scripts/local_config.py
[2023-05-12T02:30:39.492+0000] {processor.py:799} INFO - Processing file /opt/airflow/dags/python_scripts/local_config.py for tasks to queue
[2023-05-12T02:30:39.493+0000] {logging_mixin.py:149} INFO - [2023-05-12T02:30:39.493+0000] {dagbag.py:541} INFO - Filling up the DagBag from /opt/airflow/dags/python_scripts/local_config.py
[2023-05-12T02:30:39.510+0000] {processor.py:811} WARNING - No viable dags retrieved from /opt/airflow/dags/python_scripts/local_config.py
[2023-05-12T02:30:39.550+0000] {processor.py:178} INFO - Processing /opt/airflow/dags/python_scripts/local_config.py took 0.063 seconds
[2023-05-12T02:31:09.870+0000] {processor.py:156} INFO - Started process (PID=154) to work on /opt/airflow/dags/python_scripts/local_config.py
[2023-05-12T02:31:09.871+0000] {processor.py:799} INFO - Processing file /opt/airflow/dags/python_scripts/local_config.py for tasks to queue
[2023-05-12T02:31:09.873+0000] {logging_mixin.py:149} INFO - [2023-05-12T02:31:09.873+0000] {dagbag.py:541} INFO - Filling up the DagBag from /opt/airflow/dags/python_scripts/local_config.py
[2023-05-12T02:31:09.888+0000] {processor.py:811} WARNING - No viable dags retrieved from /opt/airflow/dags/python_scripts/local_config.py
[2023-05-12T02:31:09.930+0000] {processor.py:178} INFO - Processing /opt/airflow/dags/python_scripts/local_config.py took 0.087 seconds
[2023-05-12T02:31:40.098+0000] {processor.py:156} INFO - Started process (PID=162) to work on /opt/airflow/dags/python_scripts/local_config.py
[2023-05-12T02:31:40.100+0000] {processor.py:799} INFO - Processing file /opt/airflow/dags/python_scripts/local_config.py for tasks to queue
[2023-05-12T02:31:40.100+0000] {logging_mixin.py:149} INFO - [2023-05-12T02:31:40.100+0000] {dagbag.py:541} INFO - Filling up the DagBag from /opt/airflow/dags/python_scripts/local_config.py
[2023-05-12T02:31:40.109+0000] {processor.py:811} WARNING - No viable dags retrieved from /opt/airflow/dags/python_scripts/local_config.py
[2023-05-12T02:31:40.121+0000] {processor.py:178} INFO - Processing /opt/airflow/dags/python_scripts/local_config.py took 0.026 seconds
[2023-05-12T02:32:10.420+0000] {processor.py:156} INFO - Started process (PID=172) to work on /opt/airflow/dags/python_scripts/local_config.py
[2023-05-12T02:32:10.421+0000] {processor.py:799} INFO - Processing file /opt/airflow/dags/python_scripts/local_config.py for tasks to queue
[2023-05-12T02:32:10.422+0000] {logging_mixin.py:149} INFO - [2023-05-12T02:32:10.422+0000] {dagbag.py:541} INFO - Filling up the DagBag from /opt/airflow/dags/python_scripts/local_config.py
[2023-05-12T02:32:10.430+0000] {processor.py:811} WARNING - No viable dags retrieved from /opt/airflow/dags/python_scripts/local_config.py
[2023-05-12T02:32:10.441+0000] {processor.py:178} INFO - Processing /opt/airflow/dags/python_scripts/local_config.py took 0.023 seconds
[2023-05-12T02:32:40.617+0000] {processor.py:156} INFO - Started process (PID=181) to work on /opt/airflow/dags/python_scripts/local_config.py
[2023-05-12T02:32:40.618+0000] {processor.py:799} INFO - Processing file /opt/airflow/dags/python_scripts/local_config.py for tasks to queue
[2023-05-12T02:32:40.619+0000] {logging_mixin.py:149} INFO - [2023-05-12T02:32:40.618+0000] {dagbag.py:541} INFO - Filling up the DagBag from /opt/airflow/dags/python_scripts/local_config.py
[2023-05-12T02:32:40.627+0000] {processor.py:811} WARNING - No viable dags retrieved from /opt/airflow/dags/python_scripts/local_config.py
[2023-05-12T02:32:40.639+0000] {processor.py:178} INFO - Processing /opt/airflow/dags/python_scripts/local_config.py took 0.025 seconds
[2023-05-12T02:33:10.819+0000] {processor.py:156} INFO - Started process (PID=190) to work on /opt/airflow/dags/python_scripts/local_config.py
[2023-05-12T02:33:10.819+0000] {processor.py:799} INFO - Processing file /opt/airflow/dags/python_scripts/local_config.py for tasks to queue
[2023-05-12T02:33:10.820+0000] {logging_mixin.py:149} INFO - [2023-05-12T02:33:10.820+0000] {dagbag.py:541} INFO - Filling up the DagBag from /opt/airflow/dags/python_scripts/local_config.py
[2023-05-12T02:33:10.829+0000] {processor.py:811} WARNING - No viable dags retrieved from /opt/airflow/dags/python_scripts/local_config.py
[2023-05-12T02:33:10.841+0000] {processor.py:178} INFO - Processing /opt/airflow/dags/python_scripts/local_config.py took 0.025 seconds
[2023-05-12T02:33:41.010+0000] {processor.py:156} INFO - Started process (PID=200) to work on /opt/airflow/dags/python_scripts/local_config.py
[2023-05-12T02:33:41.011+0000] {processor.py:799} INFO - Processing file /opt/airflow/dags/python_scripts/local_config.py for tasks to queue
[2023-05-12T02:33:41.012+0000] {logging_mixin.py:149} INFO - [2023-05-12T02:33:41.012+0000] {dagbag.py:541} INFO - Filling up the DagBag from /opt/airflow/dags/python_scripts/local_config.py
[2023-05-12T02:33:41.021+0000] {processor.py:811} WARNING - No viable dags retrieved from /opt/airflow/dags/python_scripts/local_config.py
[2023-05-12T02:33:41.032+0000] {processor.py:178} INFO - Processing /opt/airflow/dags/python_scripts/local_config.py took 0.025 seconds
[2023-05-12T02:34:11.205+0000] {processor.py:156} INFO - Started process (PID=209) to work on /opt/airflow/dags/python_scripts/local_config.py
[2023-05-12T02:34:11.206+0000] {processor.py:799} INFO - Processing file /opt/airflow/dags/python_scripts/local_config.py for tasks to queue
[2023-05-12T02:34:11.207+0000] {logging_mixin.py:149} INFO - [2023-05-12T02:34:11.207+0000] {dagbag.py:541} INFO - Filling up the DagBag from /opt/airflow/dags/python_scripts/local_config.py
[2023-05-12T02:34:11.216+0000] {processor.py:811} WARNING - No viable dags retrieved from /opt/airflow/dags/python_scripts/local_config.py
[2023-05-12T02:34:11.226+0000] {processor.py:178} INFO - Processing /opt/airflow/dags/python_scripts/local_config.py took 0.023 seconds
[2023-05-12T02:34:41.390+0000] {processor.py:156} INFO - Started process (PID=218) to work on /opt/airflow/dags/python_scripts/local_config.py
[2023-05-12T02:34:41.390+0000] {processor.py:799} INFO - Processing file /opt/airflow/dags/python_scripts/local_config.py for tasks to queue
[2023-05-12T02:34:41.391+0000] {logging_mixin.py:149} INFO - [2023-05-12T02:34:41.391+0000] {dagbag.py:541} INFO - Filling up the DagBag from /opt/airflow/dags/python_scripts/local_config.py
[2023-05-12T02:34:41.401+0000] {processor.py:811} WARNING - No viable dags retrieved from /opt/airflow/dags/python_scripts/local_config.py
[2023-05-12T02:34:41.412+0000] {processor.py:178} INFO - Processing /opt/airflow/dags/python_scripts/local_config.py took 0.024 seconds
[2023-05-12T02:35:11.646+0000] {processor.py:156} INFO - Started process (PID=227) to work on /opt/airflow/dags/python_scripts/local_config.py
[2023-05-12T02:35:11.647+0000] {processor.py:799} INFO - Processing file /opt/airflow/dags/python_scripts/local_config.py for tasks to queue
[2023-05-12T02:35:11.648+0000] {logging_mixin.py:149} INFO - [2023-05-12T02:35:11.648+0000] {dagbag.py:541} INFO - Filling up the DagBag from /opt/airflow/dags/python_scripts/local_config.py
[2023-05-12T02:35:11.655+0000] {processor.py:811} WARNING - No viable dags retrieved from /opt/airflow/dags/python_scripts/local_config.py
[2023-05-12T02:35:11.666+0000] {processor.py:178} INFO - Processing /opt/airflow/dags/python_scripts/local_config.py took 0.023 seconds
[2023-05-12T02:35:41.838+0000] {processor.py:156} INFO - Started process (PID=236) to work on /opt/airflow/dags/python_scripts/local_config.py
[2023-05-12T02:35:41.838+0000] {processor.py:799} INFO - Processing file /opt/airflow/dags/python_scripts/local_config.py for tasks to queue
[2023-05-12T02:35:41.839+0000] {logging_mixin.py:149} INFO - [2023-05-12T02:35:41.839+0000] {dagbag.py:541} INFO - Filling up the DagBag from /opt/airflow/dags/python_scripts/local_config.py
[2023-05-12T02:35:41.847+0000] {processor.py:811} WARNING - No viable dags retrieved from /opt/airflow/dags/python_scripts/local_config.py
[2023-05-12T02:35:41.858+0000] {processor.py:178} INFO - Processing /opt/airflow/dags/python_scripts/local_config.py took 0.023 seconds
[2023-05-12T02:36:12.026+0000] {processor.py:156} INFO - Started process (PID=245) to work on /opt/airflow/dags/python_scripts/local_config.py
[2023-05-12T02:36:12.027+0000] {processor.py:799} INFO - Processing file /opt/airflow/dags/python_scripts/local_config.py for tasks to queue
[2023-05-12T02:36:12.028+0000] {logging_mixin.py:149} INFO - [2023-05-12T02:36:12.028+0000] {dagbag.py:541} INFO - Filling up the DagBag from /opt/airflow/dags/python_scripts/local_config.py
[2023-05-12T02:36:12.036+0000] {processor.py:811} WARNING - No viable dags retrieved from /opt/airflow/dags/python_scripts/local_config.py
[2023-05-12T02:36:12.048+0000] {processor.py:178} INFO - Processing /opt/airflow/dags/python_scripts/local_config.py took 0.024 seconds
[2023-05-12T02:36:42.229+0000] {processor.py:156} INFO - Started process (PID=254) to work on /opt/airflow/dags/python_scripts/local_config.py
[2023-05-12T02:36:42.230+0000] {processor.py:799} INFO - Processing file /opt/airflow/dags/python_scripts/local_config.py for tasks to queue
[2023-05-12T02:36:42.230+0000] {logging_mixin.py:149} INFO - [2023-05-12T02:36:42.230+0000] {dagbag.py:541} INFO - Filling up the DagBag from /opt/airflow/dags/python_scripts/local_config.py
[2023-05-12T02:36:42.238+0000] {processor.py:811} WARNING - No viable dags retrieved from /opt/airflow/dags/python_scripts/local_config.py
[2023-05-12T02:36:42.249+0000] {processor.py:178} INFO - Processing /opt/airflow/dags/python_scripts/local_config.py took 0.024 seconds
[2023-05-12T02:37:12.423+0000] {processor.py:156} INFO - Started process (PID=263) to work on /opt/airflow/dags/python_scripts/local_config.py
[2023-05-12T02:37:12.424+0000] {processor.py:799} INFO - Processing file /opt/airflow/dags/python_scripts/local_config.py for tasks to queue
[2023-05-12T02:37:12.425+0000] {logging_mixin.py:149} INFO - [2023-05-12T02:37:12.425+0000] {dagbag.py:541} INFO - Filling up the DagBag from /opt/airflow/dags/python_scripts/local_config.py
[2023-05-12T02:37:12.432+0000] {processor.py:811} WARNING - No viable dags retrieved from /opt/airflow/dags/python_scripts/local_config.py
[2023-05-12T02:37:12.443+0000] {processor.py:178} INFO - Processing /opt/airflow/dags/python_scripts/local_config.py took 0.023 seconds
[2023-05-12T02:37:42.608+0000] {processor.py:156} INFO - Started process (PID=276) to work on /opt/airflow/dags/python_scripts/local_config.py
[2023-05-12T02:37:42.609+0000] {processor.py:799} INFO - Processing file /opt/airflow/dags/python_scripts/local_config.py for tasks to queue
[2023-05-12T02:37:42.610+0000] {logging_mixin.py:149} INFO - [2023-05-12T02:37:42.609+0000] {dagbag.py:541} INFO - Filling up the DagBag from /opt/airflow/dags/python_scripts/local_config.py
[2023-05-12T02:37:42.617+0000] {processor.py:811} WARNING - No viable dags retrieved from /opt/airflow/dags/python_scripts/local_config.py
[2023-05-12T02:37:42.631+0000] {processor.py:178} INFO - Processing /opt/airflow/dags/python_scripts/local_config.py took 0.025 seconds
[2023-05-12T02:38:12.810+0000] {processor.py:156} INFO - Started process (PID=285) to work on /opt/airflow/dags/python_scripts/local_config.py
[2023-05-12T02:38:12.811+0000] {processor.py:799} INFO - Processing file /opt/airflow/dags/python_scripts/local_config.py for tasks to queue
[2023-05-12T02:38:12.812+0000] {logging_mixin.py:149} INFO - [2023-05-12T02:38:12.812+0000] {dagbag.py:541} INFO - Filling up the DagBag from /opt/airflow/dags/python_scripts/local_config.py
[2023-05-12T02:38:12.821+0000] {processor.py:811} WARNING - No viable dags retrieved from /opt/airflow/dags/python_scripts/local_config.py
[2023-05-12T02:38:12.837+0000] {processor.py:178} INFO - Processing /opt/airflow/dags/python_scripts/local_config.py took 0.030 seconds
[2023-05-12T02:38:43.045+0000] {processor.py:156} INFO - Started process (PID=294) to work on /opt/airflow/dags/python_scripts/local_config.py
[2023-05-12T02:38:43.046+0000] {processor.py:799} INFO - Processing file /opt/airflow/dags/python_scripts/local_config.py for tasks to queue
[2023-05-12T02:38:43.047+0000] {logging_mixin.py:149} INFO - [2023-05-12T02:38:43.047+0000] {dagbag.py:541} INFO - Filling up the DagBag from /opt/airflow/dags/python_scripts/local_config.py
[2023-05-12T02:38:43.058+0000] {processor.py:811} WARNING - No viable dags retrieved from /opt/airflow/dags/python_scripts/local_config.py
[2023-05-12T02:38:43.073+0000] {processor.py:178} INFO - Processing /opt/airflow/dags/python_scripts/local_config.py took 0.031 seconds
[2023-05-12T02:39:13.496+0000] {processor.py:156} INFO - Started process (PID=303) to work on /opt/airflow/dags/python_scripts/local_config.py
[2023-05-12T02:39:13.512+0000] {processor.py:799} INFO - Processing file /opt/airflow/dags/python_scripts/local_config.py for tasks to queue
[2023-05-12T02:39:13.519+0000] {logging_mixin.py:149} INFO - [2023-05-12T02:39:13.518+0000] {dagbag.py:541} INFO - Filling up the DagBag from /opt/airflow/dags/python_scripts/local_config.py
[2023-05-12T02:39:13.600+0000] {processor.py:811} WARNING - No viable dags retrieved from /opt/airflow/dags/python_scripts/local_config.py
[2023-05-12T02:39:13.768+0000] {processor.py:178} INFO - Processing /opt/airflow/dags/python_scripts/local_config.py took 0.357 seconds
[2023-05-12T02:39:43.980+0000] {processor.py:156} INFO - Started process (PID=313) to work on /opt/airflow/dags/python_scripts/local_config.py
[2023-05-12T02:39:43.983+0000] {processor.py:799} INFO - Processing file /opt/airflow/dags/python_scripts/local_config.py for tasks to queue
[2023-05-12T02:39:43.984+0000] {logging_mixin.py:149} INFO - [2023-05-12T02:39:43.984+0000] {dagbag.py:541} INFO - Filling up the DagBag from /opt/airflow/dags/python_scripts/local_config.py
[2023-05-12T02:39:43.997+0000] {processor.py:811} WARNING - No viable dags retrieved from /opt/airflow/dags/python_scripts/local_config.py
[2023-05-12T02:39:44.019+0000] {processor.py:178} INFO - Processing /opt/airflow/dags/python_scripts/local_config.py took 0.043 seconds
[2023-05-12T02:40:14.241+0000] {processor.py:156} INFO - Started process (PID=323) to work on /opt/airflow/dags/python_scripts/local_config.py
[2023-05-12T02:40:14.242+0000] {processor.py:799} INFO - Processing file /opt/airflow/dags/python_scripts/local_config.py for tasks to queue
[2023-05-12T02:40:14.243+0000] {logging_mixin.py:149} INFO - [2023-05-12T02:40:14.243+0000] {dagbag.py:541} INFO - Filling up the DagBag from /opt/airflow/dags/python_scripts/local_config.py
[2023-05-12T02:40:14.252+0000] {processor.py:811} WARNING - No viable dags retrieved from /opt/airflow/dags/python_scripts/local_config.py
[2023-05-12T02:40:14.266+0000] {processor.py:178} INFO - Processing /opt/airflow/dags/python_scripts/local_config.py took 0.027 seconds
[2023-05-12T02:40:44.441+0000] {processor.py:156} INFO - Started process (PID=332) to work on /opt/airflow/dags/python_scripts/local_config.py
[2023-05-12T02:40:44.443+0000] {processor.py:799} INFO - Processing file /opt/airflow/dags/python_scripts/local_config.py for tasks to queue
[2023-05-12T02:40:44.444+0000] {logging_mixin.py:149} INFO - [2023-05-12T02:40:44.444+0000] {dagbag.py:541} INFO - Filling up the DagBag from /opt/airflow/dags/python_scripts/local_config.py
[2023-05-12T02:40:44.452+0000] {processor.py:811} WARNING - No viable dags retrieved from /opt/airflow/dags/python_scripts/local_config.py
[2023-05-12T02:40:44.463+0000] {processor.py:178} INFO - Processing /opt/airflow/dags/python_scripts/local_config.py took 0.025 seconds
[2023-05-12T02:41:14.657+0000] {processor.py:156} INFO - Started process (PID=341) to work on /opt/airflow/dags/python_scripts/local_config.py
[2023-05-12T02:41:14.657+0000] {processor.py:799} INFO - Processing file /opt/airflow/dags/python_scripts/local_config.py for tasks to queue
[2023-05-12T02:41:14.658+0000] {logging_mixin.py:149} INFO - [2023-05-12T02:41:14.658+0000] {dagbag.py:541} INFO - Filling up the DagBag from /opt/airflow/dags/python_scripts/local_config.py
[2023-05-12T02:41:14.666+0000] {processor.py:811} WARNING - No viable dags retrieved from /opt/airflow/dags/python_scripts/local_config.py
[2023-05-12T02:41:14.678+0000] {processor.py:178} INFO - Processing /opt/airflow/dags/python_scripts/local_config.py took 0.024 seconds
[2023-05-12T02:41:44.845+0000] {processor.py:156} INFO - Started process (PID=350) to work on /opt/airflow/dags/python_scripts/local_config.py
[2023-05-12T02:41:44.846+0000] {processor.py:799} INFO - Processing file /opt/airflow/dags/python_scripts/local_config.py for tasks to queue
[2023-05-12T02:41:44.846+0000] {logging_mixin.py:149} INFO - [2023-05-12T02:41:44.846+0000] {dagbag.py:541} INFO - Filling up the DagBag from /opt/airflow/dags/python_scripts/local_config.py
[2023-05-12T02:41:44.853+0000] {processor.py:811} WARNING - No viable dags retrieved from /opt/airflow/dags/python_scripts/local_config.py
[2023-05-12T02:41:44.865+0000] {processor.py:178} INFO - Processing /opt/airflow/dags/python_scripts/local_config.py took 0.025 seconds
[2023-05-12T02:42:15.087+0000] {processor.py:156} INFO - Started process (PID=363) to work on /opt/airflow/dags/python_scripts/local_config.py
[2023-05-12T02:42:15.087+0000] {processor.py:799} INFO - Processing file /opt/airflow/dags/python_scripts/local_config.py for tasks to queue
[2023-05-12T02:42:15.088+0000] {logging_mixin.py:149} INFO - [2023-05-12T02:42:15.088+0000] {dagbag.py:541} INFO - Filling up the DagBag from /opt/airflow/dags/python_scripts/local_config.py
[2023-05-12T02:42:15.096+0000] {processor.py:811} WARNING - No viable dags retrieved from /opt/airflow/dags/python_scripts/local_config.py
[2023-05-12T02:42:15.108+0000] {processor.py:178} INFO - Processing /opt/airflow/dags/python_scripts/local_config.py took 0.024 seconds
[2023-05-12T02:42:45.280+0000] {processor.py:156} INFO - Started process (PID=372) to work on /opt/airflow/dags/python_scripts/local_config.py
[2023-05-12T02:42:45.281+0000] {processor.py:799} INFO - Processing file /opt/airflow/dags/python_scripts/local_config.py for tasks to queue
[2023-05-12T02:42:45.281+0000] {logging_mixin.py:149} INFO - [2023-05-12T02:42:45.281+0000] {dagbag.py:541} INFO - Filling up the DagBag from /opt/airflow/dags/python_scripts/local_config.py
[2023-05-12T02:42:45.289+0000] {processor.py:811} WARNING - No viable dags retrieved from /opt/airflow/dags/python_scripts/local_config.py
[2023-05-12T02:42:45.300+0000] {processor.py:178} INFO - Processing /opt/airflow/dags/python_scripts/local_config.py took 0.023 seconds
[2023-05-12T02:43:15.475+0000] {processor.py:156} INFO - Started process (PID=381) to work on /opt/airflow/dags/python_scripts/local_config.py
[2023-05-12T02:43:15.476+0000] {processor.py:799} INFO - Processing file /opt/airflow/dags/python_scripts/local_config.py for tasks to queue
[2023-05-12T02:43:15.476+0000] {logging_mixin.py:149} INFO - [2023-05-12T02:43:15.476+0000] {dagbag.py:541} INFO - Filling up the DagBag from /opt/airflow/dags/python_scripts/local_config.py
[2023-05-12T02:43:15.485+0000] {processor.py:811} WARNING - No viable dags retrieved from /opt/airflow/dags/python_scripts/local_config.py
[2023-05-12T02:43:15.497+0000] {processor.py:178} INFO - Processing /opt/airflow/dags/python_scripts/local_config.py took 0.025 seconds
[2023-05-12T02:43:45.667+0000] {processor.py:156} INFO - Started process (PID=391) to work on /opt/airflow/dags/python_scripts/local_config.py
[2023-05-12T02:43:45.668+0000] {processor.py:799} INFO - Processing file /opt/airflow/dags/python_scripts/local_config.py for tasks to queue
[2023-05-12T02:43:45.669+0000] {logging_mixin.py:149} INFO - [2023-05-12T02:43:45.669+0000] {dagbag.py:541} INFO - Filling up the DagBag from /opt/airflow/dags/python_scripts/local_config.py
[2023-05-12T02:43:45.677+0000] {processor.py:811} WARNING - No viable dags retrieved from /opt/airflow/dags/python_scripts/local_config.py
[2023-05-12T02:43:45.690+0000] {processor.py:178} INFO - Processing /opt/airflow/dags/python_scripts/local_config.py took 0.025 seconds
[2023-05-12T02:44:15.859+0000] {processor.py:156} INFO - Started process (PID=401) to work on /opt/airflow/dags/python_scripts/local_config.py
[2023-05-12T02:44:15.859+0000] {processor.py:799} INFO - Processing file /opt/airflow/dags/python_scripts/local_config.py for tasks to queue
[2023-05-12T02:44:15.860+0000] {logging_mixin.py:149} INFO - [2023-05-12T02:44:15.860+0000] {dagbag.py:541} INFO - Filling up the DagBag from /opt/airflow/dags/python_scripts/local_config.py
[2023-05-12T02:44:15.868+0000] {processor.py:811} WARNING - No viable dags retrieved from /opt/airflow/dags/python_scripts/local_config.py
[2023-05-12T02:44:15.879+0000] {processor.py:178} INFO - Processing /opt/airflow/dags/python_scripts/local_config.py took 0.024 seconds
[2023-05-12T02:44:46.052+0000] {processor.py:156} INFO - Started process (PID=410) to work on /opt/airflow/dags/python_scripts/local_config.py
[2023-05-12T02:44:46.053+0000] {processor.py:799} INFO - Processing file /opt/airflow/dags/python_scripts/local_config.py for tasks to queue
[2023-05-12T02:44:46.054+0000] {logging_mixin.py:149} INFO - [2023-05-12T02:44:46.054+0000] {dagbag.py:541} INFO - Filling up the DagBag from /opt/airflow/dags/python_scripts/local_config.py
[2023-05-12T02:44:46.062+0000] {processor.py:811} WARNING - No viable dags retrieved from /opt/airflow/dags/python_scripts/local_config.py
[2023-05-12T02:44:46.074+0000] {processor.py:178} INFO - Processing /opt/airflow/dags/python_scripts/local_config.py took 0.026 seconds
[2023-05-12T02:49:19.986+0000] {processor.py:156} INFO - Started process (PID=42) to work on /opt/airflow/dags/python_scripts/local_config.py
[2023-05-12T02:49:19.987+0000] {processor.py:799} INFO - Processing file /opt/airflow/dags/python_scripts/local_config.py for tasks to queue
[2023-05-12T02:49:19.989+0000] {logging_mixin.py:149} INFO - [2023-05-12T02:49:19.989+0000] {dagbag.py:541} INFO - Filling up the DagBag from /opt/airflow/dags/python_scripts/local_config.py
[2023-05-12T02:49:20.002+0000] {processor.py:811} WARNING - No viable dags retrieved from /opt/airflow/dags/python_scripts/local_config.py
[2023-05-12T02:49:20.017+0000] {processor.py:178} INFO - Processing /opt/airflow/dags/python_scripts/local_config.py took 0.035 seconds
[2023-05-12T02:49:50.210+0000] {processor.py:156} INFO - Started process (PID=50) to work on /opt/airflow/dags/python_scripts/local_config.py
[2023-05-12T02:49:50.211+0000] {processor.py:799} INFO - Processing file /opt/airflow/dags/python_scripts/local_config.py for tasks to queue
[2023-05-12T02:49:50.211+0000] {logging_mixin.py:149} INFO - [2023-05-12T02:49:50.211+0000] {dagbag.py:541} INFO - Filling up the DagBag from /opt/airflow/dags/python_scripts/local_config.py
[2023-05-12T02:49:50.219+0000] {processor.py:811} WARNING - No viable dags retrieved from /opt/airflow/dags/python_scripts/local_config.py
[2023-05-12T02:49:50.229+0000] {processor.py:178} INFO - Processing /opt/airflow/dags/python_scripts/local_config.py took 0.022 seconds
[2023-05-12T02:50:20.402+0000] {processor.py:156} INFO - Started process (PID=64) to work on /opt/airflow/dags/python_scripts/local_config.py
[2023-05-12T02:50:20.403+0000] {processor.py:799} INFO - Processing file /opt/airflow/dags/python_scripts/local_config.py for tasks to queue
[2023-05-12T02:50:20.404+0000] {logging_mixin.py:149} INFO - [2023-05-12T02:50:20.404+0000] {dagbag.py:541} INFO - Filling up the DagBag from /opt/airflow/dags/python_scripts/local_config.py
[2023-05-12T02:50:20.413+0000] {processor.py:811} WARNING - No viable dags retrieved from /opt/airflow/dags/python_scripts/local_config.py
[2023-05-12T02:50:20.424+0000] {processor.py:178} INFO - Processing /opt/airflow/dags/python_scripts/local_config.py took 0.025 seconds
[2023-05-12T02:50:50.609+0000] {processor.py:156} INFO - Started process (PID=73) to work on /opt/airflow/dags/python_scripts/local_config.py
[2023-05-12T02:50:50.610+0000] {processor.py:799} INFO - Processing file /opt/airflow/dags/python_scripts/local_config.py for tasks to queue
[2023-05-12T02:50:50.611+0000] {logging_mixin.py:149} INFO - [2023-05-12T02:50:50.611+0000] {dagbag.py:541} INFO - Filling up the DagBag from /opt/airflow/dags/python_scripts/local_config.py
[2023-05-12T02:50:50.619+0000] {processor.py:811} WARNING - No viable dags retrieved from /opt/airflow/dags/python_scripts/local_config.py
[2023-05-12T02:50:50.631+0000] {processor.py:178} INFO - Processing /opt/airflow/dags/python_scripts/local_config.py took 0.024 seconds
[2023-05-12T02:51:20.910+0000] {processor.py:156} INFO - Started process (PID=82) to work on /opt/airflow/dags/python_scripts/local_config.py
[2023-05-12T02:51:20.912+0000] {processor.py:799} INFO - Processing file /opt/airflow/dags/python_scripts/local_config.py for tasks to queue
[2023-05-12T02:51:20.914+0000] {logging_mixin.py:149} INFO - [2023-05-12T02:51:20.914+0000] {dagbag.py:541} INFO - Filling up the DagBag from /opt/airflow/dags/python_scripts/local_config.py
[2023-05-12T02:51:20.925+0000] {processor.py:811} WARNING - No viable dags retrieved from /opt/airflow/dags/python_scripts/local_config.py
[2023-05-12T02:51:20.944+0000] {processor.py:178} INFO - Processing /opt/airflow/dags/python_scripts/local_config.py took 0.075 seconds
[2023-05-12T02:51:51.485+0000] {processor.py:156} INFO - Started process (PID=91) to work on /opt/airflow/dags/python_scripts/local_config.py
[2023-05-12T02:51:51.488+0000] {processor.py:799} INFO - Processing file /opt/airflow/dags/python_scripts/local_config.py for tasks to queue
[2023-05-12T02:51:51.490+0000] {logging_mixin.py:149} INFO - [2023-05-12T02:51:51.489+0000] {dagbag.py:541} INFO - Filling up the DagBag from /opt/airflow/dags/python_scripts/local_config.py
[2023-05-12T02:51:51.514+0000] {processor.py:811} WARNING - No viable dags retrieved from /opt/airflow/dags/python_scripts/local_config.py
[2023-05-12T02:51:51.612+0000] {processor.py:178} INFO - Processing /opt/airflow/dags/python_scripts/local_config.py took 0.146 seconds
[2023-05-12T02:52:21.948+0000] {processor.py:156} INFO - Started process (PID=100) to work on /opt/airflow/dags/python_scripts/local_config.py
[2023-05-12T02:52:21.949+0000] {processor.py:799} INFO - Processing file /opt/airflow/dags/python_scripts/local_config.py for tasks to queue
[2023-05-12T02:52:21.950+0000] {logging_mixin.py:149} INFO - [2023-05-12T02:52:21.950+0000] {dagbag.py:541} INFO - Filling up the DagBag from /opt/airflow/dags/python_scripts/local_config.py
[2023-05-12T02:52:21.960+0000] {processor.py:811} WARNING - No viable dags retrieved from /opt/airflow/dags/python_scripts/local_config.py
[2023-05-12T02:52:21.974+0000] {processor.py:178} INFO - Processing /opt/airflow/dags/python_scripts/local_config.py took 0.030 seconds
[2023-05-12T02:52:52.175+0000] {processor.py:156} INFO - Started process (PID=119) to work on /opt/airflow/dags/python_scripts/local_config.py
[2023-05-12T02:52:52.177+0000] {processor.py:799} INFO - Processing file /opt/airflow/dags/python_scripts/local_config.py for tasks to queue
[2023-05-12T02:52:52.178+0000] {logging_mixin.py:149} INFO - [2023-05-12T02:52:52.178+0000] {dagbag.py:541} INFO - Filling up the DagBag from /opt/airflow/dags/python_scripts/local_config.py
[2023-05-12T02:52:52.189+0000] {processor.py:811} WARNING - No viable dags retrieved from /opt/airflow/dags/python_scripts/local_config.py
[2023-05-12T02:52:52.206+0000] {processor.py:178} INFO - Processing /opt/airflow/dags/python_scripts/local_config.py took 0.033 seconds
[2023-05-12T02:53:22.439+0000] {processor.py:156} INFO - Started process (PID=128) to work on /opt/airflow/dags/python_scripts/local_config.py
[2023-05-12T02:53:22.441+0000] {processor.py:799} INFO - Processing file /opt/airflow/dags/python_scripts/local_config.py for tasks to queue
[2023-05-12T02:53:22.443+0000] {logging_mixin.py:149} INFO - [2023-05-12T02:53:22.442+0000] {dagbag.py:541} INFO - Filling up the DagBag from /opt/airflow/dags/python_scripts/local_config.py
[2023-05-12T02:53:22.455+0000] {processor.py:811} WARNING - No viable dags retrieved from /opt/airflow/dags/python_scripts/local_config.py
[2023-05-12T02:53:22.466+0000] {processor.py:178} INFO - Processing /opt/airflow/dags/python_scripts/local_config.py took 0.043 seconds
[2023-05-12T02:53:52.675+0000] {processor.py:156} INFO - Started process (PID=137) to work on /opt/airflow/dags/python_scripts/local_config.py
[2023-05-12T02:53:52.675+0000] {processor.py:799} INFO - Processing file /opt/airflow/dags/python_scripts/local_config.py for tasks to queue
[2023-05-12T02:53:52.676+0000] {logging_mixin.py:149} INFO - [2023-05-12T02:53:52.676+0000] {dagbag.py:541} INFO - Filling up the DagBag from /opt/airflow/dags/python_scripts/local_config.py
[2023-05-12T02:53:52.686+0000] {processor.py:811} WARNING - No viable dags retrieved from /opt/airflow/dags/python_scripts/local_config.py
[2023-05-12T02:53:52.701+0000] {processor.py:178} INFO - Processing /opt/airflow/dags/python_scripts/local_config.py took 0.030 seconds
[2023-05-12T02:54:22.960+0000] {processor.py:156} INFO - Started process (PID=146) to work on /opt/airflow/dags/python_scripts/local_config.py
[2023-05-12T02:54:22.961+0000] {processor.py:799} INFO - Processing file /opt/airflow/dags/python_scripts/local_config.py for tasks to queue
[2023-05-12T02:54:22.962+0000] {logging_mixin.py:149} INFO - [2023-05-12T02:54:22.961+0000] {dagbag.py:541} INFO - Filling up the DagBag from /opt/airflow/dags/python_scripts/local_config.py
[2023-05-12T02:54:22.969+0000] {processor.py:811} WARNING - No viable dags retrieved from /opt/airflow/dags/python_scripts/local_config.py
[2023-05-12T02:54:22.979+0000] {processor.py:178} INFO - Processing /opt/airflow/dags/python_scripts/local_config.py took 0.021 seconds
[2023-05-12T02:54:53.188+0000] {processor.py:156} INFO - Started process (PID=155) to work on /opt/airflow/dags/python_scripts/local_config.py
[2023-05-12T02:54:53.190+0000] {processor.py:799} INFO - Processing file /opt/airflow/dags/python_scripts/local_config.py for tasks to queue
[2023-05-12T02:54:53.192+0000] {logging_mixin.py:149} INFO - [2023-05-12T02:54:53.191+0000] {dagbag.py:541} INFO - Filling up the DagBag from /opt/airflow/dags/python_scripts/local_config.py
[2023-05-12T02:54:53.205+0000] {processor.py:811} WARNING - No viable dags retrieved from /opt/airflow/dags/python_scripts/local_config.py
[2023-05-12T02:54:53.232+0000] {processor.py:178} INFO - Processing /opt/airflow/dags/python_scripts/local_config.py took 0.057 seconds
[2023-05-12T02:55:23.463+0000] {processor.py:156} INFO - Started process (PID=169) to work on /opt/airflow/dags/python_scripts/local_config.py
[2023-05-12T02:55:23.464+0000] {processor.py:799} INFO - Processing file /opt/airflow/dags/python_scripts/local_config.py for tasks to queue
[2023-05-12T02:55:23.465+0000] {logging_mixin.py:149} INFO - [2023-05-12T02:55:23.465+0000] {dagbag.py:541} INFO - Filling up the DagBag from /opt/airflow/dags/python_scripts/local_config.py
[2023-05-12T02:55:23.473+0000] {processor.py:811} WARNING - No viable dags retrieved from /opt/airflow/dags/python_scripts/local_config.py
[2023-05-12T02:55:23.484+0000] {processor.py:178} INFO - Processing /opt/airflow/dags/python_scripts/local_config.py took 0.023 seconds
[2023-05-12T02:55:53.651+0000] {processor.py:156} INFO - Started process (PID=178) to work on /opt/airflow/dags/python_scripts/local_config.py
[2023-05-12T02:55:53.652+0000] {processor.py:799} INFO - Processing file /opt/airflow/dags/python_scripts/local_config.py for tasks to queue
[2023-05-12T02:55:53.653+0000] {logging_mixin.py:149} INFO - [2023-05-12T02:55:53.653+0000] {dagbag.py:541} INFO - Filling up the DagBag from /opt/airflow/dags/python_scripts/local_config.py
[2023-05-12T02:55:53.661+0000] {processor.py:811} WARNING - No viable dags retrieved from /opt/airflow/dags/python_scripts/local_config.py
[2023-05-12T02:55:53.675+0000] {processor.py:178} INFO - Processing /opt/airflow/dags/python_scripts/local_config.py took 0.027 seconds
[2023-05-12T02:56:23.855+0000] {processor.py:156} INFO - Started process (PID=188) to work on /opt/airflow/dags/python_scripts/local_config.py
[2023-05-12T02:56:23.855+0000] {processor.py:799} INFO - Processing file /opt/airflow/dags/python_scripts/local_config.py for tasks to queue
[2023-05-12T02:56:23.856+0000] {logging_mixin.py:149} INFO - [2023-05-12T02:56:23.856+0000] {dagbag.py:541} INFO - Filling up the DagBag from /opt/airflow/dags/python_scripts/local_config.py
[2023-05-12T02:56:23.866+0000] {processor.py:811} WARNING - No viable dags retrieved from /opt/airflow/dags/python_scripts/local_config.py
[2023-05-12T02:56:23.894+0000] {processor.py:178} INFO - Processing /opt/airflow/dags/python_scripts/local_config.py took 0.041 seconds
[2023-05-12T02:56:54.374+0000] {processor.py:156} INFO - Started process (PID=197) to work on /opt/airflow/dags/python_scripts/local_config.py
[2023-05-12T02:56:54.378+0000] {processor.py:799} INFO - Processing file /opt/airflow/dags/python_scripts/local_config.py for tasks to queue
[2023-05-12T02:56:54.610+0000] {logging_mixin.py:149} INFO - [2023-05-12T02:56:54.610+0000] {dagbag.py:541} INFO - Filling up the DagBag from /opt/airflow/dags/python_scripts/local_config.py
[2023-05-12T02:56:54.629+0000] {processor.py:811} WARNING - No viable dags retrieved from /opt/airflow/dags/python_scripts/local_config.py
[2023-05-12T02:56:54.724+0000] {processor.py:178} INFO - Processing /opt/airflow/dags/python_scripts/local_config.py took 0.460 seconds
[2023-05-12T02:57:24.953+0000] {processor.py:156} INFO - Started process (PID=207) to work on /opt/airflow/dags/python_scripts/local_config.py
[2023-05-12T02:57:24.957+0000] {processor.py:799} INFO - Processing file /opt/airflow/dags/python_scripts/local_config.py for tasks to queue
[2023-05-12T02:57:24.959+0000] {logging_mixin.py:149} INFO - [2023-05-12T02:57:24.959+0000] {dagbag.py:541} INFO - Filling up the DagBag from /opt/airflow/dags/python_scripts/local_config.py
[2023-05-12T02:57:24.972+0000] {processor.py:811} WARNING - No viable dags retrieved from /opt/airflow/dags/python_scripts/local_config.py
[2023-05-12T02:57:25.012+0000] {processor.py:178} INFO - Processing /opt/airflow/dags/python_scripts/local_config.py took 0.075 seconds
[2023-05-12T02:57:55.199+0000] {processor.py:156} INFO - Started process (PID=230) to work on /opt/airflow/dags/python_scripts/local_config.py
[2023-05-12T02:57:55.201+0000] {processor.py:799} INFO - Processing file /opt/airflow/dags/python_scripts/local_config.py for tasks to queue
[2023-05-12T02:57:55.202+0000] {logging_mixin.py:149} INFO - [2023-05-12T02:57:55.202+0000] {dagbag.py:541} INFO - Filling up the DagBag from /opt/airflow/dags/python_scripts/local_config.py
[2023-05-12T02:57:55.211+0000] {processor.py:811} WARNING - No viable dags retrieved from /opt/airflow/dags/python_scripts/local_config.py
[2023-05-12T02:57:55.221+0000] {processor.py:178} INFO - Processing /opt/airflow/dags/python_scripts/local_config.py took 0.028 seconds
[2023-05-12T02:58:25.411+0000] {processor.py:156} INFO - Started process (PID=239) to work on /opt/airflow/dags/python_scripts/local_config.py
[2023-05-12T02:58:25.412+0000] {processor.py:799} INFO - Processing file /opt/airflow/dags/python_scripts/local_config.py for tasks to queue
[2023-05-12T02:58:25.413+0000] {logging_mixin.py:149} INFO - [2023-05-12T02:58:25.413+0000] {dagbag.py:541} INFO - Filling up the DagBag from /opt/airflow/dags/python_scripts/local_config.py
[2023-05-12T02:58:25.421+0000] {processor.py:811} WARNING - No viable dags retrieved from /opt/airflow/dags/python_scripts/local_config.py
[2023-05-12T02:58:25.432+0000] {processor.py:178} INFO - Processing /opt/airflow/dags/python_scripts/local_config.py took 0.023 seconds
[2023-05-12T02:58:55.644+0000] {processor.py:156} INFO - Started process (PID=248) to work on /opt/airflow/dags/python_scripts/local_config.py
[2023-05-12T02:58:55.646+0000] {processor.py:799} INFO - Processing file /opt/airflow/dags/python_scripts/local_config.py for tasks to queue
[2023-05-12T02:58:55.646+0000] {logging_mixin.py:149} INFO - [2023-05-12T02:58:55.646+0000] {dagbag.py:541} INFO - Filling up the DagBag from /opt/airflow/dags/python_scripts/local_config.py
[2023-05-12T02:58:55.654+0000] {processor.py:811} WARNING - No viable dags retrieved from /opt/airflow/dags/python_scripts/local_config.py
[2023-05-12T02:58:55.665+0000] {processor.py:178} INFO - Processing /opt/airflow/dags/python_scripts/local_config.py took 0.023 seconds
