[2023-05-12T02:26:42.563+0000] {taskinstance.py:1125} INFO - Dependencies all met for dep_context=non-requeueable deps ti=<TaskInstance: Data_Pipline_V1.data_processing scheduled__2023-05-11T00:00:00+00:00 [queued]>
[2023-05-12T02:26:42.573+0000] {taskinstance.py:1125} INFO - Dependencies all met for dep_context=requeueable deps ti=<TaskInstance: Data_Pipline_V1.data_processing scheduled__2023-05-11T00:00:00+00:00 [queued]>
[2023-05-12T02:26:42.574+0000] {taskinstance.py:1331} INFO - Starting attempt 1 of 6
[2023-05-12T02:26:42.589+0000] {taskinstance.py:1350} INFO - Executing <Task(PythonOperator): data_processing> on 2023-05-11 00:00:00+00:00
[2023-05-12T02:26:42.592+0000] {standard_task_runner.py:57} INFO - Started process 95 to run task
[2023-05-12T02:26:42.596+0000] {standard_task_runner.py:84} INFO - Running: ['***', 'tasks', 'run', 'Data_Pipline_V1', 'data_processing', 'scheduled__2023-05-11T00:00:00+00:00', '--job-id', '4', '--raw', '--subdir', 'DAGS_FOLDER/Trial_1.py', '--cfg-path', '/tmp/tmpm7vgu6vq']
[2023-05-12T02:26:42.597+0000] {standard_task_runner.py:85} INFO - Job 4: Subtask data_processing
[2023-05-12T02:26:42.643+0000] {task_command.py:410} INFO - Running <TaskInstance: Data_Pipline_V1.data_processing scheduled__2023-05-11T00:00:00+00:00 [running]> on host 97c2f3bd64ee
[2023-05-12T02:26:42.707+0000] {taskinstance.py:1570} INFO - Exporting env vars: AIRFLOW_CTX_DAG_OWNER='***' AIRFLOW_CTX_DAG_ID='Data_Pipline_V1' AIRFLOW_CTX_TASK_ID='data_processing' AIRFLOW_CTX_EXECUTION_DATE='2023-05-11T00:00:00+00:00' AIRFLOW_CTX_TRY_NUMBER='1' AIRFLOW_CTX_DAG_RUN_ID='scheduled__2023-05-11T00:00:00+00:00'
[2023-05-12T02:26:43.455+0000] {logging_mixin.py:149} INFO - raw
[2023-05-12T02:31:19.208+0000] {logging_mixin.py:149} WARNING - OverflowError: value too large to convert to int
[2023-05-12T02:31:19.279+0000] {logging_mixin.py:149} WARNING - Exception ignored in: 'fastparquet.cencoding.write_thrift'
[2023-05-12T02:31:19.280+0000] {logging_mixin.py:149} WARNING - OverflowError: value too large to convert to int
[2023-05-12T02:31:19.296+0000] {logging_mixin.py:149} INFO - Raw data processing done!
[2023-05-12T02:31:34.143+0000] {python.py:183} INFO - Done. Returned value was: 0
[2023-05-12T02:31:34.697+0000] {taskinstance.py:1373} INFO - Marking task as SUCCESS. dag_id=Data_Pipline_V1, task_id=data_processing, execution_date=20230511T000000, start_date=20230512T022642, end_date=20230512T023134
[2023-05-12T02:31:35.025+0000] {local_task_job_runner.py:232} INFO - Task exited with return code 0
[2023-05-12T02:31:35.306+0000] {taskinstance.py:2674} INFO - 0 downstream tasks scheduled from follow-on schedule check
[2023-05-12T02:55:22.746+0000] {taskinstance.py:1125} INFO - Dependencies all met for dep_context=non-requeueable deps ti=<TaskInstance: Data_Pipline_V1.data_processing scheduled__2023-05-11T00:00:00+00:00 [queued]>
[2023-05-12T02:55:22.754+0000] {taskinstance.py:1125} INFO - Dependencies all met for dep_context=requeueable deps ti=<TaskInstance: Data_Pipline_V1.data_processing scheduled__2023-05-11T00:00:00+00:00 [queued]>
[2023-05-12T02:55:22.754+0000] {taskinstance.py:1331} INFO - Starting attempt 1 of 6
[2023-05-12T02:55:22.768+0000] {taskinstance.py:1350} INFO - Executing <Task(PythonOperator): data_processing> on 2023-05-11 00:00:00+00:00
[2023-05-12T02:55:22.772+0000] {standard_task_runner.py:57} INFO - Started process 217 to run task
[2023-05-12T02:55:22.775+0000] {standard_task_runner.py:84} INFO - Running: ['***', 'tasks', 'run', 'Data_Pipline_V1', 'data_processing', 'scheduled__2023-05-11T00:00:00+00:00', '--job-id', '15', '--raw', '--subdir', 'DAGS_FOLDER/Trial_1.py', '--cfg-path', '/tmp/tmpc2w9afiv']
[2023-05-12T02:55:22.776+0000] {standard_task_runner.py:85} INFO - Job 15: Subtask data_processing
[2023-05-12T02:55:22.825+0000] {task_command.py:410} INFO - Running <TaskInstance: Data_Pipline_V1.data_processing scheduled__2023-05-11T00:00:00+00:00 [running]> on host ab6e2f77b8cb
[2023-05-12T02:55:22.900+0000] {taskinstance.py:1570} INFO - Exporting env vars: AIRFLOW_CTX_DAG_OWNER='***' AIRFLOW_CTX_DAG_ID='Data_Pipline_V1' AIRFLOW_CTX_TASK_ID='data_processing' AIRFLOW_CTX_EXECUTION_DATE='2023-05-11T00:00:00+00:00' AIRFLOW_CTX_TRY_NUMBER='1' AIRFLOW_CTX_DAG_RUN_ID='scheduled__2023-05-11T00:00:00+00:00'
[2023-05-12T02:55:23.264+0000] {logging_mixin.py:149} INFO - raw
[2023-05-12T02:57:02.303+0000] {logging_mixin.py:149} INFO - Raw data processing done!
[2023-05-12T02:57:23.884+0000] {python.py:183} INFO - Done. Returned value was: 0
[2023-05-12T02:57:24.406+0000] {taskinstance.py:1373} INFO - Marking task as SUCCESS. dag_id=Data_Pipline_V1, task_id=data_processing, execution_date=20230511T000000, start_date=20230512T025522, end_date=20230512T025724
[2023-05-12T02:57:24.671+0000] {local_task_job_runner.py:232} INFO - Task exited with return code 0
[2023-05-12T02:57:24.963+0000] {taskinstance.py:2674} INFO - 1 downstream tasks scheduled from follow-on schedule check
